# JRE version: Java(TM) SE Runtime Environment (8.0_45-b14) (build 1.8.0_45-b14)
# Java VM: Java HotSpot(TM) 64-Bit Server VM (25.45-b02 mixed mode bsd-amd64 compressed oops)
Heap:
 PSYoungGen      total 15872K, used 15591K [0x000000076ab00000, 0x000000076bb80000, 0x00000007c0000000)
  eden space 15360K, 99% used [0x000000076ab00000,0x000000076b9f9de0,0x000000076ba00000)
  from space 512K, 50% used [0x000000076bb00000,0x000000076bb40000,0x000000076bb80000)
  to   space 512K, 96% used [0x000000076ba80000,0x000000076bafb000,0x000000076bb00000)
 ParOldGen       total 267776K, used 207436K [0x00000006c0000000, 0x00000006d0580000, 0x000000076ab00000)
  object space 267776K, 77% used [0x00000006c0000000,0x00000006cca93198,0x00000006d0580000)
 Metaspace       used 27913K, capacity 28275K, committed 28720K, reserved 1075200K
  class space    used 3166K, capacity 3270K, committed 3376K, reserved 1048576K
GC Heap History (10 events):
Event: 14090.299 GC heap after
Heap after GC invocations=4341 (full 3):
 PSYoungGen      total 15872K, used 256K [0x000000076ab00000, 0x000000076bb80000, 0x00000007c0000000)
  eden space 15360K, 0% used [0x000000076ab00000,0x000000076ab00000,0x000000076ba00000)
  from space 512K, 50% used [0x000000076bb00000,0x000000076bb40000,0x000000076bb80000)
  to   space 512K, 0% used [0x000000076ba80000,0x000000076ba80000,0x000000076bb00000)
 ParOldGen       total 267776K, used 204481K [0x00000006c0000000, 0x00000006d0580000, 0x000000076ab00000)
  object space 267776K, 76% used [0x00000006c0000000,0x00000006cc7b0598,0x00000006d0580000)
 Metaspace       used 27909K, capacity 28275K, committed 28720K, reserved 1075200K
  class space    used 3166K, capacity 3270K, committed 3376K, reserved 1048576K
}
Event: 14097.055 GC heap before
{Heap before GC invocations=4342 (full 3):
 PSYoungGen      total 15872K, used 15616K [0x000000076ab00000, 0x000000076bb80000, 0x00000007c0000000)
  eden space 15360K, 100% used [0x000000076ab00000,0x000000076ba00000,0x000000076ba00000)
  from space 512K, 50% used [0x000000076bb00000,0x000000076bb40000,0x000000076bb80000)
  to   space 512K, 0% used [0x000000076ba80000,0x000000076ba80000,0x000000076bb00000)
 ParOldGen       total 267776K, used 204481K [0x00000006c0000000, 0x00000006d0580000, 0x000000076ab00000)
  object space 267776K, 76% used [0x00000006c0000000,0x00000006cc7b0598,0x00000006d0580000)
 Metaspace       used 27909K, capacity 28275K, committed 28720K, reserved 1075200K
  class space    used 3166K, capacity 3270K, committed 3376K, reserved 1048576K
Event: 14097.056 GC heap after
Heap after GC invocations=4342 (full 3):
 PSYoungGen      total 15872K, used 256K [0x000000076ab00000, 0x000000076bb80000, 0x00000007c0000000)
  eden space 15360K, 0% used [0x000000076ab00000,0x000000076ab00000,0x000000076ba00000)
  from space 512K, 50% used [0x000000076ba80000,0x000000076bac0000,0x000000076bb00000)
  to   space 512K, 0% used [0x000000076bb00000,0x000000076bb00000,0x000000076bb80000)
 ParOldGen       total 267776K, used 204481K [0x00000006c0000000, 0x00000006d0580000, 0x000000076ab00000)
  object space 267776K, 76% used [0x00000006c0000000,0x00000006cc7b0598,0x00000006d0580000)
 Metaspace       used 27909K, capacity 28275K, committed 28720K, reserved 1075200K
  class space    used 3166K, capacity 3270K, committed 3376K, reserved 1048576K
}
Event: 14103.794 GC heap before
{Heap before GC invocations=4343 (full 3):
 PSYoungGen      total 15872K, used 15616K [0x000000076ab00000, 0x000000076bb80000, 0x00000007c0000000)
  eden space 15360K, 100% used [0x000000076ab00000,0x000000076ba00000,0x000000076ba00000)
  from space 512K, 50% used [0x000000076ba80000,0x000000076bac0000,0x000000076bb00000)
  to   space 512K, 0% used [0x000000076bb00000,0x000000076bb00000,0x000000076bb80000)
 ParOldGen       total 267776K, used 204481K [0x00000006c0000000, 0x00000006d0580000, 0x000000076ab00000)
  object space 267776K, 76% used [0x00000006c0000000,0x00000006cc7b0598,0x00000006d0580000)
 Metaspace       used 27909K, capacity 28275K, committed 28720K, reserved 1075200K
  class space    used 3166K, capacity 3270K, committed 3376K, reserved 1048576K
Event: 14103.795 GC heap after
Heap after GC invocations=4343 (full 3):
 PSYoungGen      total 15872K, used 288K [0x000000076ab00000, 0x000000076bb80000, 0x00000007c0000000)
  eden space 15360K, 0% used [0x000000076ab00000,0x000000076ab00000,0x000000076ba00000)
  from space 512K, 56% used [0x000000076bb00000,0x000000076bb48000,0x000000076bb80000)
  to   space 512K, 0% used [0x000000076ba80000,0x000000076ba80000,0x000000076bb00000)
 ParOldGen       total 267776K, used 204481K [0x00000006c0000000, 0x00000006d0580000, 0x000000076ab00000)
  object space 267776K, 76% used [0x00000006c0000000,0x00000006cc7b0598,0x00000006d0580000)
 Metaspace       used 27909K, capacity 28275K, committed 28720K, reserved 1075200K
  class space    used 3166K, capacity 3270K, committed 3376K, reserved 1048576K
}
Event: 14110.593 GC heap before
{Heap before GC invocations=4344 (full 3):
 PSYoungGen      total 15872K, used 15648K [0x000000076ab00000, 0x000000076bb80000, 0x00000007c0000000)
  eden space 15360K, 100% used [0x000000076ab00000,0x000000076ba00000,0x000000076ba00000)
  from space 512K, 56% used [0x000000076bb00000,0x000000076bb48000,0x000000076bb80000)
  to   space 512K, 0% used [0x000000076ba80000,0x000000076ba80000,0x000000076bb00000)
 ParOldGen       total 267776K, used 204481K [0x00000006c0000000, 0x00000006d0580000, 0x000000076ab00000)
  object space 267776K, 76% used [0x00000006c0000000,0x00000006cc7b0598,0x00000006d0580000)
 Metaspace       used 27909K, capacity 28275K, committed 28720K, reserved 1075200K
  class space    used 3166K, capacity 3270K, committed 3376K, reserved 1048576K
Event: 14110.594 GC heap after
Heap after GC invocations=4344 (full 3):
 PSYoungGen      total 15872K, used 256K [0x000000076ab00000, 0x000000076bb80000, 0x00000007c0000000)
  eden space 15360K, 0% used [0x000000076ab00000,0x000000076ab00000,0x000000076ba00000)
  from space 512K, 50% used [0x000000076ba80000,0x000000076bac0000,0x000000076bb00000)
  to   space 512K, 0% used [0x000000076bb00000,0x000000076bb00000,0x000000076bb80000)
 ParOldGen       total 267776K, used 204481K [0x00000006c0000000, 0x00000006d0580000, 0x000000076ab00000)
  object space 267776K, 76% used [0x00000006c0000000,0x00000006cc7b0598,0x00000006d0580000)
 Metaspace       used 27909K, capacity 28275K, committed 28720K, reserved 1075200K
  class space    used 3166K, capacity 3270K, committed 3376K, reserved 1048576K
}
Event: 14136.121 GC heap before
{Heap before GC invocations=4345 (full 3):
 PSYoungGen      total 15872K, used 15616K [0x000000076ab00000, 0x000000076bb80000, 0x00000007c0000000)
  eden space 15360K, 100% used [0x000000076ab00000,0x000000076ba00000,0x000000076ba00000)
  from space 512K, 50% used [0x000000076ba80000,0x000000076bac0000,0x000000076bb00000)
  to   space 512K, 0% used [0x000000076bb00000,0x000000076bb00000,0x000000076bb80000)
 ParOldGen       total 267776K, used 204481K [0x00000006c0000000, 0x00000006d0580000, 0x000000076ab00000)
  object space 267776K, 76% used [0x00000006c0000000,0x00000006cc7b0598,0x00000006d0580000)
 Metaspace       used 27909K, capacity 28275K, committed 28720K, reserved 1075200K
  class space    used 3166K, capacity 3270K, committed 3376K, reserved 1048576K
Event: 14136.122 GC heap after
Heap after GC invocations=4345 (full 3):
 PSYoungGen      total 15872K, used 256K [0x000000076ab00000, 0x000000076bb80000, 0x00000007c0000000)
  eden space 15360K, 0% used [0x000000076ab00000,0x000000076ab00000,0x000000076ba00000)
  from space 512K, 50% used [0x000000076bb00000,0x000000076bb40000,0x000000076bb80000)
  to   space 512K, 0% used [0x000000076ba80000,0x000000076ba80000,0x000000076bb00000)
 ParOldGen       total 267776K, used 204481K [0x00000006c0000000, 0x00000006d0580000, 0x000000076ab00000)
  object space 267776K, 76% used [0x00000006c0000000,0x00000006cc7b0598,0x00000006d0580000)
 Metaspace       used 27909K, capacity 28275K, committed 28720K, reserved 1075200K
  class space    used 3166K, capacity 3270K, committed 3376K, reserved 1048576K
}
Event: 14151.326 GC heap before
{Heap before GC invocations=4346 (full 3):
 PSYoungGen      total 15872K, used 15591K [0x000000076ab00000, 0x000000076bb80000, 0x00000007c0000000)
  eden space 15360K, 99% used [0x000000076ab00000,0x000000076b9f9de0,0x000000076ba00000)
  from space 512K, 50% used [0x000000076bb00000,0x000000076bb40000,0x000000076bb80000)
  to   space 512K, 0% used [0x000000076ba80000,0x000000076ba80000,0x000000076bb00000)
 ParOldGen       total 267776K, used 204481K [0x00000006c0000000, 0x00000006d0580000, 0x000000076ab00000)
  object space 267776K, 76% used [0x00000006c0000000,0x00000006cc7b0598,0x00000006d0580000)
 Metaspace       used 27913K, capacity 28275K, committed 28720K, reserved 1075200K
  class space    used 3166K, capacity 3270K, committed 3376K, reserved 1048576K

