# JRE version: Java(TM) SE Runtime Environment (8.0_161-b12) (build 1.8.0_161-b12)
# Java VM: Java HotSpot(TM) 64-Bit Server VM (25.161-b12 mixed mode bsd-amd64 compressed oops)
Heap:
 PSYoungGen      total 168448K, used 160346K [0x000000076ab00000, 0x0000000775680000, 0x00000007c0000000)
  eden space 161792K, 97% used [0x000000076ab00000,0x000000077458f108,0x0000000774900000)
  from space 6656K, 31% used [0x0000000774900000,0x0000000774b07960,0x0000000774f80000)
  to   space 6656K, 0% used [0x0000000775000000,0x0000000775000000,0x0000000775680000)
 ParOldGen       total 329216K, used 96667K [0x00000006c0000000, 0x00000006d4180000, 0x000000076ab00000)
  object space 329216K, 29% used [0x00000006c0000000,0x00000006c5e66ec8,0x00000006d4180000)
 Metaspace       used 27440K, capacity 27805K, committed 28080K, reserved 1075200K
  class space    used 3152K, capacity 3240K, committed 3248K, reserved 1048576K
GC Heap History (10 events):
Event: 1180.333 GC heap before
{Heap before GC invocations=89 (full 2):
 PSYoungGen      total 168448K, used 162660K [0x000000076ab00000, 0x0000000775900000, 0x00000007c0000000)
  eden space 160768K, 100% used [0x000000076ab00000,0x0000000774800000,0x0000000774800000)
  from space 7680K, 24% used [0x0000000775180000,0x0000000775359140,0x0000000775900000)
  to   space 8704K, 0% used [0x0000000774800000,0x0000000774800000,0x0000000775080000)
 ParOldGen       total 329216K, used 96449K [0x00000006c0000000, 0x00000006d4180000, 0x000000076ab00000)
  object space 329216K, 29% used [0x00000006c0000000,0x00000006c5e306a8,0x00000006d4180000)
 Metaspace       used 27438K, capacity 27805K, committed 28080K, reserved 1075200K
  class space    used 3152K, capacity 3240K, committed 3248K, reserved 1048576K
Event: 1180.335 GC heap after
Heap after GC invocations=89 (full 2):
 PSYoungGen      total 169472K, used 2078K [0x000000076ab00000, 0x0000000775880000, 0x00000007c0000000)
  eden space 160768K, 0% used [0x000000076ab00000,0x000000076ab00000,0x0000000774800000)
  from space 8704K, 23% used [0x0000000774800000,0x0000000774a07960,0x0000000775080000)
  to   space 8192K, 0% used [0x0000000775080000,0x0000000775080000,0x0000000775880000)
 ParOldGen       total 329216K, used 96449K [0x00000006c0000000, 0x00000006d4180000, 0x000000076ab00000)
  object space 329216K, 29% used [0x00000006c0000000,0x00000006c5e306a8,0x00000006d4180000)
 Metaspace       used 27438K, capacity 27805K, committed 28080K, reserved 1075200K
  class space    used 3152K, capacity 3240K, committed 3248K, reserved 1048576K
}
Event: 1200.221 GC heap before
{Heap before GC invocations=90 (full 2):
 PSYoungGen      total 169472K, used 162846K [0x000000076ab00000, 0x0000000775880000, 0x00000007c0000000)
  eden space 160768K, 100% used [0x000000076ab00000,0x0000000774800000,0x0000000774800000)
  from space 8704K, 23% used [0x0000000774800000,0x0000000774a07960,0x0000000775080000)
  to   space 8192K, 0% used [0x0000000775080000,0x0000000775080000,0x0000000775880000)
 ParOldGen       total 329216K, used 96449K [0x00000006c0000000, 0x00000006d4180000, 0x000000076ab00000)
  object space 329216K, 29% used [0x00000006c0000000,0x00000006c5e306a8,0x00000006d4180000)
 Metaspace       used 27439K, capacity 27805K, committed 28080K, reserved 1075200K
  class space    used 3152K, capacity 3240K, committed 3248K, reserved 1048576K
Event: 1200.223 GC heap after
Heap after GC invocations=90 (full 2):
 PSYoungGen      total 168448K, used 2078K [0x000000076ab00000, 0x0000000775780000, 0x00000007c0000000)
  eden space 161280K, 0% used [0x000000076ab00000,0x000000076ab00000,0x0000000774880000)
  from space 7168K, 28% used [0x0000000775080000,0x0000000775287960,0x0000000775780000)
  to   space 7680K, 0% used [0x0000000774880000,0x0000000774880000,0x0000000775000000)
 ParOldGen       total 329216K, used 96667K [0x00000006c0000000, 0x00000006d4180000, 0x000000076ab00000)
  object space 329216K, 29% used [0x00000006c0000000,0x00000006c5e66ec8,0x00000006d4180000)
 Metaspace       used 27439K, capacity 27805K, committed 28080K, reserved 1075200K
  class space    used 3152K, capacity 3240K, committed 3248K, reserved 1048576K
}
Event: 1220.260 GC heap before
{Heap before GC invocations=91 (full 2):
 PSYoungGen      total 168448K, used 163358K [0x000000076ab00000, 0x0000000775780000, 0x00000007c0000000)
  eden space 161280K, 100% used [0x000000076ab00000,0x0000000774880000,0x0000000774880000)
  from space 7168K, 28% used [0x0000000775080000,0x0000000775287960,0x0000000775780000)
  to   space 7680K, 0% used [0x0000000774880000,0x0000000774880000,0x0000000775000000)
 ParOldGen       total 329216K, used 96667K [0x00000006c0000000, 0x00000006d4180000, 0x000000076ab00000)
  object space 329216K, 29% used [0x00000006c0000000,0x00000006c5e66ec8,0x00000006d4180000)
 Metaspace       used 27439K, capacity 27805K, committed 28080K, reserved 1075200K
  class space    used 3152K, capacity 3240K, committed 3248K, reserved 1048576K
Event: 1220.261 GC heap after
Heap after GC invocations=91 (full 2):
 PSYoungGen      total 168960K, used 2046K [0x000000076ab00000, 0x0000000775700000, 0x00000007c0000000)
  eden space 161280K, 0% used [0x000000076ab00000,0x000000076ab00000,0x0000000774880000)
  from space 7680K, 26% used [0x0000000774880000,0x0000000774a7f960,0x0000000775000000)
  to   space 7168K, 0% used [0x0000000775000000,0x0000000775000000,0x0000000775700000)
 ParOldGen       total 329216K, used 96667K [0x00000006c0000000, 0x00000006d4180000, 0x000000076ab00000)
  object space 329216K, 29% used [0x00000006c0000000,0x00000006c5e66ec8,0x00000006d4180000)
 Metaspace       used 27439K, capacity 27805K, committed 28080K, reserved 1075200K
  class space    used 3152K, capacity 3240K, committed 3248K, reserved 1048576K
}
Event: 1240.181 GC heap before
{Heap before GC invocations=92 (full 2):
 PSYoungGen      total 168960K, used 163326K [0x000000076ab00000, 0x0000000775700000, 0x00000007c0000000)
  eden space 161280K, 100% used [0x000000076ab00000,0x0000000774880000,0x0000000774880000)
  from space 7680K, 26% used [0x0000000774880000,0x0000000774a7f960,0x0000000775000000)
  to   space 7168K, 0% used [0x0000000775000000,0x0000000775000000,0x0000000775700000)
 ParOldGen       total 329216K, used 96667K [0x00000006c0000000, 0x00000006d4180000, 0x000000076ab00000)
  object space 329216K, 29% used [0x00000006c0000000,0x00000006c5e66ec8,0x00000006d4180000)
 Metaspace       used 27439K, capacity 27805K, committed 28080K, reserved 1075200K
  class space    used 3152K, capacity 3240K, committed 3248K, reserved 1048576K
Event: 1240.183 GC heap after
Heap after GC invocations=92 (full 2):
 PSYoungGen      total 167936K, used 2078K [0x000000076ab00000, 0x0000000775600000, 0x00000007c0000000)
  eden space 161792K, 0% used [0x000000076ab00000,0x000000076ab00000,0x0000000774900000)
  from space 6144K, 33% used [0x0000000775000000,0x0000000775207960,0x0000000775600000)
  to   space 6656K, 0% used [0x0000000774900000,0x0000000774900000,0x0000000774f80000)
 ParOldGen       total 329216K, used 96667K [0x00000006c0000000, 0x00000006d4180000, 0x000000076ab00000)
  object space 329216K, 29% used [0x00000006c0000000,0x00000006c5e66ec8,0x00000006d4180000)
 Metaspace       used 27439K, capacity 27805K, committed 28080K, reserved 1075200K
  class space    used 3152K, capacity 3240K, committed 3248K, reserved 1048576K
}
Event: 1260.237 GC heap before
{Heap before GC invocations=93 (full 2):
 PSYoungGen      total 167936K, used 163870K [0x000000076ab00000, 0x0000000775600000, 0x00000007c0000000)
  eden space 161792K, 100% used [0x000000076ab00000,0x0000000774900000,0x0000000774900000)
  from space 6144K, 33% used [0x0000000775000000,0x0000000775207960,0x0000000775600000)
  to   space 6656K, 0% used [0x0000000774900000,0x0000000774900000,0x0000000774f80000)
 ParOldGen       total 329216K, used 96667K [0x00000006c0000000, 0x00000006d4180000, 0x000000076ab00000)
  object space 329216K, 29% used [0x00000006c0000000,0x00000006c5e66ec8,0x00000006d4180000)
 Metaspace       used 27440K, capacity 27805K, committed 28080K, reserved 1075200K
  class space    used 3152K, capacity 3240K, committed 3248K, reserved 1048576K
Event: 1260.239 GC heap after
Heap after GC invocations=93 (full 2):
 PSYoungGen      total 168448K, used 2078K [0x000000076ab00000, 0x0000000775680000, 0x00000007c0000000)
  eden space 161792K, 0% used [0x000000076ab00000,0x000000076ab00000,0x0000000774900000)
  from space 6656K, 31% used [0x0000000774900000,0x0000000774b07960,0x0000000774f80000)
  to   space 6656K, 0% used [0x0000000775000000,0x0000000775000000,0x0000000775680000)
 ParOldGen       total 329216K, used 96667K [0x00000006c0000000, 0x00000006d4180000, 0x000000076ab00000)
  object space 329216K, 29% used [0x00000006c0000000,0x00000006c5e66ec8,0x00000006d4180000)
 Metaspace       used 27440K, capacity 27805K, committed 28080K, reserved 1075200K
  class space    used 3152K, capacity 3240K, committed 3248K, reserved 1048576K
}

