# JRE version: Java(TM) SE Runtime Environment (8.0_161-b12) (build 1.8.0_161-b12)
# Java VM: Java HotSpot(TM) 64-Bit Server VM (25.161-b12 mixed mode bsd-amd64 compressed oops)
Heap:
 PSYoungGen      total 31744K, used 31627K [0x000000076ab00000, 0x000000076cc80000, 0x00000007c0000000)
  eden space 30720K, 99% used [0x000000076ab00000,0x000000076c8ffd90,0x000000076c900000)
  from space 1024K, 88% used [0x000000076ca80000,0x000000076cb63140,0x000000076cb80000)
  to   space 1536K, 13% used [0x000000076c900000,0x000000076c933140,0x000000076ca80000)
 ParOldGen       total 1330176K, used 1296427K [0x00000006c0000000, 0x0000000711300000, 0x000000076ab00000)
  object space 1330176K, 97% used [0x00000006c0000000,0x000000070f20ae40,0x0000000711300000)
 Metaspace       used 29099K, capacity 29605K, committed 29872K, reserved 1075200K
  class space    used 3275K, capacity 3416K, committed 3504K, reserved 1048576K
GC Heap History (10 events):
Event: 31795.492 GC heap after
Heap after GC invocations=38598 (full 31):
 PSYoungGen      total 32768K, used 726K [0x000000076ab00000, 0x000000076cc80000, 0x00000007c0000000)
  eden space 31232K, 0% used [0x000000076ab00000,0x000000076ab00000,0x000000076c980000)
  from space 1536K, 47% used [0x000000076cb00000,0x000000076cbb58a0,0x000000076cc80000)
  to   space 1536K, 0% used [0x000000076c980000,0x000000076c980000,0x000000076cb00000)
 ParOldGen       total 1330176K, used 1296387K [0x00000006c0000000, 0x0000000711300000, 0x000000076ab00000)
  object space 1330176K, 97% used [0x00000006c0000000,0x000000070f200e40,0x0000000711300000)
 Metaspace       used 29099K, capacity 29605K, committed 29872K, reserved 1075200K
  class space    used 3275K, capacity 3416K, committed 3504K, reserved 1048576K
}
Event: 31796.139 GC heap before
{Heap before GC invocations=38599 (full 31):
 PSYoungGen      total 32768K, used 31958K [0x000000076ab00000, 0x000000076cc80000, 0x00000007c0000000)
  eden space 31232K, 100% used [0x000000076ab00000,0x000000076c980000,0x000000076c980000)
  from space 1536K, 47% used [0x000000076cb00000,0x000000076cbb58a0,0x000000076cc80000)
  to   space 1536K, 0% used [0x000000076c980000,0x000000076c980000,0x000000076cb00000)
 ParOldGen       total 1330176K, used 1296387K [0x00000006c0000000, 0x0000000711300000, 0x000000076ab00000)
  object space 1330176K, 97% used [0x00000006c0000000,0x000000070f200e40,0x0000000711300000)
 Metaspace       used 29099K, capacity 29605K, committed 29872K, reserved 1075200K
  class space    used 3275K, capacity 3416K, committed 3504K, reserved 1048576K
Event: 31796.145 GC heap after
Heap after GC invocations=38599 (full 31):
 PSYoungGen      total 32768K, used 812K [0x000000076ab00000, 0x000000076cc80000, 0x00000007c0000000)
  eden space 31232K, 0% used [0x000000076ab00000,0x000000076ab00000,0x000000076c980000)
  from space 1536K, 52% used [0x000000076c980000,0x000000076ca4b140,0x000000076cb00000)
  to   space 1536K, 0% used [0x000000076cb00000,0x000000076cb00000,0x000000076cc80000)
 ParOldGen       total 1330176K, used 1296395K [0x00000006c0000000, 0x0000000711300000, 0x000000076ab00000)
  object space 1330176K, 97% used [0x00000006c0000000,0x000000070f202e40,0x0000000711300000)
 Metaspace       used 29099K, capacity 29605K, committed 29872K, reserved 1075200K
  class space    used 3275K, capacity 3416K, committed 3504K, reserved 1048576K
}
Event: 31796.823 GC heap before
{Heap before GC invocations=38600 (full 31):
 PSYoungGen      total 32768K, used 32044K [0x000000076ab00000, 0x000000076cc80000, 0x00000007c0000000)
  eden space 31232K, 100% used [0x000000076ab00000,0x000000076c980000,0x000000076c980000)
  from space 1536K, 52% used [0x000000076c980000,0x000000076ca4b140,0x000000076cb00000)
  to   space 1536K, 0% used [0x000000076cb00000,0x000000076cb00000,0x000000076cc80000)
 ParOldGen       total 1330176K, used 1296395K [0x00000006c0000000, 0x0000000711300000, 0x000000076ab00000)
  object space 1330176K, 97% used [0x00000006c0000000,0x000000070f202e40,0x0000000711300000)
 Metaspace       used 29099K, capacity 29605K, committed 29872K, reserved 1075200K
  class space    used 3275K, capacity 3416K, committed 3504K, reserved 1048576K
Event: 31796.828 GC heap after
Heap after GC invocations=38600 (full 31):
 PSYoungGen      total 32768K, used 812K [0x000000076ab00000, 0x000000076cc80000, 0x00000007c0000000)
  eden space 31232K, 0% used [0x000000076ab00000,0x000000076ab00000,0x000000076c980000)
  from space 1536K, 52% used [0x000000076cb00000,0x000000076cbcb140,0x000000076cc80000)
  to   space 1536K, 0% used [0x000000076c980000,0x000000076c980000,0x000000076cb00000)
 ParOldGen       total 1330176K, used 1296403K [0x00000006c0000000, 0x0000000711300000, 0x000000076ab00000)
  object space 1330176K, 97% used [0x00000006c0000000,0x000000070f204e40,0x0000000711300000)
 Metaspace       used 29099K, capacity 29605K, committed 29872K, reserved 1075200K
  class space    used 3275K, capacity 3416K, committed 3504K, reserved 1048576K
}
Event: 31797.420 GC heap before
{Heap before GC invocations=38601 (full 31):
 PSYoungGen      total 32768K, used 32044K [0x000000076ab00000, 0x000000076cc80000, 0x00000007c0000000)
  eden space 31232K, 100% used [0x000000076ab00000,0x000000076c980000,0x000000076c980000)
  from space 1536K, 52% used [0x000000076cb00000,0x000000076cbcb140,0x000000076cc80000)
  to   space 1536K, 0% used [0x000000076c980000,0x000000076c980000,0x000000076cb00000)
 ParOldGen       total 1330176K, used 1296403K [0x00000006c0000000, 0x0000000711300000, 0x000000076ab00000)
  object space 1330176K, 97% used [0x00000006c0000000,0x000000070f204e40,0x0000000711300000)
 Metaspace       used 29099K, capacity 29605K, committed 29872K, reserved 1075200K
  class space    used 3275K, capacity 3416K, committed 3504K, reserved 1048576K
Event: 31797.424 GC heap after
Heap after GC invocations=38601 (full 31):
 PSYoungGen      total 32256K, used 748K [0x000000076ab00000, 0x000000076cb80000, 0x00000007c0000000)
  eden space 31232K, 0% used [0x000000076ab00000,0x000000076ab00000,0x000000076c980000)
  from space 1024K, 73% used [0x000000076c980000,0x000000076ca3b140,0x000000076ca80000)
  to   space 1024K, 0% used [0x000000076ca80000,0x000000076ca80000,0x000000076cb80000)
 ParOldGen       total 1330176K, used 1296411K [0x00000006c0000000, 0x0000000711300000, 0x000000076ab00000)
  object space 1330176K, 97% used [0x00000006c0000000,0x000000070f206e40,0x0000000711300000)
 Metaspace       used 29099K, capacity 29605K, committed 29872K, reserved 1075200K
  class space    used 3275K, capacity 3416K, committed 3504K, reserved 1048576K
}
Event: 31798.184 GC heap before
{Heap before GC invocations=38602 (full 31):
 PSYoungGen      total 32256K, used 31980K [0x000000076ab00000, 0x000000076cb80000, 0x00000007c0000000)
  eden space 31232K, 100% used [0x000000076ab00000,0x000000076c980000,0x000000076c980000)
  from space 1024K, 73% used [0x000000076c980000,0x000000076ca3b140,0x000000076ca80000)
  to   space 1024K, 0% used [0x000000076ca80000,0x000000076ca80000,0x000000076cb80000)
 ParOldGen       total 1330176K, used 1296411K [0x00000006c0000000, 0x0000000711300000, 0x000000076ab00000)
  object space 1330176K, 97% used [0x00000006c0000000,0x000000070f206e40,0x0000000711300000)
 Metaspace       used 29099K, capacity 29605K, committed 29872K, reserved 1075200K
  class space    used 3275K, capacity 3416K, committed 3504K, reserved 1048576K
Event: 31798.189 GC heap after
Heap after GC invocations=38602 (full 31):
 PSYoungGen      total 31744K, used 908K [0x000000076ab00000, 0x000000076cc80000, 0x00000007c0000000)
  eden space 30720K, 0% used [0x000000076ab00000,0x000000076ab00000,0x000000076c900000)
  from space 1024K, 88% used [0x000000076ca80000,0x000000076cb63140,0x000000076cb80000)
  to   space 1536K, 0% used [0x000000076c900000,0x000000076c900000,0x000000076ca80000)
 ParOldGen       total 1330176K, used 1296419K [0x00000006c0000000, 0x0000000711300000, 0x000000076ab00000)
  object space 1330176K, 97% used [0x00000006c0000000,0x000000070f208e40,0x0000000711300000)
 Metaspace       used 29099K, capacity 29605K, committed 29872K, reserved 1075200K
  class space    used 3275K, capacity 3416K, committed 3504K, reserved 1048576K
}
Event: 31799.540 GC heap before
{Heap before GC invocations=38603 (full 31):
 PSYoungGen      total 31744K, used 31627K [0x000000076ab00000, 0x000000076cc80000, 0x00000007c0000000)
  eden space 30720K, 99% used [0x000000076ab00000,0x000000076c8ffd90,0x000000076c900000)
  from space 1024K, 88% used [0x000000076ca80000,0x000000076cb63140,0x000000076cb80000)
  to   space 1536K, 0% used [0x000000076c900000,0x000000076c900000,0x000000076ca80000)
 ParOldGen       total 1330176K, used 1296419K [0x00000006c0000000, 0x0000000711300000, 0x000000076ab00000)
  object space 1330176K, 97% used [0x00000006c0000000,0x000000070f208e40,0x0000000711300000)
 Metaspace       used 29099K, capacity 29605K, committed 29872K, reserved 1075200K
  class space    used 3275K, capacity 3416K, committed 3504K, reserved 1048576K

