# JRE version: Java(TM) SE Runtime Environment (8.0_152-b16) (build 1.8.0_152-b16)
# Java VM: Java HotSpot(TM) 64-Bit Server VM (25.152-b16 mixed mode bsd-amd64 compressed oops)
Heap:
 PSYoungGen      total 1061888K, used 994832K [0x000000076ab00000, 0x00000007af300000, 0x00000007c0000000)
  eden space 1013760K, 95% used [0x000000076ab00000,0x00000007a5a51900,0x00000007a8900000)
  from space 48128K, 59% used [0x00000007a8900000,0x00000007aa532820,0x00000007ab800000)
  to   space 47104K, 0% used [0x00000007ac500000,0x00000007ac500000,0x00000007af300000)
 ParOldGen       total 1267200K, used 789537K [0x00000006c0000000, 0x000000070d580000, 0x000000076ab00000)
  object space 1267200K, 62% used [0x00000006c0000000,0x00000006f03087b8,0x000000070d580000)
 Metaspace       used 27829K, capacity 28331K, committed 28464K, reserved 1075200K
  class space    used 3150K, capacity 3265K, committed 3376K, reserved 1048576K
GC Heap History (10 events):
Event: 102.933 GC heap before
{Heap before GC invocations=111 (full 6):
 PSYoungGen      total 1019392K, used 1000856K [0x000000076ab00000, 0x00000007ac100000, 0x00000007c0000000)
  eden space 970752K, 99% used [0x000000076ab00000,0x00000007a5e417d8,0x00000007a5f00000)
  from space 48640K, 63% used [0x00000007a9180000,0x00000007aafa4ad0,0x00000007ac100000)
  to   space 50176K, 0% used [0x00000007a5f00000,0x00000007a5f00000,0x00000007a9000000)
 ParOldGen       total 1267200K, used 789501K [0x00000006c0000000, 0x000000070d580000, 0x000000076ab00000)
  object space 1267200K, 62% used [0x00000006c0000000,0x00000006f02ff4a8,0x000000070d580000)
 Metaspace       used 27759K, capacity 28267K, committed 28464K, reserved 1075200K
  class space    used 3148K, capacity 3265K, committed 3376K, reserved 1048576K
Event: 102.940 GC heap after
Heap after GC invocations=111 (full 6):
 PSYoungGen      total 1020928K, used 36918K [0x000000076ab00000, 0x00000007ada00000, 0x00000007c0000000)
  eden space 970752K, 0% used [0x000000076ab00000,0x000000076ab00000,0x00000007a5f00000)
  from space 50176K, 73% used [0x00000007a5f00000,0x00000007a830dbd8,0x00000007a9000000)
  to   space 50176K, 0% used [0x00000007aa900000,0x00000007aa900000,0x00000007ada00000)
 ParOldGen       total 1267200K, used 789501K [0x00000006c0000000, 0x000000070d580000, 0x000000076ab00000)
  object space 1267200K, 62% used [0x00000006c0000000,0x00000006f02ff4a8,0x000000070d580000)
 Metaspace       used 27759K, capacity 28267K, committed 28464K, reserved 1075200K
  class space    used 3148K, capacity 3265K, committed 3376K, reserved 1048576K
}
Event: 104.701 GC heap before
{Heap before GC invocations=112 (full 6):
 PSYoungGen      total 1020928K, used 1005953K [0x000000076ab00000, 0x00000007ada00000, 0x00000007c0000000)
  eden space 970752K, 99% used [0x000000076ab00000,0x00000007a5d52b58,0x00000007a5f00000)
  from space 50176K, 73% used [0x00000007a5f00000,0x00000007a830dbd8,0x00000007a9000000)
  to   space 50176K, 0% used [0x00000007aa900000,0x00000007aa900000,0x00000007ada00000)
 ParOldGen       total 1267200K, used 789501K [0x00000006c0000000, 0x000000070d580000, 0x000000076ab00000)
  object space 1267200K, 62% used [0x00000006c0000000,0x00000006f02ff4a8,0x000000070d580000)
 Metaspace       used 27761K, capacity 28267K, committed 28464K, reserved 1075200K
  class space    used 3148K, capacity 3265K, committed 3376K, reserved 1048576K
Event: 104.711 GC heap after
Heap after GC invocations=112 (full 6):
 PSYoungGen      total 1041408K, used 32073K [0x000000076ab00000, 0x00000007ad600000, 0x00000007c0000000)
  eden space 995328K, 0% used [0x000000076ab00000,0x000000076ab00000,0x00000007a7700000)
  from space 46080K, 69% used [0x00000007aa900000,0x00000007ac852660,0x00000007ad600000)
  to   space 48640K, 0% used [0x00000007a7700000,0x00000007a7700000,0x00000007aa680000)
 ParOldGen       total 1267200K, used 789517K [0x00000006c0000000, 0x000000070d580000, 0x000000076ab00000)
  object space 1267200K, 62% used [0x00000006c0000000,0x00000006f03034a8,0x000000070d580000)
 Metaspace       used 27761K, capacity 28267K, committed 28464K, reserved 1075200K
  class space    used 3148K, capacity 3265K, committed 3376K, reserved 1048576K
}
Event: 106.201 GC heap before
{Heap before GC invocations=113 (full 6):
 PSYoungGen      total 1041408K, used 1027013K [0x000000076ab00000, 0x00000007ad600000, 0x00000007c0000000)
  eden space 995328K, 99% used [0x000000076ab00000,0x00000007a769ee98,0x00000007a7700000)
  from space 46080K, 69% used [0x00000007aa900000,0x00000007ac852660,0x00000007ad600000)
  to   space 48640K, 0% used [0x00000007a7700000,0x00000007a7700000,0x00000007aa680000)
 ParOldGen       total 1267200K, used 789517K [0x00000006c0000000, 0x000000070d580000, 0x000000076ab00000)
  object space 1267200K, 62% used [0x00000006c0000000,0x00000006f03034a8,0x000000070d580000)
 Metaspace       used 27762K, capacity 28267K, committed 28464K, reserved 1075200K
  class space    used 3148K, capacity 3265K, committed 3376K, reserved 1048576K
Event: 106.208 GC heap after
Heap after GC invocations=113 (full 6):
 PSYoungGen      total 1043968K, used 37576K [0x000000076ab00000, 0x00000007aed00000, 0x00000007c0000000)
  eden space 995328K, 0% used [0x000000076ab00000,0x000000076ab00000,0x00000007a7700000)
  from space 48640K, 77% used [0x00000007a7700000,0x00000007a9bb2358,0x00000007aa680000)
  to   space 48640K, 0% used [0x00000007abd80000,0x00000007abd80000,0x00000007aed00000)
 ParOldGen       total 1267200K, used 789525K [0x00000006c0000000, 0x000000070d580000, 0x000000076ab00000)
  object space 1267200K, 62% used [0x00000006c0000000,0x00000006f03054a8,0x000000070d580000)
 Metaspace       used 27762K, capacity 28267K, committed 28464K, reserved 1075200K
  class space    used 3148K, capacity 3265K, committed 3376K, reserved 1048576K
}
Event: 155.417 GC heap before
{Heap before GC invocations=114 (full 6):
 PSYoungGen      total 1043968K, used 1032904K [0x000000076ab00000, 0x00000007aed00000, 0x00000007c0000000)
  eden space 995328K, 100% used [0x000000076ab00000,0x00000007a7700000,0x00000007a7700000)
  from space 48640K, 77% used [0x00000007a7700000,0x00000007a9bb2358,0x00000007aa680000)
  to   space 48640K, 0% used [0x00000007abd80000,0x00000007abd80000,0x00000007aed00000)
 ParOldGen       total 1267200K, used 789525K [0x00000006c0000000, 0x000000070d580000, 0x000000076ab00000)
  object space 1267200K, 62% used [0x00000006c0000000,0x00000006f0305718,0x000000070d580000)
 Metaspace       used 27774K, capacity 28331K, committed 28464K, reserved 1075200K
  class space    used 3149K, capacity 3265K, committed 3376K, reserved 1048576K
Event: 155.425 GC heap after
Heap after GC invocations=114 (full 6):
 PSYoungGen      total 1056256K, used 27700K [0x000000076ab00000, 0x00000007ae700000, 0x00000007c0000000)
  eden space 1013760K, 0% used [0x000000076ab00000,0x000000076ab00000,0x00000007a8900000)
  from space 42496K, 65% used [0x00000007abd80000,0x00000007ad88d188,0x00000007ae700000)
  to   space 48128K, 0% used [0x00000007a8900000,0x00000007a8900000,0x00000007ab800000)
 ParOldGen       total 1267200K, used 789525K [0x00000006c0000000, 0x000000070d580000, 0x000000076ab00000)
  object space 1267200K, 62% used [0x00000006c0000000,0x00000006f0305718,0x000000070d580000)
 Metaspace       used 27774K, capacity 28331K, committed 28464K, reserved 1075200K
  class space    used 3149K, capacity 3265K, committed 3376K, reserved 1048576K
}
Event: 322.982 GC heap before
{Heap before GC invocations=115 (full 6):
 PSYoungGen      total 1056256K, used 1041460K [0x000000076ab00000, 0x00000007ae700000, 0x00000007c0000000)
  eden space 1013760K, 100% used [0x000000076ab00000,0x00000007a8900000,0x00000007a8900000)
  from space 42496K, 65% used [0x00000007abd80000,0x00000007ad88d188,0x00000007ae700000)
  to   space 48128K, 0% used [0x00000007a8900000,0x00000007a8900000,0x00000007ab800000)
 ParOldGen       total 1267200K, used 789529K [0x00000006c0000000, 0x000000070d580000, 0x000000076ab00000)
  object space 1267200K, 62% used [0x00000006c0000000,0x00000006f03067b8,0x000000070d580000)
 Metaspace       used 27778K, capacity 28331K, committed 28464K, reserved 1075200K
  class space    used 3149K, capacity 3265K, committed 3376K, reserved 1048576K
Event: 322.991 GC heap after
Heap after GC invocations=115 (full 6):
 PSYoungGen      total 1061888K, used 28874K [0x000000076ab00000, 0x00000007af300000, 0x00000007c0000000)
  eden space 1013760K, 0% used [0x000000076ab00000,0x000000076ab00000,0x00000007a8900000)
  from space 48128K, 59% used [0x00000007a8900000,0x00000007aa532820,0x00000007ab800000)
  to   space 47104K, 0% used [0x00000007ac500000,0x00000007ac500000,0x00000007af300000)
 ParOldGen       total 1267200K, used 789537K [0x00000006c0000000, 0x000000070d580000, 0x000000076ab00000)
  object space 1267200K, 62% used [0x00000006c0000000,0x00000006f03087b8,0x000000070d580000)
 Metaspace       used 27778K, capacity 28331K, committed 28464K, reserved 1075200K
  class space    used 3149K, capacity 3265K, committed 3376K, reserved 1048576K
}

