# JRE version: Java(TM) SE Runtime Environment (8.0_45-b14) (build 1.8.0_45-b14)
# Java VM: Java HotSpot(TM) 64-Bit Server VM (25.45-b02 mixed mode bsd-amd64 compressed oops)
Heap:
 PSYoungGen      total 502272K, used 277541K [0x000000076ab00000, 0x000000078a380000, 0x00000007c0000000)
  eden space 501760K, 55% used [0x000000076ab00000,0x000000077b9c95f8,0x0000000789500000)
  from space 512K, 50% used [0x000000078a300000,0x000000078a340000,0x000000078a380000)
  to   space 512K, 0% used [0x000000078a280000,0x000000078a280000,0x000000078a300000)
 ParOldGen       total 283648K, used 137853K [0x00000006c0000000, 0x00000006d1500000, 0x000000076ab00000)
  object space 283648K, 48% used [0x00000006c0000000,0x00000006c869f6a0,0x00000006d1500000)
 Metaspace       used 27647K, capacity 28061K, committed 28464K, reserved 1075200K
  class space    used 3197K, capacity 3299K, committed 3376K, reserved 1048576K
GC Heap History (10 events):
Event: 539.896 GC heap before
{Heap before GC invocations=1184 (full 2):
 PSYoungGen      total 217600K, used 217344K [0x000000076ab00000, 0x000000078a380000, 0x00000007c0000000)
  eden space 217088K, 100% used [0x000000076ab00000,0x0000000777f00000,0x0000000777f00000)
  from space 512K, 50% used [0x000000078a280000,0x000000078a2c0000,0x000000078a300000)
  to   space 512K, 0% used [0x000000078a300000,0x000000078a300000,0x000000078a380000)
 ParOldGen       total 283648K, used 137845K [0x00000006c0000000, 0x00000006d1500000, 0x000000076ab00000)
  object space 283648K, 48% used [0x00000006c0000000,0x00000006c869d6a0,0x00000006d1500000)
 Metaspace       used 27636K, capacity 28061K, committed 28464K, reserved 1075200K
  class space    used 3195K, capacity 3299K, committed 3376K, reserved 1048576K
Event: 539.898 GC heap after
Heap after GC invocations=1184 (full 2):
 PSYoungGen      total 256000K, used 256K [0x000000076ab00000, 0x000000078a380000, 0x00000007c0000000)
  eden space 255488K, 0% used [0x000000076ab00000,0x000000076ab00000,0x000000077a480000)
  from space 512K, 50% used [0x000000078a300000,0x000000078a340000,0x000000078a380000)
  to   space 512K, 0% used [0x000000078a280000,0x000000078a280000,0x000000078a300000)
 ParOldGen       total 283648K, used 137845K [0x00000006c0000000, 0x00000006d1500000, 0x000000076ab00000)
  object space 283648K, 48% used [0x00000006c0000000,0x00000006c869d6a0,0x00000006d1500000)
 Metaspace       used 27636K, capacity 28061K, committed 28464K, reserved 1075200K
  class space    used 3195K, capacity 3299K, committed 3376K, reserved 1048576K
}
Event: 539.900 GC heap before
{Heap before GC invocations=1185 (full 2):
 PSYoungGen      total 256000K, used 4362K [0x000000076ab00000, 0x000000078a380000, 0x00000007c0000000)
  eden space 255488K, 1% used [0x000000076ab00000,0x000000076af02a38,0x000000077a480000)
  from space 512K, 50% used [0x000000078a300000,0x000000078a340000,0x000000078a380000)
  to   space 512K, 0% used [0x000000078a280000,0x000000078a280000,0x000000078a300000)
 ParOldGen       total 283648K, used 137845K [0x00000006c0000000, 0x00000006d1500000, 0x000000076ab00000)
  object space 283648K, 48% used [0x00000006c0000000,0x00000006c869d6a0,0x00000006d1500000)
 Metaspace       used 27636K, capacity 28061K, committed 28464K, reserved 1075200K
  class space    used 3195K, capacity 3299K, committed 3376K, reserved 1048576K
Event: 539.902 GC heap after
Heap after GC invocations=1185 (full 2):
 PSYoungGen      total 304640K, used 224K [0x000000076ab00000, 0x000000078a380000, 0x00000007c0000000)
  eden space 304128K, 0% used [0x000000076ab00000,0x000000076ab00000,0x000000077d400000)
  from space 512K, 43% used [0x000000078a280000,0x000000078a2b8000,0x000000078a300000)
  to   space 512K, 0% used [0x000000078a300000,0x000000078a300000,0x000000078a380000)
 ParOldGen       total 283648K, used 137845K [0x00000006c0000000, 0x00000006d1500000, 0x000000076ab00000)
  object space 283648K, 48% used [0x00000006c0000000,0x00000006c869d6a0,0x00000006d1500000)
 Metaspace       used 27636K, capacity 28061K, committed 28464K, reserved 1075200K
  class space    used 3195K, capacity 3299K, committed 3376K, reserved 1048576K
}
Event: 541.441 GC heap before
{Heap before GC invocations=1186 (full 2):
 PSYoungGen      total 304640K, used 304352K [0x000000076ab00000, 0x000000078a380000, 0x00000007c0000000)
  eden space 304128K, 100% used [0x000000076ab00000,0x000000077d400000,0x000000077d400000)
  from space 512K, 43% used [0x000000078a280000,0x000000078a2b8000,0x000000078a300000)
  to   space 512K, 0% used [0x000000078a300000,0x000000078a300000,0x000000078a380000)
 ParOldGen       total 283648K, used 137845K [0x00000006c0000000, 0x00000006d1500000, 0x000000076ab00000)
  object space 283648K, 48% used [0x00000006c0000000,0x00000006c869d6a0,0x00000006d1500000)
 Metaspace       used 27636K, capacity 28061K, committed 28464K, reserved 1075200K
  class space    used 3195K, capacity 3299K, committed 3376K, reserved 1048576K
Event: 541.443 GC heap after
Heap after GC invocations=1186 (full 2):
 PSYoungGen      total 361472K, used 256K [0x000000076ab00000, 0x000000078a380000, 0x00000007c0000000)
  eden space 360960K, 0% used [0x000000076ab00000,0x000000076ab00000,0x0000000780b80000)
  from space 512K, 50% used [0x000000078a300000,0x000000078a340000,0x000000078a380000)
  to   space 512K, 0% used [0x000000078a280000,0x000000078a280000,0x000000078a300000)
 ParOldGen       total 283648K, used 137853K [0x00000006c0000000, 0x00000006d1500000, 0x000000076ab00000)
  object space 283648K, 48% used [0x00000006c0000000,0x00000006c869f6a0,0x00000006d1500000)
 Metaspace       used 27636K, capacity 28061K, committed 28464K, reserved 1075200K
  class space    used 3195K, capacity 3299K, committed 3376K, reserved 1048576K
}
Event: 543.245 GC heap before
{Heap before GC invocations=1187 (full 2):
 PSYoungGen      total 361472K, used 361216K [0x000000076ab00000, 0x000000078a380000, 0x00000007c0000000)
  eden space 360960K, 100% used [0x000000076ab00000,0x0000000780b80000,0x0000000780b80000)
  from space 512K, 50% used [0x000000078a300000,0x000000078a340000,0x000000078a380000)
  to   space 512K, 0% used [0x000000078a280000,0x000000078a280000,0x000000078a300000)
 ParOldGen       total 283648K, used 137853K [0x00000006c0000000, 0x00000006d1500000, 0x000000076ab00000)
  object space 283648K, 48% used [0x00000006c0000000,0x00000006c869f6a0,0x00000006d1500000)
 Metaspace       used 27636K, capacity 28061K, committed 28464K, reserved 1075200K
  class space    used 3195K, capacity 3299K, committed 3376K, reserved 1048576K
Event: 543.247 GC heap after
Heap after GC invocations=1187 (full 2):
 PSYoungGen      total 427008K, used 256K [0x000000076ab00000, 0x000000078a380000, 0x00000007c0000000)
  eden space 426496K, 0% used [0x000000076ab00000,0x000000076ab00000,0x0000000784b80000)
  from space 512K, 50% used [0x000000078a280000,0x000000078a2c0000,0x000000078a300000)
  to   space 512K, 0% used [0x000000078a300000,0x000000078a300000,0x000000078a380000)
 ParOldGen       total 283648K, used 137853K [0x00000006c0000000, 0x00000006d1500000, 0x000000076ab00000)
  object space 283648K, 48% used [0x00000006c0000000,0x00000006c869f6a0,0x00000006d1500000)
 Metaspace       used 27636K, capacity 28061K, committed 28464K, reserved 1075200K
  class space    used 3195K, capacity 3299K, committed 3376K, reserved 1048576K
}
Event: 545.427 GC heap before
{Heap before GC invocations=1188 (full 2):
 PSYoungGen      total 427008K, used 426752K [0x000000076ab00000, 0x000000078a380000, 0x00000007c0000000)
  eden space 426496K, 100% used [0x000000076ab00000,0x0000000784b80000,0x0000000784b80000)
  from space 512K, 50% used [0x000000078a280000,0x000000078a2c0000,0x000000078a300000)
  to   space 512K, 0% used [0x000000078a300000,0x000000078a300000,0x000000078a380000)
 ParOldGen       total 283648K, used 137853K [0x00000006c0000000, 0x00000006d1500000, 0x000000076ab00000)
  object space 283648K, 48% used [0x00000006c0000000,0x00000006c869f6a0,0x00000006d1500000)
 Metaspace       used 27636K, capacity 28061K, committed 28464K, reserved 1075200K
  class space    used 3195K, capacity 3299K, committed 3376K, reserved 1048576K
Event: 545.429 GC heap after
Heap after GC invocations=1188 (full 2):
 PSYoungGen      total 502272K, used 256K [0x000000076ab00000, 0x000000078a380000, 0x00000007c0000000)
  eden space 501760K, 0% used [0x000000076ab00000,0x000000076ab00000,0x0000000789500000)
  from space 512K, 50% used [0x000000078a300000,0x000000078a340000,0x000000078a380000)
  to   space 512K, 0% used [0x000000078a280000,0x000000078a280000,0x000000078a300000)
 ParOldGen       total 283648K, used 137853K [0x00000006c0000000, 0x00000006d1500000, 0x000000076ab00000)
  object space 283648K, 48% used [0x00000006c0000000,0x00000006c869f6a0,0x00000006d1500000)
 Metaspace       used 27636K, capacity 28061K, committed 28464K, reserved 1075200K
  class space    used 3195K, capacity 3299K, committed 3376K, reserved 1048576K
}

