# JRE version: Java(TM) SE Runtime Environment (8.0_152-b16) (build 1.8.0_152-b16)
# Java VM: Java HotSpot(TM) 64-Bit Server VM (25.152-b16 mixed mode bsd-amd64 compressed oops)
Heap:
 PSYoungGen      total 988160K, used 514731K [0x000000066ab00000, 0x00000006b0000000, 0x00000007c0000000)
  eden space 944640K, 49% used [0x000000066ab00000,0x000000068772b080,0x00000006a4580000)
  from space 43520K, 99% used [0x00000006ad580000,0x00000006affffde8,0x00000006b0000000)
  to   space 43520K, 0% used [0x00000006aab00000,0x00000006aab00000,0x00000006ad580000)
 ParOldGen       total 800256K, used 340702K [0x00000003c0000000, 0x00000003f0d80000, 0x000000066ab00000)
  object space 800256K, 42% used [0x00000003c0000000,0x00000003d4cb7890,0x00000003f0d80000)
 Metaspace       used 26791K, capacity 27082K, committed 27520K, reserved 1073152K
  class space    used 3067K, capacity 3149K, committed 3200K, reserved 1048576K
GC Heap History (10 events):
Event: 2.007 GC heap before
{Heap before GC invocations=1 (full 0):
 PSYoungGen      total 305664K, used 262144K [0x000000066ab00000, 0x0000000680000000, 0x00000007c0000000)
  eden space 262144K, 100% used [0x000000066ab00000,0x000000067ab00000,0x000000067ab00000)
  from space 43520K, 0% used [0x000000067d580000,0x000000067d580000,0x0000000680000000)
  to   space 43520K, 0% used [0x000000067ab00000,0x000000067ab00000,0x000000067d580000)
 ParOldGen       total 699392K, used 0K [0x00000003c0000000, 0x00000003eab00000, 0x000000066ab00000)
  object space 699392K, 0% used [0x00000003c0000000,0x00000003c0000000,0x00000003eab00000)
 Metaspace       used 16574K, capacity 16722K, committed 17024K, reserved 1064960K
  class space    used 1558K, capacity 1625K, committed 1664K, reserved 1048576K
Event: 2.033 GC heap after
Heap after GC invocations=1 (full 0):
 PSYoungGen      total 305664K, used 43495K [0x000000066ab00000, 0x0000000690000000, 0x00000007c0000000)
  eden space 262144K, 0% used [0x000000066ab00000,0x000000066ab00000,0x000000067ab00000)
  from space 43520K, 99% used [0x000000067ab00000,0x000000067d579c28,0x000000067d580000)
  to   space 43520K, 0% used [0x000000068d580000,0x000000068d580000,0x0000000690000000)
 ParOldGen       total 699392K, used 8189K [0x00000003c0000000, 0x00000003eab00000, 0x000000066ab00000)
  object space 699392K, 1% used [0x00000003c0000000,0x00000003c07ff668,0x00000003eab00000)
 Metaspace       used 16574K, capacity 16722K, committed 17024K, reserved 1064960K
  class space    used 1558K, capacity 1625K, committed 1664K, reserved 1048576K
}
Event: 2.438 GC heap before
{Heap before GC invocations=2 (full 0):
 PSYoungGen      total 305664K, used 305528K [0x000000066ab00000, 0x0000000690000000, 0x00000007c0000000)
  eden space 262144K, 99% used [0x000000066ab00000,0x000000067aae44a8,0x000000067ab00000)
  from space 43520K, 99% used [0x000000067ab00000,0x000000067d579c28,0x000000067d580000)
  to   space 43520K, 0% used [0x000000068d580000,0x000000068d580000,0x0000000690000000)
 ParOldGen       total 699392K, used 8189K [0x00000003c0000000, 0x00000003eab00000, 0x000000066ab00000)
  object space 699392K, 1% used [0x00000003c0000000,0x00000003c07ff668,0x00000003eab00000)
 Metaspace       used 20816K, capacity 21048K, committed 21248K, reserved 1069056K
  class space    used 2169K, capacity 2256K, committed 2304K, reserved 1048576K
Event: 2.548 GC heap after
Heap after GC invocations=2 (full 0):
 PSYoungGen      total 567808K, used 43503K [0x000000066ab00000, 0x0000000690000000, 0x00000007c0000000)
  eden space 524288K, 0% used [0x000000066ab00000,0x000000066ab00000,0x000000068ab00000)
  from space 43520K, 99% used [0x000000068d580000,0x000000068fffbd68,0x0000000690000000)
  to   space 43520K, 0% used [0x000000068ab00000,0x000000068ab00000,0x000000068d580000)
 ParOldGen       total 699392K, used 214820K [0x00000003c0000000, 0x00000003eab00000, 0x000000066ab00000)
  object space 699392K, 30% used [0x00000003c0000000,0x00000003cd1c9180,0x00000003eab00000)
 Metaspace       used 20816K, capacity 21048K, committed 21248K, reserved 1069056K
  class space    used 2169K, capacity 2256K, committed 2304K, reserved 1048576K
}
Event: 2.552 GC heap before
{Heap before GC invocations=3 (full 0):
 PSYoungGen      total 567808K, used 58609K [0x000000066ab00000, 0x0000000690000000, 0x00000007c0000000)
  eden space 524288K, 2% used [0x000000066ab00000,0x000000066b9c07a0,0x000000068ab00000)
  from space 43520K, 99% used [0x000000068d580000,0x000000068fffbd68,0x0000000690000000)
  to   space 43520K, 0% used [0x000000068ab00000,0x000000068ab00000,0x000000068d580000)
 ParOldGen       total 699392K, used 214820K [0x00000003c0000000, 0x00000003eab00000, 0x000000066ab00000)
  object space 699392K, 30% used [0x00000003c0000000,0x00000003cd1c9180,0x00000003eab00000)
 Metaspace       used 20852K, capacity 21056K, committed 21296K, reserved 1069056K
  class space    used 2176K, capacity 2258K, committed 2304K, reserved 1048576K
Event: 2.572 GC heap after
Heap after GC invocations=3 (full 0):
 PSYoungGen      total 567808K, used 42824K [0x000000066ab00000, 0x00000006b0000000, 0x00000007c0000000)
  eden space 524288K, 0% used [0x000000066ab00000,0x000000066ab00000,0x000000068ab00000)
  from space 43520K, 98% used [0x000000068ab00000,0x000000068d4d23e0,0x000000068d580000)
  to   space 43520K, 0% used [0x00000006ad580000,0x00000006ad580000,0x00000006b0000000)
 ParOldGen       total 699392K, used 219423K [0x00000003c0000000, 0x00000003eab00000, 0x000000066ab00000)
  object space 699392K, 31% used [0x00000003c0000000,0x00000003cd647ea0,0x00000003eab00000)
 Metaspace       used 20852K, capacity 21056K, committed 21296K, reserved 1069056K
  class space    used 2176K, capacity 2258K, committed 2304K, reserved 1048576K
}
Event: 2.572 GC heap before
{Heap before GC invocations=4 (full 1):
 PSYoungGen      total 567808K, used 42824K [0x000000066ab00000, 0x00000006b0000000, 0x00000007c0000000)
  eden space 524288K, 0% used [0x000000066ab00000,0x000000066ab00000,0x000000068ab00000)
  from space 43520K, 98% used [0x000000068ab00000,0x000000068d4d23e0,0x000000068d580000)
  to   space 43520K, 0% used [0x00000006ad580000,0x00000006ad580000,0x00000006b0000000)
 ParOldGen       total 699392K, used 219423K [0x00000003c0000000, 0x00000003eab00000, 0x000000066ab00000)
  object space 699392K, 31% used [0x00000003c0000000,0x00000003cd647ea0,0x00000003eab00000)
 Metaspace       used 20852K, capacity 21056K, committed 21296K, reserved 1069056K
  class space    used 2176K, capacity 2258K, committed 2304K, reserved 1048576K
Event: 2.755 GC heap after
Heap after GC invocations=4 (full 1):
 PSYoungGen      total 567808K, used 0K [0x000000066ab00000, 0x00000006b0000000, 0x00000007c0000000)
  eden space 524288K, 0% used [0x000000066ab00000,0x000000066ab00000,0x000000068ab00000)
  from space 43520K, 0% used [0x000000068ab00000,0x000000068ab00000,0x000000068d580000)
  to   space 43520K, 0% used [0x00000006ad580000,0x00000006ad580000,0x00000006b0000000)
 ParOldGen       total 800256K, used 254624K [0x00000003c0000000, 0x00000003f0d80000, 0x000000066ab00000)
  object space 800256K, 31% used [0x00000003c0000000,0x00000003cf8a8170,0x00000003f0d80000)
 Metaspace       used 20852K, capacity 21056K, committed 21296K, reserved 1069056K
  class space    used 2176K, capacity 2258K, committed 2304K, reserved 1048576K
}
Event: 5.029 GC heap before
{Heap before GC invocations=5 (full 1):
 PSYoungGen      total 567808K, used 519321K [0x000000066ab00000, 0x00000006b0000000, 0x00000007c0000000)
  eden space 524288K, 99% used [0x000000066ab00000,0x000000068a626608,0x000000068ab00000)
  from space 43520K, 0% used [0x000000068ab00000,0x000000068ab00000,0x000000068d580000)
  to   space 43520K, 0% used [0x00000006ad580000,0x00000006ad580000,0x00000006b0000000)
 ParOldGen       total 800256K, used 254624K [0x00000003c0000000, 0x00000003f0d80000, 0x000000066ab00000)
  object space 800256K, 31% used [0x00000003c0000000,0x00000003cf8a8170,0x00000003f0d80000)
 Metaspace       used 23525K, capacity 23712K, committed 23936K, reserved 1071104K
  class space    used 2607K, capacity 2684K, committed 2688K, reserved 1048576K
Event: 5.077 GC heap after
Heap after GC invocations=5 (full 1):
 PSYoungGen      total 988160K, used 43519K [0x000000066ab00000, 0x00000006b0000000, 0x00000007c0000000)
  eden space 944640K, 0% used [0x000000066ab00000,0x000000066ab00000,0x00000006a4580000)
  from space 43520K, 99% used [0x00000006ad580000,0x00000006affffde8,0x00000006b0000000)
  to   space 43520K, 0% used [0x00000006aab00000,0x00000006aab00000,0x00000006ad580000)
 ParOldGen       total 800256K, used 340702K [0x00000003c0000000, 0x00000003f0d80000, 0x000000066ab00000)
  object space 800256K, 42% used [0x00000003c0000000,0x00000003d4cb7890,0x00000003f0d80000)
 Metaspace       used 23525K, capacity 23712K, committed 23936K, reserved 1071104K
  class space    used 2607K, capacity 2684K, committed 2688K, reserved 1048576K
}

