# JRE version: Java(TM) SE Runtime Environment (8.0_152-b16) (build 1.8.0_152-b16)
# Java VM: Java HotSpot(TM) 64-Bit Server VM (25.152-b16 mixed mode bsd-amd64 compressed oops)
Heap:
 PSYoungGen      total 1297408K, used 1221524K [0x000000076ab00000, 0x00000007bff00000, 0x00000007c0000000)
  eden space 1199104K, 99% used [0x000000076ab00000,0x00000007b3db8f40,0x00000007b3e00000)
  from space 98304K, 23% used [0x00000007b9f00000,0x00000007bb52c3d0,0x00000007bff00000)
  to   space 98816K, 23% used [0x00000007b3e00000,0x00000007b546c440,0x00000007b9e80000)
 ParOldGen       total 1259520K, used 1208284K [0x00000006c0000000, 0x000000070ce00000, 0x000000076ab00000)
  object space 1259520K, 95% used [0x00000006c0000000,0x0000000709bf70d8,0x000000070ce00000)
 Metaspace       used 28141K, capacity 28649K, committed 28928K, reserved 1075200K
  class space    used 3161K, capacity 3286K, committed 3328K, reserved 1048576K
GC Heap History (10 events):
Event: 2041.776 GC heap after
Heap after GC invocations=311 (full 5):
 PSYoungGen      total 1302016K, used 33432K [0x000000076ab00000, 0x00000007c0000000, 0x00000007c0000000)
  eden space 1212416K, 0% used [0x000000076ab00000,0x000000076ab00000,0x00000007b4b00000)
  from space 89600K, 37% used [0x00000007ba080000,0x00000007bc126340,0x00000007bf800000)
  to   space 87552K, 0% used [0x00000007b4b00000,0x00000007b4b00000,0x00000007ba080000)
 ParOldGen       total 1259520K, used 1092695K [0x00000006c0000000, 0x000000070ce00000, 0x000000076ab00000)
  object space 1259520K, 86% used [0x00000006c0000000,0x0000000702b15f30,0x000000070ce00000)
 Metaspace       used 28138K, capacity 28649K, committed 28928K, reserved 1075200K
  class space    used 3161K, capacity 3286K, committed 3328K, reserved 1048576K
}
Event: 2042.182 GC heap before
{Heap before GC invocations=312 (full 5):
 PSYoungGen      total 1302016K, used 1245848K [0x000000076ab00000, 0x00000007c0000000, 0x00000007c0000000)
  eden space 1212416K, 100% used [0x000000076ab00000,0x00000007b4b00000,0x00000007b4b00000)
  from space 89600K, 37% used [0x00000007ba080000,0x00000007bc126340,0x00000007bf800000)
  to   space 87552K, 0% used [0x00000007b4b00000,0x00000007b4b00000,0x00000007ba080000)
 ParOldGen       total 1259520K, used 1092695K [0x00000006c0000000, 0x000000070ce00000, 0x000000076ab00000)
  object space 1259520K, 86% used [0x00000006c0000000,0x0000000702b15f30,0x000000070ce00000)
 Metaspace       used 28138K, capacity 28649K, committed 28928K, reserved 1075200K
  class space    used 3161K, capacity 3286K, committed 3328K, reserved 1048576K
Event: 2042.191 GC heap after
Heap after GC invocations=312 (full 5):
 PSYoungGen      total 1299968K, used 60946K [0x000000076ab00000, 0x00000007c0000000, 0x00000007c0000000)
  eden space 1212416K, 0% used [0x000000076ab00000,0x000000076ab00000,0x00000007b4b00000)
  from space 87552K, 69% used [0x00000007b4b00000,0x00000007b8684b30,0x00000007ba080000)
  to   space 89088K, 0% used [0x00000007ba900000,0x00000007ba900000,0x00000007c0000000)
 ParOldGen       total 1259520K, used 1092695K [0x00000006c0000000, 0x000000070ce00000, 0x000000076ab00000)
  object space 1259520K, 86% used [0x00000006c0000000,0x0000000702b15f30,0x000000070ce00000)
 Metaspace       used 28138K, capacity 28649K, committed 28928K, reserved 1075200K
  class space    used 3161K, capacity 3286K, committed 3328K, reserved 1048576K
}
Event: 2042.553 GC heap before
{Heap before GC invocations=313 (full 5):
 PSYoungGen      total 1299968K, used 1273362K [0x000000076ab00000, 0x00000007c0000000, 0x00000007c0000000)
  eden space 1212416K, 100% used [0x000000076ab00000,0x00000007b4b00000,0x00000007b4b00000)
  from space 87552K, 69% used [0x00000007b4b00000,0x00000007b8684b30,0x00000007ba080000)
  to   space 89088K, 0% used [0x00000007ba900000,0x00000007ba900000,0x00000007c0000000)
 ParOldGen       total 1259520K, used 1092695K [0x00000006c0000000, 0x000000070ce00000, 0x000000076ab00000)
  object space 1259520K, 86% used [0x00000006c0000000,0x0000000702b15f30,0x000000070ce00000)
 Metaspace       used 28138K, capacity 28649K, committed 28928K, reserved 1075200K
  class space    used 3161K, capacity 3286K, committed 3328K, reserved 1048576K
Event: 2042.565 GC heap after
Heap after GC invocations=313 (full 5):
 PSYoungGen      total 1288192K, used 86594K [0x000000076ab00000, 0x00000007c0000000, 0x00000007c0000000)
  eden space 1199104K, 0% used [0x000000076ab00000,0x000000076ab00000,0x00000007b3e00000)
  from space 89088K, 97% used [0x00000007ba900000,0x00000007bfd90a10,0x00000007c0000000)
  to   space 99328K, 0% used [0x00000007b3e00000,0x00000007b3e00000,0x00000007b9f00000)
 ParOldGen       total 1259520K, used 1092695K [0x00000006c0000000, 0x000000070ce00000, 0x000000076ab00000)
  object space 1259520K, 86% used [0x00000006c0000000,0x0000000702b15f30,0x000000070ce00000)
 Metaspace       used 28138K, capacity 28649K, committed 28928K, reserved 1075200K
  class space    used 3161K, capacity 3286K, committed 3328K, reserved 1048576K
}
Event: 2168.214 GC heap before
{Heap before GC invocations=314 (full 5):
 PSYoungGen      total 1288192K, used 1285698K [0x000000076ab00000, 0x00000007c0000000, 0x00000007c0000000)
  eden space 1199104K, 100% used [0x000000076ab00000,0x00000007b3e00000,0x00000007b3e00000)
  from space 89088K, 97% used [0x00000007ba900000,0x00000007bfd90a10,0x00000007c0000000)
  to   space 99328K, 0% used [0x00000007b3e00000,0x00000007b3e00000,0x00000007b9f00000)
 ParOldGen       total 1259520K, used 1092695K [0x00000006c0000000, 0x000000070ce00000, 0x000000076ab00000)
  object space 1259520K, 86% used [0x00000006c0000000,0x0000000702b15f80,0x000000070ce00000)
 Metaspace       used 28140K, capacity 28649K, committed 28928K, reserved 1075200K
  class space    used 3161K, capacity 3286K, committed 3328K, reserved 1048576K
Event: 2168.219 GC heap after
Heap after GC invocations=314 (full 5):
 PSYoungGen      total 1298432K, used 22704K [0x000000076ab00000, 0x00000007c0000000, 0x00000007c0000000)
  eden space 1199104K, 0% used [0x000000076ab00000,0x000000076ab00000,0x00000007b3e00000)
  from space 99328K, 22% used [0x00000007b3e00000,0x00000007b542c3d0,0x00000007b9f00000)
  to   space 99328K, 0% used [0x00000007b9f00000,0x00000007b9f00000,0x00000007c0000000)
 ParOldGen       total 1259520K, used 1092695K [0x00000006c0000000, 0x000000070ce00000, 0x000000076ab00000)
  object space 1259520K, 86% used [0x00000006c0000000,0x0000000702b15f80,0x000000070ce00000)
 Metaspace       used 28140K, capacity 28649K, committed 28928K, reserved 1075200K
  class space    used 3161K, capacity 3286K, committed 3328K, reserved 1048576K
}
Event: 2252.166 GC heap before
{Heap before GC invocations=315 (full 5):
 PSYoungGen      total 1298432K, used 1221808K [0x000000076ab00000, 0x00000007c0000000, 0x00000007c0000000)
  eden space 1199104K, 100% used [0x000000076ab00000,0x00000007b3e00000,0x00000007b3e00000)
  from space 99328K, 22% used [0x00000007b3e00000,0x00000007b542c3d0,0x00000007b9f00000)
  to   space 99328K, 0% used [0x00000007b9f00000,0x00000007b9f00000,0x00000007c0000000)
 ParOldGen       total 1259520K, used 1092701K [0x00000006c0000000, 0x000000070ce00000, 0x000000076ab00000)
  object space 1259520K, 86% used [0x00000006c0000000,0x0000000702b175e8,0x000000070ce00000)
 Metaspace       used 28141K, capacity 28649K, committed 28928K, reserved 1075200K
  class space    used 3161K, capacity 3286K, committed 3328K, reserved 1048576K
Event: 2252.171 GC heap after
Heap after GC invocations=315 (full 5):
 PSYoungGen      total 1297408K, used 22704K [0x000000076ab00000, 0x00000007bff00000, 0x00000007c0000000)
  eden space 1199104K, 0% used [0x000000076ab00000,0x000000076ab00000,0x00000007b3e00000)
  from space 98304K, 23% used [0x00000007b9f00000,0x00000007bb52c3d0,0x00000007bff00000)
  to   space 98816K, 0% used [0x00000007b3e00000,0x00000007b3e00000,0x00000007b9e80000)
 ParOldGen       total 1259520K, used 1092717K [0x00000006c0000000, 0x000000070ce00000, 0x000000076ab00000)
  object space 1259520K, 86% used [0x00000006c0000000,0x0000000702b1b5e8,0x000000070ce00000)
 Metaspace       used 28141K, capacity 28649K, committed 28928K, reserved 1075200K
  class space    used 3161K, capacity 3286K, committed 3328K, reserved 1048576K
}
Event: 2403.080 GC heap before
{Heap before GC invocations=316 (full 5):
 PSYoungGen      total 1297408K, used 1221524K [0x000000076ab00000, 0x00000007bff00000, 0x00000007c0000000)
  eden space 1199104K, 99% used [0x000000076ab00000,0x00000007b3db8f40,0x00000007b3e00000)
  from space 98304K, 23% used [0x00000007b9f00000,0x00000007bb52c3d0,0x00000007bff00000)
  to   space 98816K, 0% used [0x00000007b3e00000,0x00000007b3e00000,0x00000007b9e80000)
 ParOldGen       total 1259520K, used 1208276K [0x00000006c0000000, 0x000000070ce00000, 0x000000076ab00000)
  object space 1259520K, 95% used [0x00000006c0000000,0x0000000709bf50d8,0x000000070ce00000)
 Metaspace       used 28141K, capacity 28649K, committed 28928K, reserved 1075200K
  class space    used 3161K, capacity 3286K, committed 3328K, reserved 1048576K

