# JRE version: Java(TM) SE Runtime Environment (8.0_45-b14) (build 1.8.0_45-b14)
# Java VM: Java HotSpot(TM) 64-Bit Server VM (25.45-b02 mixed mode bsd-amd64 compressed oops)
Heap:
 PSYoungGen      total 116736K, used 4606K [0x000000076ab00000, 0x000000077b600000, 0x00000007c0000000)
  eden space 112128K, 0% used [0x000000076ab00000,0x000000076ab00000,0x0000000771880000)
  from space 4608K, 99% used [0x000000077b180000,0x000000077b5ffba0,0x000000077b600000)
  to   space 38912K, 0% used [0x0000000776a00000,0x0000000776a00000,0x0000000779000000)
 ParOldGen       total 195584K, used 194436K [0x00000006c0000000, 0x00000006cbf00000, 0x000000076ab00000)
  object space 195584K, 99% used [0x00000006c0000000,0x00000006cbde1168,0x00000006cbf00000)
 Metaspace       used 27437K, capacity 27759K, committed 28160K, reserved 1075200K
  class space    used 3109K, capacity 3222K, committed 3328K, reserved 1048576K
GC Heap History (10 events):
Event: 1883.125 GC heap after
Heap after GC invocations=4140 (full 4):
 PSYoungGen      total 102912K, used 990K [0x000000076ab00000, 0x000000077bb00000, 0x00000007c0000000)
  eden space 101888K, 0% used [0x000000076ab00000,0x000000076ab00000,0x0000000770e80000)
  from space 1024K, 96% used [0x000000077ba00000,0x000000077baf7b90,0x000000077bb00000)
  to   space 5632K, 0% used [0x000000077b000000,0x000000077b000000,0x000000077b580000)
 ParOldGen       total 178688K, used 104524K [0x00000006c0000000, 0x00000006cae80000, 0x000000076ab00000)
  object space 178688K, 58% used [0x00000006c0000000,0x00000006c6613168,0x00000006cae80000)
 Metaspace       used 27436K, capacity 27759K, committed 28160K, reserved 1075200K
  class space    used 3109K, capacity 3222K, committed 3328K, reserved 1048576K
}
Event: 1887.562 GC heap before
{Heap before GC invocations=4141 (full 4):
 PSYoungGen      total 102912K, used 102878K [0x000000076ab00000, 0x000000077bb00000, 0x00000007c0000000)
  eden space 101888K, 100% used [0x000000076ab00000,0x0000000770e80000,0x0000000770e80000)
  from space 1024K, 96% used [0x000000077ba00000,0x000000077baf7b90,0x000000077bb00000)
  to   space 5632K, 0% used [0x000000077b000000,0x000000077b000000,0x000000077b580000)
 ParOldGen       total 178688K, used 104524K [0x00000006c0000000, 0x00000006cae80000, 0x000000076ab00000)
  object space 178688K, 58% used [0x00000006c0000000,0x00000006c6613168,0x00000006cae80000)
 Metaspace       used 27436K, capacity 27759K, committed 28160K, reserved 1075200K
  class space    used 3109K, capacity 3222K, committed 3328K, reserved 1048576K
Event: 1887.563 GC heap after
Heap after GC invocations=4141 (full 4):
 PSYoungGen      total 105472K, used 990K [0x000000076ab00000, 0x000000077ba80000, 0x00000007c0000000)
  eden space 99840K, 0% used [0x000000076ab00000,0x000000076ab00000,0x0000000770c80000)
  from space 5632K, 17% used [0x000000077b000000,0x000000077b0f7b90,0x000000077b580000)
  to   space 5120K, 0% used [0x000000077b580000,0x000000077b580000,0x000000077ba80000)
 ParOldGen       total 178688K, used 104524K [0x00000006c0000000, 0x00000006cae80000, 0x000000076ab00000)
  object space 178688K, 58% used [0x00000006c0000000,0x00000006c6613168,0x00000006cae80000)
 Metaspace       used 27436K, capacity 27759K, committed 28160K, reserved 1075200K
  class space    used 3109K, capacity 3222K, committed 3328K, reserved 1048576K
}
Event: 1891.945 GC heap before
{Heap before GC invocations=4142 (full 4):
 PSYoungGen      total 105472K, used 100830K [0x000000076ab00000, 0x000000077ba80000, 0x00000007c0000000)
  eden space 99840K, 100% used [0x000000076ab00000,0x0000000770c80000,0x0000000770c80000)
  from space 5632K, 17% used [0x000000077b000000,0x000000077b0f7b90,0x000000077b580000)
  to   space 5120K, 0% used [0x000000077b580000,0x000000077b580000,0x000000077ba80000)
 ParOldGen       total 178688K, used 104524K [0x00000006c0000000, 0x00000006cae80000, 0x000000076ab00000)
  object space 178688K, 58% used [0x00000006c0000000,0x00000006c6613168,0x00000006cae80000)
 Metaspace       used 27436K, capacity 27759K, committed 28160K, reserved 1075200K
  class space    used 3109K, capacity 3222K, committed 3328K, reserved 1048576K
Event: 1891.946 GC heap after
Heap after GC invocations=4142 (full 4):
 PSYoungGen      total 98816K, used 1022K [0x000000076ab00000, 0x000000077b680000, 0x00000007c0000000)
  eden space 97792K, 0% used [0x000000076ab00000,0x000000076ab00000,0x0000000770a80000)
  from space 1024K, 99% used [0x000000077b580000,0x000000077b67fb90,0x000000077b680000)
  to   space 5120K, 0% used [0x000000077ac80000,0x000000077ac80000,0x000000077b180000)
 ParOldGen       total 178688K, used 104524K [0x00000006c0000000, 0x00000006cae80000, 0x000000076ab00000)
  object space 178688K, 58% used [0x00000006c0000000,0x00000006c6613168,0x00000006cae80000)
 Metaspace       used 27436K, capacity 27759K, committed 28160K, reserved 1075200K
  class space    used 3109K, capacity 3222K, committed 3328K, reserved 1048576K
}
Event: 1896.333 GC heap before
{Heap before GC invocations=4143 (full 4):
 PSYoungGen      total 98816K, used 98814K [0x000000076ab00000, 0x000000077b680000, 0x00000007c0000000)
  eden space 97792K, 100% used [0x000000076ab00000,0x0000000770a80000,0x0000000770a80000)
  from space 1024K, 99% used [0x000000077b580000,0x000000077b67fb90,0x000000077b680000)
  to   space 5120K, 0% used [0x000000077ac80000,0x000000077ac80000,0x000000077b180000)
 ParOldGen       total 178688K, used 104524K [0x00000006c0000000, 0x00000006cae80000, 0x000000076ab00000)
  object space 178688K, 58% used [0x00000006c0000000,0x00000006c6613168,0x00000006cae80000)
 Metaspace       used 27436K, capacity 27759K, committed 28160K, reserved 1075200K
  class space    used 3109K, capacity 3222K, committed 3328K, reserved 1048576K
Event: 1896.335 GC heap after
Heap after GC invocations=4143 (full 4):
 PSYoungGen      total 100864K, used 1022K [0x000000076ab00000, 0x000000077b600000, 0x00000007c0000000)
  eden space 95744K, 0% used [0x000000076ab00000,0x000000076ab00000,0x0000000770880000)
  from space 5120K, 19% used [0x000000077ac80000,0x000000077ad7fb90,0x000000077b180000)
  to   space 4608K, 0% used [0x000000077b180000,0x000000077b180000,0x000000077b600000)
 ParOldGen       total 178688K, used 104524K [0x00000006c0000000, 0x00000006cae80000, 0x000000076ab00000)
  object space 178688K, 58% used [0x00000006c0000000,0x00000006c6613168,0x00000006cae80000)
 Metaspace       used 27436K, capacity 27759K, committed 28160K, reserved 1075200K
  class space    used 3109K, capacity 3222K, committed 3328K, reserved 1048576K
}
Event: 1901.358 GC heap before
{Heap before GC invocations=4144 (full 4):
 PSYoungGen      total 100864K, used 96766K [0x000000076ab00000, 0x000000077b600000, 0x00000007c0000000)
  eden space 95744K, 100% used [0x000000076ab00000,0x0000000770880000,0x0000000770880000)
  from space 5120K, 19% used [0x000000077ac80000,0x000000077ad7fb90,0x000000077b180000)
  to   space 4608K, 0% used [0x000000077b180000,0x000000077b180000,0x000000077b600000)
 ParOldGen       total 178688K, used 104524K [0x00000006c0000000, 0x00000006cae80000, 0x000000076ab00000)
  object space 178688K, 58% used [0x00000006c0000000,0x00000006c6613168,0x00000006cae80000)
 Metaspace       used 27437K, capacity 27759K, committed 28160K, reserved 1075200K
  class space    used 3109K, capacity 3222K, committed 3328K, reserved 1048576K
Event: 1901.593 GC heap after
Heap after GC invocations=4144 (full 4):
 PSYoungGen      total 116736K, used 4606K [0x000000076ab00000, 0x000000077b600000, 0x00000007c0000000)
  eden space 112128K, 0% used [0x000000076ab00000,0x000000076ab00000,0x0000000771880000)
  from space 4608K, 99% used [0x000000077b180000,0x000000077b5ffba0,0x000000077b600000)
  to   space 38912K, 0% used [0x0000000776a00000,0x0000000776a00000,0x0000000779000000)
 ParOldGen       total 195584K, used 194436K [0x00000006c0000000, 0x00000006cbf00000, 0x000000076ab00000)
  object space 195584K, 99% used [0x00000006c0000000,0x00000006cbde1168,0x00000006cbf00000)
 Metaspace       used 27437K, capacity 27759K, committed 28160K, reserved 1075200K
  class space    used 3109K, capacity 3222K, committed 3328K, reserved 1048576K
}
Event: 1901.593 GC heap before
{Heap before GC invocations=4145 (full 5):
 PSYoungGen      total 116736K, used 4606K [0x000000076ab00000, 0x000000077b600000, 0x00000007c0000000)
  eden space 112128K, 0% used [0x000000076ab00000,0x000000076ab00000,0x0000000771880000)
  from space 4608K, 99% used [0x000000077b180000,0x000000077b5ffba0,0x000000077b600000)
  to   space 38912K, 0% used [0x0000000776a00000,0x0000000776a00000,0x0000000779000000)
 ParOldGen       total 195584K, used 194436K [0x00000006c0000000, 0x00000006cbf00000, 0x000000076ab00000)
  object space 195584K, 99% used [0x00000006c0000000,0x00000006cbde1168,0x00000006cbf00000)
 Metaspace       used 27437K, capacity 27759K, committed 28160K, reserved 1075200K
  class space    used 3109K, capacity 3222K, committed 3328K, reserved 1048576K

