# JRE version: Java(TM) SE Runtime Environment (8.0_152-b16) (build 1.8.0_152-b16)
# Java VM: Java HotSpot(TM) 64-Bit Server VM (25.152-b16 mixed mode bsd-amd64 compressed oops)
Heap:
 PSYoungGen      total 992768K, used 945394K [0x000000066ab00000, 0x00000006b0000000, 0x00000007c0000000)
  eden space 949248K, 95% used [0x000000066ab00000,0x00000006a1bbea28,0x00000006a4a00000)
  from space 43520K, 99% used [0x00000006ad580000,0x00000006afffdee0,0x00000006b0000000)
  to   space 43520K, 0% used [0x00000006aab00000,0x00000006aab00000,0x00000006ad580000)
 ParOldGen       total 798208K, used 343458K [0x00000003c0000000, 0x00000003f0b80000, 0x000000066ab00000)
  object space 798208K, 43% used [0x00000003c0000000,0x00000003d4f68880,0x00000003f0b80000)
 Metaspace       used 27251K, capacity 27562K, committed 27776K, reserved 1073152K
  class space    used 3073K, capacity 3181K, committed 3200K, reserved 1048576K
GC Heap History (10 events):
Event: 2.020 GC heap before
{Heap before GC invocations=1 (full 0):
 PSYoungGen      total 305664K, used 262144K [0x000000066ab00000, 0x0000000680000000, 0x00000007c0000000)
  eden space 262144K, 100% used [0x000000066ab00000,0x000000067ab00000,0x000000067ab00000)
  from space 43520K, 0% used [0x000000067d580000,0x000000067d580000,0x0000000680000000)
  to   space 43520K, 0% used [0x000000067ab00000,0x000000067ab00000,0x000000067d580000)
 ParOldGen       total 699392K, used 0K [0x00000003c0000000, 0x00000003eab00000, 0x000000066ab00000)
  object space 699392K, 0% used [0x00000003c0000000,0x00000003c0000000,0x00000003eab00000)
 Metaspace       used 16583K, capacity 16722K, committed 17024K, reserved 1064960K
  class space    used 1560K, capacity 1625K, committed 1664K, reserved 1048576K
Event: 2.045 GC heap after
Heap after GC invocations=1 (full 0):
 PSYoungGen      total 305664K, used 43500K [0x000000066ab00000, 0x0000000690000000, 0x00000007c0000000)
  eden space 262144K, 0% used [0x000000066ab00000,0x000000066ab00000,0x000000067ab00000)
  from space 43520K, 99% used [0x000000067ab00000,0x000000067d57b048,0x000000067d580000)
  to   space 43520K, 0% used [0x000000068d580000,0x000000068d580000,0x0000000690000000)
 ParOldGen       total 699392K, used 7284K [0x00000003c0000000, 0x00000003eab00000, 0x000000066ab00000)
  object space 699392K, 1% used [0x00000003c0000000,0x00000003c071d1c0,0x00000003eab00000)
 Metaspace       used 16583K, capacity 16722K, committed 17024K, reserved 1064960K
  class space    used 1560K, capacity 1625K, committed 1664K, reserved 1048576K
}
Event: 2.445 GC heap before
{Heap before GC invocations=2 (full 0):
 PSYoungGen      total 305664K, used 305474K [0x000000066ab00000, 0x0000000690000000, 0x00000007c0000000)
  eden space 262144K, 99% used [0x000000066ab00000,0x000000067aad5b88,0x000000067ab00000)
  from space 43520K, 99% used [0x000000067ab00000,0x000000067d57b048,0x000000067d580000)
  to   space 43520K, 0% used [0x000000068d580000,0x000000068d580000,0x0000000690000000)
 ParOldGen       total 699392K, used 7284K [0x00000003c0000000, 0x00000003eab00000, 0x000000066ab00000)
  object space 699392K, 1% used [0x00000003c0000000,0x00000003c071d1c0,0x00000003eab00000)
 Metaspace       used 20818K, capacity 21048K, committed 21248K, reserved 1069056K
  class space    used 2172K, capacity 2256K, committed 2304K, reserved 1048576K
Event: 2.555 GC heap after
Heap after GC invocations=2 (full 0):
 PSYoungGen      total 567808K, used 43489K [0x000000066ab00000, 0x0000000690000000, 0x00000007c0000000)
  eden space 524288K, 0% used [0x000000066ab00000,0x000000066ab00000,0x000000068ab00000)
  from space 43520K, 99% used [0x000000068d580000,0x000000068fff85a8,0x0000000690000000)
  to   space 43520K, 0% used [0x000000068ab00000,0x000000068ab00000,0x000000068d580000)
 ParOldGen       total 699392K, used 213881K [0x00000003c0000000, 0x00000003eab00000, 0x000000066ab00000)
  object space 699392K, 30% used [0x00000003c0000000,0x00000003cd0de410,0x00000003eab00000)
 Metaspace       used 20818K, capacity 21048K, committed 21248K, reserved 1069056K
  class space    used 2172K, capacity 2256K, committed 2304K, reserved 1048576K
}
Event: 2.558 GC heap before
{Heap before GC invocations=3 (full 0):
 PSYoungGen      total 567808K, used 58578K [0x000000066ab00000, 0x0000000690000000, 0x00000007c0000000)
  eden space 524288K, 2% used [0x000000066ab00000,0x000000066b9bc330,0x000000068ab00000)
  from space 43520K, 99% used [0x000000068d580000,0x000000068fff85a8,0x0000000690000000)
  to   space 43520K, 0% used [0x000000068ab00000,0x000000068ab00000,0x000000068d580000)
 ParOldGen       total 699392K, used 213881K [0x00000003c0000000, 0x00000003eab00000, 0x000000066ab00000)
  object space 699392K, 30% used [0x00000003c0000000,0x00000003cd0de410,0x00000003eab00000)
 Metaspace       used 20854K, capacity 21056K, committed 21296K, reserved 1069056K
  class space    used 2179K, capacity 2258K, committed 2304K, reserved 1048576K
Event: 2.579 GC heap after
Heap after GC invocations=3 (full 0):
 PSYoungGen      total 567808K, used 43510K [0x000000066ab00000, 0x00000006b0000000, 0x00000007c0000000)
  eden space 524288K, 0% used [0x000000066ab00000,0x000000066ab00000,0x000000068ab00000)
  from space 43520K, 99% used [0x000000068ab00000,0x000000068d57d9c0,0x000000068d580000)
  to   space 43520K, 0% used [0x00000006ad580000,0x00000006ad580000,0x00000006b0000000)
 ParOldGen       total 699392K, used 217780K [0x00000003c0000000, 0x00000003eab00000, 0x000000066ab00000)
  object space 699392K, 31% used [0x00000003c0000000,0x00000003cd4ad068,0x00000003eab00000)
 Metaspace       used 20854K, capacity 21056K, committed 21296K, reserved 1069056K
  class space    used 2179K, capacity 2258K, committed 2304K, reserved 1048576K
}
Event: 2.579 GC heap before
{Heap before GC invocations=4 (full 1):
 PSYoungGen      total 567808K, used 43510K [0x000000066ab00000, 0x00000006b0000000, 0x00000007c0000000)
  eden space 524288K, 0% used [0x000000066ab00000,0x000000066ab00000,0x000000068ab00000)
  from space 43520K, 99% used [0x000000068ab00000,0x000000068d57d9c0,0x000000068d580000)
  to   space 43520K, 0% used [0x00000006ad580000,0x00000006ad580000,0x00000006b0000000)
 ParOldGen       total 699392K, used 217780K [0x00000003c0000000, 0x00000003eab00000, 0x000000066ab00000)
  object space 699392K, 31% used [0x00000003c0000000,0x00000003cd4ad068,0x00000003eab00000)
 Metaspace       used 20854K, capacity 21056K, committed 21296K, reserved 1069056K
  class space    used 2179K, capacity 2258K, committed 2304K, reserved 1048576K
Event: 2.750 GC heap after
Heap after GC invocations=4 (full 1):
 PSYoungGen      total 567808K, used 0K [0x000000066ab00000, 0x00000006b0000000, 0x00000007c0000000)
  eden space 524288K, 0% used [0x000000066ab00000,0x000000066ab00000,0x000000068ab00000)
  from space 43520K, 0% used [0x000000068ab00000,0x000000068ab00000,0x000000068d580000)
  to   space 43520K, 0% used [0x00000006ad580000,0x00000006ad580000,0x00000006b0000000)
 ParOldGen       total 798208K, used 254626K [0x00000003c0000000, 0x00000003f0b80000, 0x000000066ab00000)
  object space 798208K, 31% used [0x00000003c0000000,0x00000003cf8a89c8,0x00000003f0b80000)
 Metaspace       used 20854K, capacity 21056K, committed 21296K, reserved 1069056K
  class space    used 2179K, capacity 2258K, committed 2304K, reserved 1048576K
}
Event: 5.025 GC heap before
{Heap before GC invocations=5 (full 1):
 PSYoungGen      total 567808K, used 513441K [0x000000066ab00000, 0x00000006b0000000, 0x00000007c0000000)
  eden space 524288K, 97% used [0x000000066ab00000,0x000000068a068570,0x000000068ab00000)
  from space 43520K, 0% used [0x000000068ab00000,0x000000068ab00000,0x000000068d580000)
  to   space 43520K, 0% used [0x00000006ad580000,0x00000006ad580000,0x00000006b0000000)
 ParOldGen       total 798208K, used 254626K [0x00000003c0000000, 0x00000003f0b80000, 0x000000066ab00000)
  object space 798208K, 31% used [0x00000003c0000000,0x00000003cf8a89c8,0x00000003f0b80000)
 Metaspace       used 23528K, capacity 23776K, committed 23936K, reserved 1071104K
  class space    used 2609K, capacity 2684K, committed 2688K, reserved 1048576K
Event: 5.075 GC heap after
Heap after GC invocations=5 (full 1):
 PSYoungGen      total 992768K, used 43511K [0x000000066ab00000, 0x00000006b0000000, 0x00000007c0000000)
  eden space 949248K, 0% used [0x000000066ab00000,0x000000066ab00000,0x00000006a4a00000)
  from space 43520K, 99% used [0x00000006ad580000,0x00000006afffdee0,0x00000006b0000000)
  to   space 43520K, 0% used [0x00000006aab00000,0x00000006aab00000,0x00000006ad580000)
 ParOldGen       total 798208K, used 343458K [0x00000003c0000000, 0x00000003f0b80000, 0x000000066ab00000)
  object space 798208K, 43% used [0x00000003c0000000,0x00000003d4f68880,0x00000003f0b80000)
 Metaspace       used 23528K, capacity 23776K, committed 23936K, reserved 1071104K
  class space    used 2609K, capacity 2684K, committed 2688K, reserved 1048576K
}

