# JRE version: Java(TM) SE Runtime Environment (8.0_161-b12) (build 1.8.0_161-b12)
# Java VM: Java HotSpot(TM) 64-Bit Server VM (25.161-b12 mixed mode bsd-amd64 compressed oops)
Heap:
 PSYoungGen      total 168960K, used 65533K [0x000000076ab00000, 0x000000077b100000, 0x00000007c0000000)
  eden space 103424K, 0% used [0x000000076ab00000,0x000000076ab00000,0x0000000771000000)
  from space 65536K, 99% used [0x0000000775c00000,0x0000000779bff5a8,0x0000000779c00000)
  to   space 77824K, 0% used [0x0000000771000000,0x0000000771000000,0x0000000775c00000)
 ParOldGen       total 107008K, used 99784K [0x00000006c0000000, 0x00000006c6880000, 0x000000076ab00000)
  object space 107008K, 93% used [0x00000006c0000000,0x00000006c6172020,0x00000006c6880000)
 Metaspace       used 27866K, capacity 28291K, committed 28464K, reserved 1075200K
  class space    used 3202K, capacity 3319K, committed 3376K, reserved 1048576K
GC Heap History (10 events):
Event: 473.107 GC heap after
Heap after GC invocations=41 (full 1):
 PSYoungGen      total 177664K, used 38587K [0x000000076ab00000, 0x0000000779100000, 0x00000007c0000000)
  eden space 124928K, 0% used [0x000000076ab00000,0x000000076ab00000,0x0000000772500000)
  from space 52736K, 73% used [0x0000000775c00000,0x00000007781aeee8,0x0000000778f80000)
  to   space 55296K, 0% used [0x0000000772500000,0x0000000772500000,0x0000000775b00000)
 ParOldGen       total 107008K, used 92006K [0x00000006c0000000, 0x00000006c6880000, 0x000000076ab00000)
  object space 107008K, 85% used [0x00000006c0000000,0x00000006c59d9960,0x00000006c6880000)
 Metaspace       used 27799K, capacity 28279K, committed 28464K, reserved 1075200K
  class space    used 3200K, capacity 3317K, committed 3376K, reserved 1048576K
}
Event: 490.381 GC heap before
{Heap before GC invocations=42 (full 1):
 PSYoungGen      total 177664K, used 163515K [0x000000076ab00000, 0x0000000779100000, 0x00000007c0000000)
  eden space 124928K, 100% used [0x000000076ab00000,0x0000000772500000,0x0000000772500000)
  from space 52736K, 73% used [0x0000000775c00000,0x00000007781aeee8,0x0000000778f80000)
  to   space 55296K, 0% used [0x0000000772500000,0x0000000772500000,0x0000000775b00000)
 ParOldGen       total 107008K, used 92006K [0x00000006c0000000, 0x00000006c6880000, 0x000000076ab00000)
  object space 107008K, 85% used [0x00000006c0000000,0x00000006c59d9960,0x00000006c6880000)
 Metaspace       used 27805K, capacity 28279K, committed 28464K, reserved 1075200K
  class space    used 3200K, capacity 3317K, committed 3376K, reserved 1048576K
Event: 490.388 GC heap after
Heap after GC invocations=42 (full 1):
 PSYoungGen      total 160768K, used 38539K [0x000000076ab00000, 0x0000000779200000, 0x00000007c0000000)
  eden space 121856K, 0% used [0x000000076ab00000,0x000000076ab00000,0x0000000772200000)
  from space 38912K, 99% used [0x0000000772500000,0x0000000774aa2f18,0x0000000774b00000)
  to   space 57344K, 0% used [0x0000000775a00000,0x0000000775a00000,0x0000000779200000)
 ParOldGen       total 107008K, used 92006K [0x00000006c0000000, 0x00000006c6880000, 0x000000076ab00000)
  object space 107008K, 85% used [0x00000006c0000000,0x00000006c59d9960,0x00000006c6880000)
 Metaspace       used 27805K, capacity 28279K, committed 28464K, reserved 1075200K
  class space    used 3200K, capacity 3317K, committed 3376K, reserved 1048576K
}
Event: 507.390 GC heap before
{Heap before GC invocations=43 (full 1):
 PSYoungGen      total 160768K, used 160395K [0x000000076ab00000, 0x0000000779200000, 0x00000007c0000000)
  eden space 121856K, 100% used [0x000000076ab00000,0x0000000772200000,0x0000000772200000)
  from space 38912K, 99% used [0x0000000772500000,0x0000000774aa2f18,0x0000000774b00000)
  to   space 57344K, 0% used [0x0000000775a00000,0x0000000775a00000,0x0000000779200000)
 ParOldGen       total 107008K, used 92006K [0x00000006c0000000, 0x00000006c6880000, 0x000000076ab00000)
  object space 107008K, 85% used [0x00000006c0000000,0x00000006c59d9960,0x00000006c6880000)
 Metaspace       used 27809K, capacity 28285K, committed 28464K, reserved 1075200K
  class space    used 3200K, capacity 3318K, committed 3376K, reserved 1048576K
Event: 507.397 GC heap after
Heap after GC invocations=43 (full 1):
 PSYoungGen      total 176128K, used 38507K [0x000000076ab00000, 0x0000000779200000, 0x00000007c0000000)
  eden space 118784K, 0% used [0x000000076ab00000,0x000000076ab00000,0x0000000771f00000)
  from space 57344K, 67% used [0x0000000775a00000,0x0000000777f9aed8,0x0000000779200000)
  to   space 58880K, 0% used [0x0000000771f00000,0x0000000771f00000,0x0000000775880000)
 ParOldGen       total 107008K, used 92014K [0x00000006c0000000, 0x00000006c6880000, 0x000000076ab00000)
  object space 107008K, 85% used [0x00000006c0000000,0x00000006c59db960,0x00000006c6880000)
 Metaspace       used 27809K, capacity 28285K, committed 28464K, reserved 1075200K
  class space    used 3200K, capacity 3318K, committed 3376K, reserved 1048576K
}
Event: 522.840 GC heap before
{Heap before GC invocations=44 (full 1):
 PSYoungGen      total 176128K, used 157291K [0x000000076ab00000, 0x0000000779200000, 0x00000007c0000000)
  eden space 118784K, 100% used [0x000000076ab00000,0x0000000771f00000,0x0000000771f00000)
  from space 57344K, 67% used [0x0000000775a00000,0x0000000777f9aed8,0x0000000779200000)
  to   space 58880K, 0% used [0x0000000771f00000,0x0000000771f00000,0x0000000775880000)
 ParOldGen       total 107008K, used 92068K [0x00000006c0000000, 0x00000006c6880000, 0x000000076ab00000)
  object space 107008K, 86% used [0x00000006c0000000,0x00000006c59e9200,0x00000006c6880000)
 Metaspace       used 27847K, capacity 28291K, committed 28464K, reserved 1075200K
  class space    used 3202K, capacity 3319K, committed 3376K, reserved 1048576K
Event: 522.849 GC heap after
Heap after GC invocations=44 (full 1):
 PSYoungGen      total 174592K, used 53420K [0x000000076ab00000, 0x0000000779c00000, 0x00000007c0000000)
  eden space 115712K, 0% used [0x000000076ab00000,0x000000076ab00000,0x0000000771c00000)
  from space 58880K, 90% used [0x0000000771f00000,0x000000077532b3f0,0x0000000775880000)
  to   space 65536K, 0% used [0x0000000775c00000,0x0000000775c00000,0x0000000779c00000)
 ParOldGen       total 107008K, used 92092K [0x00000006c0000000, 0x00000006c6880000, 0x000000076ab00000)
  object space 107008K, 86% used [0x00000006c0000000,0x00000006c59ef200,0x00000006c6880000)
 Metaspace       used 27847K, capacity 28291K, committed 28464K, reserved 1075200K
  class space    used 3202K, capacity 3319K, committed 3376K, reserved 1048576K
}
Event: 540.537 GC heap before
{Heap before GC invocations=45 (full 1):
 PSYoungGen      total 174592K, used 169132K [0x000000076ab00000, 0x0000000779c00000, 0x00000007c0000000)
  eden space 115712K, 100% used [0x000000076ab00000,0x0000000771c00000,0x0000000771c00000)
  from space 58880K, 90% used [0x0000000771f00000,0x000000077532b3f0,0x0000000775880000)
  to   space 65536K, 0% used [0x0000000775c00000,0x0000000775c00000,0x0000000779c00000)
 ParOldGen       total 107008K, used 92094K [0x00000006c0000000, 0x00000006c6880000, 0x000000076ab00000)
  object space 107008K, 86% used [0x00000006c0000000,0x00000006c59efad8,0x00000006c6880000)
 Metaspace       used 27866K, capacity 28291K, committed 28464K, reserved 1075200K
  class space    used 3202K, capacity 3319K, committed 3376K, reserved 1048576K
Event: 540.554 GC heap after
Heap after GC invocations=45 (full 1):
 PSYoungGen      total 168960K, used 65533K [0x000000076ab00000, 0x000000077b100000, 0x00000007c0000000)
  eden space 103424K, 0% used [0x000000076ab00000,0x000000076ab00000,0x0000000771000000)
  from space 65536K, 99% used [0x0000000775c00000,0x0000000779bff5a8,0x0000000779c00000)
  to   space 77824K, 0% used [0x0000000771000000,0x0000000771000000,0x0000000775c00000)
 ParOldGen       total 107008K, used 99784K [0x00000006c0000000, 0x00000006c6880000, 0x000000076ab00000)
  object space 107008K, 93% used [0x00000006c0000000,0x00000006c6172020,0x00000006c6880000)
 Metaspace       used 27866K, capacity 28291K, committed 28464K, reserved 1075200K
  class space    used 3202K, capacity 3319K, committed 3376K, reserved 1048576K
}
Event: 540.554 GC heap before
{Heap before GC invocations=46 (full 2):
 PSYoungGen      total 168960K, used 65533K [0x000000076ab00000, 0x000000077b100000, 0x00000007c0000000)
  eden space 103424K, 0% used [0x000000076ab00000,0x000000076ab00000,0x0000000771000000)
  from space 65536K, 99% used [0x0000000775c00000,0x0000000779bff5a8,0x0000000779c00000)
  to   space 77824K, 0% used [0x0000000771000000,0x0000000771000000,0x0000000775c00000)
 ParOldGen       total 107008K, used 99784K [0x00000006c0000000, 0x00000006c6880000, 0x000000076ab00000)
  object space 107008K, 93% used [0x00000006c0000000,0x00000006c6172020,0x00000006c6880000)
 Metaspace       used 27866K, capacity 28291K, committed 28464K, reserved 1075200K
  class space    used 3202K, capacity 3319K, committed 3376K, reserved 1048576K

