# JRE version: Java(TM) SE Runtime Environment (8.0_181-b13) (build 1.8.0_181-b13)
# Java VM: Java HotSpot(TM) 64-Bit Server VM (25.181-b13 mixed mode bsd-amd64 compressed oops)
Heap:
 par new generation   total 78656K, used 37598K [0x00000006c0000000, 0x00000006c5550000, 0x00000006e9990000)
  eden space 69952K,  41% used [0x00000006c0000000, 0x00000006c1c37800, 0x00000006c4450000)
  from space 8704K, 100% used [0x00000006c4450000, 0x00000006c4cd0000, 0x00000006c4cd0000)
  to   space 8704K,   0% used [0x00000006c4cd0000, 0x00000006c4cd0000, 0x00000006c5550000)
 concurrent mark-sweep generation total 854992K, used 716615K [0x00000006e9990000, 0x000000071dc84000, 0x00000007c0000000)
 Metaspace       used 29725K, capacity 30277K, committed 30532K, reserved 1077248K
  class space    used 3438K, capacity 3584K, committed 3652K, reserved 1048576K
GC Heap History (10 events):
Event: 15071.420 GC heap before
{Heap before GC invocations=12915 (full 7):
 par new generation   total 78656K, used 70252K [0x00000006c0000000, 0x00000006c5550000, 0x00000006e9990000)
  eden space 69952K, 100% used [0x00000006c0000000, 0x00000006c4450000, 0x00000006c4450000)
  from space 8704K,   3% used [0x00000006c4cd0000, 0x00000006c4d1b300, 0x00000006c5550000)
  to   space 8704K,   0% used [0x00000006c4450000, 0x00000006c4450000, 0x00000006c4cd0000)
 concurrent mark-sweep generation total 854992K, used 651000K [0x00000006e9990000, 0x000000071dc84000, 0x00000007c0000000)
 Metaspace       used 29725K, capacity 30277K, committed 30532K, reserved 1077248K
  class space    used 3438K, capacity 3584K, committed 3652K, reserved 1048576K
Event: 15071.425 GC heap after
Heap after GC invocations=12916 (full 7):
 par new generation   total 78656K, used 254K [0x00000006c0000000, 0x00000006c5550000, 0x00000006e9990000)
  eden space 69952K,   0% used [0x00000006c0000000, 0x00000006c0000000, 0x00000006c4450000)
  from space 8704K,   2% used [0x00000006c4450000, 0x00000006c448f9f0, 0x00000006c4cd0000)
  to   space 8704K,   0% used [0x00000006c4cd0000, 0x00000006c4cd0000, 0x00000006c5550000)
 concurrent mark-sweep generation total 854992K, used 651000K [0x00000006e9990000, 0x000000071dc84000, 0x00000007c0000000)
 Metaspace       used 29725K, capacity 30277K, committed 30532K, reserved 1077248K
  class space    used 3438K, capacity 3584K, committed 3652K, reserved 1048576K
}
Event: 15072.404 GC heap before
{Heap before GC invocations=12916 (full 7):
 par new generation   total 78656K, used 70206K [0x00000006c0000000, 0x00000006c5550000, 0x00000006e9990000)
  eden space 69952K, 100% used [0x00000006c0000000, 0x00000006c4450000, 0x00000006c4450000)
  from space 8704K,   2% used [0x00000006c4450000, 0x00000006c448f9f0, 0x00000006c4cd0000)
  to   space 8704K,   0% used [0x00000006c4cd0000, 0x00000006c4cd0000, 0x00000006c5550000)
 concurrent mark-sweep generation total 854992K, used 651000K [0x00000006e9990000, 0x000000071dc84000, 0x00000007c0000000)
 Metaspace       used 29725K, capacity 30277K, committed 30532K, reserved 1077248K
  class space    used 3438K, capacity 3584K, committed 3652K, reserved 1048576K
Event: 15072.408 GC heap after
Heap after GC invocations=12917 (full 7):
 par new generation   total 78656K, used 285K [0x00000006c0000000, 0x00000006c5550000, 0x00000006e9990000)
  eden space 69952K,   0% used [0x00000006c0000000, 0x00000006c0000000, 0x00000006c4450000)
  from space 8704K,   3% used [0x00000006c4cd0000, 0x00000006c4d17490, 0x00000006c5550000)
  to   space 8704K,   0% used [0x00000006c4450000, 0x00000006c4450000, 0x00000006c4cd0000)
 concurrent mark-sweep generation total 854992K, used 651000K [0x00000006e9990000, 0x000000071dc84000, 0x00000007c0000000)
 Metaspace       used 29725K, capacity 30277K, committed 30532K, reserved 1077248K
  class space    used 3438K, capacity 3584K, committed 3652K, reserved 1048576K
}
Event: 15073.472 GC heap before
{Heap before GC invocations=12917 (full 7):
 par new generation   total 78656K, used 70237K [0x00000006c0000000, 0x00000006c5550000, 0x00000006e9990000)
  eden space 69952K, 100% used [0x00000006c0000000, 0x00000006c4450000, 0x00000006c4450000)
  from space 8704K,   3% used [0x00000006c4cd0000, 0x00000006c4d17490, 0x00000006c5550000)
  to   space 8704K,   0% used [0x00000006c4450000, 0x00000006c4450000, 0x00000006c4cd0000)
 concurrent mark-sweep generation total 854992K, used 651000K [0x00000006e9990000, 0x000000071dc84000, 0x00000007c0000000)
 Metaspace       used 29725K, capacity 30277K, committed 30532K, reserved 1077248K
  class space    used 3438K, capacity 3584K, committed 3652K, reserved 1048576K
Event: 15073.479 GC heap after
Heap after GC invocations=12918 (full 7):
 par new generation   total 78656K, used 310K [0x00000006c0000000, 0x00000006c5550000, 0x00000006e9990000)
  eden space 69952K,   0% used [0x00000006c0000000, 0x00000006c0000000, 0x00000006c4450000)
  from space 8704K,   3% used [0x00000006c4450000, 0x00000006c449dbc0, 0x00000006c4cd0000)
  to   space 8704K,   0% used [0x00000006c4cd0000, 0x00000006c4cd0000, 0x00000006c5550000)
 concurrent mark-sweep generation total 854992K, used 651000K [0x00000006e9990000, 0x000000071dc84000, 0x00000007c0000000)
 Metaspace       used 29725K, capacity 30277K, committed 30532K, reserved 1077248K
  class space    used 3438K, capacity 3584K, committed 3652K, reserved 1048576K
}
Event: 15075.177 GC heap before
{Heap before GC invocations=12918 (full 7):
 par new generation   total 78656K, used 70262K [0x00000006c0000000, 0x00000006c5550000, 0x00000006e9990000)
  eden space 69952K, 100% used [0x00000006c0000000, 0x00000006c4450000, 0x00000006c4450000)
  from space 8704K,   3% used [0x00000006c4450000, 0x00000006c449dbc0, 0x00000006c4cd0000)
  to   space 8704K,   0% used [0x00000006c4cd0000, 0x00000006c4cd0000, 0x00000006c5550000)
 concurrent mark-sweep generation total 854992K, used 651000K [0x00000006e9990000, 0x000000071dc84000, 0x00000007c0000000)
 Metaspace       used 29725K, capacity 30277K, committed 30532K, reserved 1077248K
  class space    used 3438K, capacity 3584K, committed 3652K, reserved 1048576K
Event: 15075.179 GC heap after
Heap after GC invocations=12919 (full 7):
 par new generation   total 78656K, used 302K [0x00000006c0000000, 0x00000006c5550000, 0x00000006e9990000)
  eden space 69952K,   0% used [0x00000006c0000000, 0x00000006c0000000, 0x00000006c4450000)
  from space 8704K,   3% used [0x00000006c4cd0000, 0x00000006c4d1bbc0, 0x00000006c5550000)
  to   space 8704K,   0% used [0x00000006c4450000, 0x00000006c4450000, 0x00000006c4cd0000)
 concurrent mark-sweep generation total 854992K, used 651000K [0x00000006e9990000, 0x000000071dc84000, 0x00000007c0000000)
 Metaspace       used 29725K, capacity 30277K, committed 30532K, reserved 1077248K
  class space    used 3438K, capacity 3584K, committed 3652K, reserved 1048576K
}
Event: 15076.301 GC heap before
{Heap before GC invocations=12919 (full 7):
 par new generation   total 78656K, used 70254K [0x00000006c0000000, 0x00000006c5550000, 0x00000006e9990000)
  eden space 69952K, 100% used [0x00000006c0000000, 0x00000006c4450000, 0x00000006c4450000)
  from space 8704K,   3% used [0x00000006c4cd0000, 0x00000006c4d1bbc0, 0x00000006c5550000)
  to   space 8704K,   0% used [0x00000006c4450000, 0x00000006c4450000, 0x00000006c4cd0000)
 concurrent mark-sweep generation total 854992K, used 651000K [0x00000006e9990000, 0x000000071dc84000, 0x00000007c0000000)
 Metaspace       used 29725K, capacity 30277K, committed 30532K, reserved 1077248K
  class space    used 3438K, capacity 3584K, committed 3652K, reserved 1048576K
Event: 15077.030 GC heap after
Heap after GC invocations=12920 (full 7):
 par new generation   total 78656K, used 8704K [0x00000006c0000000, 0x00000006c5550000, 0x00000006e9990000)
  eden space 69952K,   0% used [0x00000006c0000000, 0x00000006c0000000, 0x00000006c4450000)
  from space 8704K, 100% used [0x00000006c4450000, 0x00000006c4cd0000, 0x00000006c4cd0000)
  to   space 8704K,   0% used [0x00000006c4cd0000, 0x00000006c4cd0000, 0x00000006c5550000)
 concurrent mark-sweep generation total 854992K, used 716615K [0x00000006e9990000, 0x000000071dc84000, 0x00000007c0000000)
 Metaspace       used 29725K, capacity 30277K, committed 30532K, reserved 1077248K
  class space    used 3438K, capacity 3584K, committed 3652K, reserved 1048576K
}

