# JRE version: Java(TM) SE Runtime Environment (8.0_161-b12) (build 1.8.0_161-b12)
# Java VM: Java HotSpot(TM) 64-Bit Server VM (25.161-b12 mixed mode bsd-amd64 compressed oops)
Heap:
 PSYoungGen      total 153088K, used 124608K [0x0000000715580000, 0x0000000723780000, 0x00000007c0000000)
  eden space 75776K, 64% used [0x0000000715580000,0x000000071854f860,0x0000000719f80000)
  from space 77312K, 97% used [0x000000071a000000,0x000000071e9e0950,0x000000071eb80000)
  to   space 77824K, 0% used [0x000000071eb80000,0x000000071eb80000,0x0000000723780000)
 ParOldGen       total 759808K, used 667302K [0x00000005c0000000, 0x00000005ee600000, 0x0000000715580000)
  object space 759808K, 87% used [0x00000005c0000000,0x00000005e8ba9900,0x00000005ee600000)
 Metaspace       used 28575K, capacity 29039K, committed 29312K, reserved 1075200K
  class space    used 3239K, capacity 3351K, committed 3456K, reserved 1048576K
GC Heap History (10 events):
Event: 13988.328 GC heap before
{Heap before GC invocations=137 (full 2):
 PSYoungGen      total 153600K, used 152152K [0x0000000715580000, 0x0000000723600000, 0x00000007c0000000)
  eden space 78336K, 100% used [0x0000000715580000,0x000000071a200000,0x000000071a200000)
  from space 75264K, 98% used [0x000000071ec80000,0x0000000723496080,0x0000000723600000)
  to   space 75776K, 0% used [0x000000071a200000,0x000000071a200000,0x000000071ec00000)
 ParOldGen       total 759808K, used 667242K [0x00000005c0000000, 0x00000005ee600000, 0x0000000715580000)
  object space 759808K, 87% used [0x00000005c0000000,0x00000005e8b9a8a0,0x00000005ee600000)
 Metaspace       used 28520K, capacity 28975K, committed 29312K, reserved 1075200K
  class space    used 3238K, capacity 3351K, committed 3456K, reserved 1048576K
Event: 13988.333 GC heap after
Heap after GC invocations=137 (full 2):
 PSYoungGen      total 152064K, used 73816K [0x0000000715580000, 0x0000000723580000, 0x00000007c0000000)
  eden space 77824K, 0% used [0x0000000715580000,0x0000000715580000,0x000000071a180000)
  from space 74240K, 99% used [0x000000071a200000,0x000000071ea16080,0x000000071ea80000)
  to   space 75776K, 0% used [0x000000071eb80000,0x000000071eb80000,0x0000000723580000)
 ParOldGen       total 759808K, used 667290K [0x00000005c0000000, 0x00000005ee600000, 0x0000000715580000)
  object space 759808K, 87% used [0x00000005c0000000,0x00000005e8ba68a0,0x00000005ee600000)
 Metaspace       used 28520K, capacity 28975K, committed 29312K, reserved 1075200K
  class space    used 3238K, capacity 3351K, committed 3456K, reserved 1048576K
}
Event: 14007.388 GC heap before
{Heap before GC invocations=138 (full 2):
 PSYoungGen      total 152064K, used 150187K [0x0000000715580000, 0x0000000723580000, 0x00000007c0000000)
  eden space 77824K, 98% used [0x0000000715580000,0x000000071a014bd8,0x000000071a180000)
  from space 74240K, 99% used [0x000000071a200000,0x000000071ea16080,0x000000071ea80000)
  to   space 75776K, 0% used [0x000000071eb80000,0x000000071eb80000,0x0000000723580000)
 ParOldGen       total 759808K, used 667290K [0x00000005c0000000, 0x00000005ee600000, 0x0000000715580000)
  object space 759808K, 87% used [0x00000005c0000000,0x00000005e8ba68a0,0x00000005ee600000)
 Metaspace       used 28520K, capacity 28975K, committed 29312K, reserved 1075200K
  class space    used 3238K, capacity 3351K, committed 3456K, reserved 1048576K
Event: 14007.393 GC heap after
Heap after GC invocations=138 (full 2):
 PSYoungGen      total 152576K, used 73816K [0x0000000715580000, 0x0000000723500000, 0x00000007c0000000)
  eden space 77312K, 0% used [0x0000000715580000,0x0000000715580000,0x000000071a100000)
  from space 75264K, 98% used [0x000000071eb80000,0x0000000723396080,0x0000000723500000)
  to   space 75776K, 0% used [0x000000071a100000,0x000000071a100000,0x000000071eb00000)
 ParOldGen       total 759808K, used 667290K [0x00000005c0000000, 0x00000005ee600000, 0x0000000715580000)
  object space 759808K, 87% used [0x00000005c0000000,0x00000005e8ba68a0,0x00000005ee600000)
 Metaspace       used 28520K, capacity 28975K, committed 29312K, reserved 1075200K
  class space    used 3238K, capacity 3351K, committed 3456K, reserved 1048576K
}
Event: 14026.150 GC heap before
{Heap before GC invocations=139 (full 2):
 PSYoungGen      total 152576K, used 151128K [0x0000000715580000, 0x0000000723500000, 0x00000007c0000000)
  eden space 77312K, 100% used [0x0000000715580000,0x000000071a100000,0x000000071a100000)
  from space 75264K, 98% used [0x000000071eb80000,0x0000000723396080,0x0000000723500000)
  to   space 75776K, 0% used [0x000000071a100000,0x000000071a100000,0x000000071eb00000)
 ParOldGen       total 759808K, used 667290K [0x00000005c0000000, 0x00000005ee600000, 0x0000000715580000)
  object space 759808K, 87% used [0x00000005c0000000,0x00000005e8ba69e0,0x00000005ee600000)
 Metaspace       used 28520K, capacity 28975K, committed 29312K, reserved 1075200K
  class space    used 3238K, capacity 3351K, committed 3456K, reserved 1048576K
Event: 14026.155 GC heap after
Heap after GC invocations=139 (full 2):
 PSYoungGen      total 152576K, used 75650K [0x0000000715580000, 0x0000000723680000, 0x00000007c0000000)
  eden space 76800K, 0% used [0x0000000715580000,0x0000000715580000,0x000000071a080000)
  from space 75776K, 99% used [0x000000071a100000,0x000000071eae0950,0x000000071eb00000)
  to   space 76800K, 0% used [0x000000071eb80000,0x000000071eb80000,0x0000000723680000)
 ParOldGen       total 759808K, used 667290K [0x00000005c0000000, 0x00000005ee600000, 0x0000000715580000)
  object space 759808K, 87% used [0x00000005c0000000,0x00000005e8ba69e0,0x00000005ee600000)
 Metaspace       used 28520K, capacity 28975K, committed 29312K, reserved 1075200K
  class space    used 3238K, capacity 3351K, committed 3456K, reserved 1048576K
}
Event: 14058.279 GC heap before
{Heap before GC invocations=140 (full 2):
 PSYoungGen      total 152576K, used 152450K [0x0000000715580000, 0x0000000723680000, 0x00000007c0000000)
  eden space 76800K, 100% used [0x0000000715580000,0x000000071a080000,0x000000071a080000)
  from space 75776K, 99% used [0x000000071a100000,0x000000071eae0950,0x000000071eb00000)
  to   space 76800K, 0% used [0x000000071eb80000,0x000000071eb80000,0x0000000723680000)
 ParOldGen       total 759808K, used 667294K [0x00000005c0000000, 0x00000005ee600000, 0x0000000715580000)
  object space 759808K, 87% used [0x00000005c0000000,0x00000005e8ba7900,0x00000005ee600000)
 Metaspace       used 28522K, capacity 28975K, committed 29312K, reserved 1075200K
  class space    used 3239K, capacity 3351K, committed 3456K, reserved 1048576K
Event: 14058.284 GC heap after
Heap after GC invocations=140 (full 2):
 PSYoungGen      total 153088K, used 75650K [0x0000000715580000, 0x0000000723700000, 0x00000007c0000000)
  eden space 76288K, 0% used [0x0000000715580000,0x0000000715580000,0x000000071a000000)
  from space 76800K, 98% used [0x000000071eb80000,0x0000000723560950,0x0000000723680000)
  to   space 77312K, 0% used [0x000000071a000000,0x000000071a000000,0x000000071eb80000)
 ParOldGen       total 759808K, used 667294K [0x00000005c0000000, 0x00000005ee600000, 0x0000000715580000)
  object space 759808K, 87% used [0x00000005c0000000,0x00000005e8ba7900,0x00000005ee600000)
 Metaspace       used 28522K, capacity 28975K, committed 29312K, reserved 1075200K
  class space    used 3239K, capacity 3351K, committed 3456K, reserved 1048576K
}
Event: 14085.979 GC heap before
{Heap before GC invocations=141 (full 2):
 PSYoungGen      total 153088K, used 151938K [0x0000000715580000, 0x0000000723700000, 0x00000007c0000000)
  eden space 76288K, 100% used [0x0000000715580000,0x000000071a000000,0x000000071a000000)
  from space 76800K, 98% used [0x000000071eb80000,0x0000000723560950,0x0000000723680000)
  to   space 77312K, 0% used [0x000000071a000000,0x000000071a000000,0x000000071eb80000)
 ParOldGen       total 759808K, used 667294K [0x00000005c0000000, 0x00000005ee600000, 0x0000000715580000)
  object space 759808K, 87% used [0x00000005c0000000,0x00000005e8ba7900,0x00000005ee600000)
 Metaspace       used 28575K, capacity 29039K, committed 29312K, reserved 1075200K
  class space    used 3239K, capacity 3351K, committed 3456K, reserved 1048576K
Event: 14085.984 GC heap after
Heap after GC invocations=141 (full 2):
 PSYoungGen      total 153088K, used 75650K [0x0000000715580000, 0x0000000723780000, 0x00000007c0000000)
  eden space 75776K, 0% used [0x0000000715580000,0x0000000715580000,0x0000000719f80000)
  from space 77312K, 97% used [0x000000071a000000,0x000000071e9e0950,0x000000071eb80000)
  to   space 77824K, 0% used [0x000000071eb80000,0x000000071eb80000,0x0000000723780000)
 ParOldGen       total 759808K, used 667302K [0x00000005c0000000, 0x00000005ee600000, 0x0000000715580000)
  object space 759808K, 87% used [0x00000005c0000000,0x00000005e8ba9900,0x00000005ee600000)
 Metaspace       used 28575K, capacity 29039K, committed 29312K, reserved 1075200K
  class space    used 3239K, capacity 3351K, committed 3456K, reserved 1048576K
}

