# JRE version: Java(TM) SE Runtime Environment (8.0_45-b14) (build 1.8.0_45-b14)
# Java VM: Java HotSpot(TM) 64-Bit Server VM (25.45-b02 mixed mode bsd-amd64 compressed oops)
Heap:
 PSYoungGen      total 47616K, used 47424K [0x000000076ab00000, 0x0000000776380000, 0x00000007c0000000)
  eden space 47104K, 100% used [0x000000076ab00000,0x000000076d900000,0x000000076d900000)
  from space 512K, 62% used [0x0000000776280000,0x00000007762d0000,0x0000000776300000)
  to   space 512K, 93% used [0x0000000776300000,0x0000000776378010,0x0000000776380000)
 ParOldGen       total 252928K, used 162464K [0x00000006c0000000, 0x00000006cf700000, 0x000000076ab00000)
  object space 252928K, 64% used [0x00000006c0000000,0x00000006c9ea8308,0x00000006cf700000)
 Metaspace       used 28208K, capacity 28829K, committed 29056K, reserved 1075200K
  class space    used 3221K, capacity 3367K, committed 3456K, reserved 1048576K
GC Heap History (10 events):
Event: 3754.369 GC heap after
Heap after GC invocations=3585 (full 2):
 PSYoungGen      total 47616K, used 320K [0x000000076ab00000, 0x0000000776380000, 0x00000007c0000000)
  eden space 47104K, 0% used [0x000000076ab00000,0x000000076ab00000,0x000000076d900000)
  from space 512K, 62% used [0x0000000776280000,0x00000007762d0000,0x0000000776300000)
  to   space 512K, 0% used [0x0000000776300000,0x0000000776300000,0x0000000776380000)
 ParOldGen       total 252928K, used 162312K [0x00000006c0000000, 0x00000006cf700000, 0x000000076ab00000)
  object space 252928K, 64% used [0x00000006c0000000,0x00000006c9e822e8,0x00000006cf700000)
 Metaspace       used 28202K, capacity 28829K, committed 29056K, reserved 1075200K
  class space    used 3221K, capacity 3367K, committed 3456K, reserved 1048576K
}
Event: 3759.655 GC heap before
{Heap before GC invocations=3586 (full 2):
 PSYoungGen      total 47616K, used 47424K [0x000000076ab00000, 0x0000000776380000, 0x00000007c0000000)
  eden space 47104K, 100% used [0x000000076ab00000,0x000000076d900000,0x000000076d900000)
  from space 512K, 62% used [0x0000000776280000,0x00000007762d0000,0x0000000776300000)
  to   space 512K, 0% used [0x0000000776300000,0x0000000776300000,0x0000000776380000)
 ParOldGen       total 252928K, used 162312K [0x00000006c0000000, 0x00000006cf700000, 0x000000076ab00000)
  object space 252928K, 64% used [0x00000006c0000000,0x00000006c9e822e8,0x00000006cf700000)
 Metaspace       used 28202K, capacity 28829K, committed 29056K, reserved 1075200K
  class space    used 3221K, capacity 3367K, committed 3456K, reserved 1048576K
Event: 3759.657 GC heap after
Heap after GC invocations=3586 (full 2):
 PSYoungGen      total 47616K, used 256K [0x000000076ab00000, 0x0000000776380000, 0x00000007c0000000)
  eden space 47104K, 0% used [0x000000076ab00000,0x000000076ab00000,0x000000076d900000)
  from space 512K, 50% used [0x0000000776300000,0x0000000776340000,0x0000000776380000)
  to   space 512K, 0% used [0x0000000776280000,0x0000000776280000,0x0000000776300000)
 ParOldGen       total 252928K, used 162312K [0x00000006c0000000, 0x00000006cf700000, 0x000000076ab00000)
  object space 252928K, 64% used [0x00000006c0000000,0x00000006c9e822e8,0x00000006cf700000)
 Metaspace       used 28202K, capacity 28829K, committed 29056K, reserved 1075200K
  class space    used 3221K, capacity 3367K, committed 3456K, reserved 1048576K
}
Event: 3764.860 GC heap before
{Heap before GC invocations=3587 (full 2):
 PSYoungGen      total 47616K, used 47360K [0x000000076ab00000, 0x0000000776380000, 0x00000007c0000000)
  eden space 47104K, 100% used [0x000000076ab00000,0x000000076d900000,0x000000076d900000)
  from space 512K, 50% used [0x0000000776300000,0x0000000776340000,0x0000000776380000)
  to   space 512K, 0% used [0x0000000776280000,0x0000000776280000,0x0000000776300000)
 ParOldGen       total 252928K, used 162312K [0x00000006c0000000, 0x00000006cf700000, 0x000000076ab00000)
  object space 252928K, 64% used [0x00000006c0000000,0x00000006c9e822e8,0x00000006cf700000)
 Metaspace       used 28202K, capacity 28829K, committed 29056K, reserved 1075200K
  class space    used 3221K, capacity 3367K, committed 3456K, reserved 1048576K
Event: 3764.861 GC heap after
Heap after GC invocations=3587 (full 2):
 PSYoungGen      total 47616K, used 288K [0x000000076ab00000, 0x0000000776380000, 0x00000007c0000000)
  eden space 47104K, 0% used [0x000000076ab00000,0x000000076ab00000,0x000000076d900000)
  from space 512K, 56% used [0x0000000776280000,0x00000007762c8000,0x0000000776300000)
  to   space 512K, 0% used [0x0000000776300000,0x0000000776300000,0x0000000776380000)
 ParOldGen       total 252928K, used 162312K [0x00000006c0000000, 0x00000006cf700000, 0x000000076ab00000)
  object space 252928K, 64% used [0x00000006c0000000,0x00000006c9e822e8,0x00000006cf700000)
 Metaspace       used 28202K, capacity 28829K, committed 29056K, reserved 1075200K
  class space    used 3221K, capacity 3367K, committed 3456K, reserved 1048576K
}
Event: 3770.139 GC heap before
{Heap before GC invocations=3588 (full 2):
 PSYoungGen      total 47616K, used 47392K [0x000000076ab00000, 0x0000000776380000, 0x00000007c0000000)
  eden space 47104K, 100% used [0x000000076ab00000,0x000000076d900000,0x000000076d900000)
  from space 512K, 56% used [0x0000000776280000,0x00000007762c8000,0x0000000776300000)
  to   space 512K, 0% used [0x0000000776300000,0x0000000776300000,0x0000000776380000)
 ParOldGen       total 252928K, used 162312K [0x00000006c0000000, 0x00000006cf700000, 0x000000076ab00000)
  object space 252928K, 64% used [0x00000006c0000000,0x00000006c9e822e8,0x00000006cf700000)
 Metaspace       used 28202K, capacity 28829K, committed 29056K, reserved 1075200K
  class space    used 3221K, capacity 3367K, committed 3456K, reserved 1048576K
Event: 3770.140 GC heap after
Heap after GC invocations=3588 (full 2):
 PSYoungGen      total 47616K, used 256K [0x000000076ab00000, 0x0000000776380000, 0x00000007c0000000)
  eden space 47104K, 0% used [0x000000076ab00000,0x000000076ab00000,0x000000076d900000)
  from space 512K, 50% used [0x0000000776300000,0x0000000776340000,0x0000000776380000)
  to   space 512K, 0% used [0x0000000776280000,0x0000000776280000,0x0000000776300000)
 ParOldGen       total 252928K, used 162312K [0x00000006c0000000, 0x00000006cf700000, 0x000000076ab00000)
  object space 252928K, 64% used [0x00000006c0000000,0x00000006c9e822e8,0x00000006cf700000)
 Metaspace       used 28202K, capacity 28829K, committed 29056K, reserved 1075200K
  class space    used 3221K, capacity 3367K, committed 3456K, reserved 1048576K
}
Event: 3775.426 GC heap before
{Heap before GC invocations=3589 (full 2):
 PSYoungGen      total 47616K, used 47360K [0x000000076ab00000, 0x0000000776380000, 0x00000007c0000000)
  eden space 47104K, 100% used [0x000000076ab00000,0x000000076d900000,0x000000076d900000)
  from space 512K, 50% used [0x0000000776300000,0x0000000776340000,0x0000000776380000)
  to   space 512K, 0% used [0x0000000776280000,0x0000000776280000,0x0000000776300000)
 ParOldGen       total 252928K, used 162312K [0x00000006c0000000, 0x00000006cf700000, 0x000000076ab00000)
  object space 252928K, 64% used [0x00000006c0000000,0x00000006c9e822e8,0x00000006cf700000)
 Metaspace       used 28202K, capacity 28829K, committed 29056K, reserved 1075200K
  class space    used 3221K, capacity 3367K, committed 3456K, reserved 1048576K
Event: 3775.427 GC heap after
Heap after GC invocations=3589 (full 2):
 PSYoungGen      total 47616K, used 320K [0x000000076ab00000, 0x0000000776380000, 0x00000007c0000000)
  eden space 47104K, 0% used [0x000000076ab00000,0x000000076ab00000,0x000000076d900000)
  from space 512K, 62% used [0x0000000776280000,0x00000007762d0000,0x0000000776300000)
  to   space 512K, 0% used [0x0000000776300000,0x0000000776300000,0x0000000776380000)
 ParOldGen       total 252928K, used 162312K [0x00000006c0000000, 0x00000006cf700000, 0x000000076ab00000)
  object space 252928K, 64% used [0x00000006c0000000,0x00000006c9e822e8,0x00000006cf700000)
 Metaspace       used 28202K, capacity 28829K, committed 29056K, reserved 1075200K
  class space    used 3221K, capacity 3367K, committed 3456K, reserved 1048576K
}
Event: 3782.129 GC heap before
{Heap before GC invocations=3590 (full 2):
 PSYoungGen      total 47616K, used 47424K [0x000000076ab00000, 0x0000000776380000, 0x00000007c0000000)
  eden space 47104K, 100% used [0x000000076ab00000,0x000000076d900000,0x000000076d900000)
  from space 512K, 62% used [0x0000000776280000,0x00000007762d0000,0x0000000776300000)
  to   space 512K, 0% used [0x0000000776300000,0x0000000776300000,0x0000000776380000)
 ParOldGen       total 252928K, used 162312K [0x00000006c0000000, 0x00000006cf700000, 0x000000076ab00000)
  object space 252928K, 64% used [0x00000006c0000000,0x00000006c9e82308,0x00000006cf700000)
 Metaspace       used 28208K, capacity 28829K, committed 29056K, reserved 1075200K
  class space    used 3221K, capacity 3367K, committed 3456K, reserved 1048576K

