# JRE version: Java(TM) SE Runtime Environment (8.0_161-b12) (build 1.8.0_161-b12)
# Java VM: Java HotSpot(TM) 64-Bit Server VM (25.161-b12 mixed mode bsd-amd64 compressed oops)
Heap:
 PSYoungGen      total 44032K, used 27567K [0x000000076ab00000, 0x000000076d780000, 0x00000007c0000000)
  eden space 43520K, 62% used [0x000000076ab00000,0x000000076c5abc60,0x000000076d580000)
  from space 512K, 50% used [0x000000076d680000,0x000000076d6c0000,0x000000076d700000)
  to   space 512K, 0% used [0x000000076d700000,0x000000076d700000,0x000000076d780000)
 ParOldGen       total 420352K, used 291432K [0x00000006c0000000, 0x00000006d9a80000, 0x000000076ab00000)
  object space 420352K, 69% used [0x00000006c0000000,0x00000006d1c9a100,0x00000006d9a80000)
 Metaspace       used 28960K, capacity 29483K, committed 29824K, reserved 1075200K
  class space    used 3272K, capacity 3393K, committed 3456K, reserved 1048576K
GC Heap History (10 events):
Event: 22038.754 GC heap before
{Heap before GC invocations=13557 (full 4):
 PSYoungGen      total 44032K, used 43744K [0x000000076ab00000, 0x000000076d780000, 0x00000007c0000000)
  eden space 43520K, 100% used [0x000000076ab00000,0x000000076d580000,0x000000076d580000)
  from space 512K, 43% used [0x000000076d700000,0x000000076d738000,0x000000076d780000)
  to   space 512K, 0% used [0x000000076d680000,0x000000076d680000,0x000000076d700000)
 ParOldGen       total 420352K, used 291432K [0x00000006c0000000, 0x00000006d9a80000, 0x000000076ab00000)
  object space 420352K, 69% used [0x00000006c0000000,0x00000006d1c9a100,0x00000006d9a80000)
 Metaspace       used 28960K, capacity 29483K, committed 29824K, reserved 1075200K
  class space    used 3272K, capacity 3393K, committed 3456K, reserved 1048576K
Event: 22038.756 GC heap after
Heap after GC invocations=13557 (full 4):
 PSYoungGen      total 44032K, used 256K [0x000000076ab00000, 0x000000076d780000, 0x00000007c0000000)
  eden space 43520K, 0% used [0x000000076ab00000,0x000000076ab00000,0x000000076d580000)
  from space 512K, 50% used [0x000000076d680000,0x000000076d6c0000,0x000000076d700000)
  to   space 512K, 0% used [0x000000076d700000,0x000000076d700000,0x000000076d780000)
 ParOldGen       total 420352K, used 291432K [0x00000006c0000000, 0x00000006d9a80000, 0x000000076ab00000)
  object space 420352K, 69% used [0x00000006c0000000,0x00000006d1c9a100,0x00000006d9a80000)
 Metaspace       used 28960K, capacity 29483K, committed 29824K, reserved 1075200K
  class space    used 3272K, capacity 3393K, committed 3456K, reserved 1048576K
}
Event: 22040.370 GC heap before
{Heap before GC invocations=13558 (full 4):
 PSYoungGen      total 44032K, used 43776K [0x000000076ab00000, 0x000000076d780000, 0x00000007c0000000)
  eden space 43520K, 100% used [0x000000076ab00000,0x000000076d580000,0x000000076d580000)
  from space 512K, 50% used [0x000000076d680000,0x000000076d6c0000,0x000000076d700000)
  to   space 512K, 0% used [0x000000076d700000,0x000000076d700000,0x000000076d780000)
 ParOldGen       total 420352K, used 291432K [0x00000006c0000000, 0x00000006d9a80000, 0x000000076ab00000)
  object space 420352K, 69% used [0x00000006c0000000,0x00000006d1c9a100,0x00000006d9a80000)
 Metaspace       used 28960K, capacity 29483K, committed 29824K, reserved 1075200K
  class space    used 3272K, capacity 3393K, committed 3456K, reserved 1048576K
Event: 22040.372 GC heap after
Heap after GC invocations=13558 (full 4):
 PSYoungGen      total 44032K, used 192K [0x000000076ab00000, 0x000000076d780000, 0x00000007c0000000)
  eden space 43520K, 0% used [0x000000076ab00000,0x000000076ab00000,0x000000076d580000)
  from space 512K, 37% used [0x000000076d700000,0x000000076d730000,0x000000076d780000)
  to   space 512K, 0% used [0x000000076d680000,0x000000076d680000,0x000000076d700000)
 ParOldGen       total 420352K, used 291432K [0x00000006c0000000, 0x00000006d9a80000, 0x000000076ab00000)
  object space 420352K, 69% used [0x00000006c0000000,0x00000006d1c9a100,0x00000006d9a80000)
 Metaspace       used 28960K, capacity 29483K, committed 29824K, reserved 1075200K
  class space    used 3272K, capacity 3393K, committed 3456K, reserved 1048576K
}
Event: 22041.997 GC heap before
{Heap before GC invocations=13559 (full 4):
 PSYoungGen      total 44032K, used 43712K [0x000000076ab00000, 0x000000076d780000, 0x00000007c0000000)
  eden space 43520K, 100% used [0x000000076ab00000,0x000000076d580000,0x000000076d580000)
  from space 512K, 37% used [0x000000076d700000,0x000000076d730000,0x000000076d780000)
  to   space 512K, 0% used [0x000000076d680000,0x000000076d680000,0x000000076d700000)
 ParOldGen       total 420352K, used 291432K [0x00000006c0000000, 0x00000006d9a80000, 0x000000076ab00000)
  object space 420352K, 69% used [0x00000006c0000000,0x00000006d1c9a100,0x00000006d9a80000)
 Metaspace       used 28960K, capacity 29483K, committed 29824K, reserved 1075200K
  class space    used 3272K, capacity 3393K, committed 3456K, reserved 1048576K
Event: 22041.999 GC heap after
Heap after GC invocations=13559 (full 4):
 PSYoungGen      total 44032K, used 288K [0x000000076ab00000, 0x000000076d780000, 0x00000007c0000000)
  eden space 43520K, 0% used [0x000000076ab00000,0x000000076ab00000,0x000000076d580000)
  from space 512K, 56% used [0x000000076d680000,0x000000076d6c8000,0x000000076d700000)
  to   space 512K, 0% used [0x000000076d700000,0x000000076d700000,0x000000076d780000)
 ParOldGen       total 420352K, used 291432K [0x00000006c0000000, 0x00000006d9a80000, 0x000000076ab00000)
  object space 420352K, 69% used [0x00000006c0000000,0x00000006d1c9a100,0x00000006d9a80000)
 Metaspace       used 28960K, capacity 29483K, committed 29824K, reserved 1075200K
  class space    used 3272K, capacity 3393K, committed 3456K, reserved 1048576K
}
Event: 22043.603 GC heap before
{Heap before GC invocations=13560 (full 4):
 PSYoungGen      total 44032K, used 43808K [0x000000076ab00000, 0x000000076d780000, 0x00000007c0000000)
  eden space 43520K, 100% used [0x000000076ab00000,0x000000076d580000,0x000000076d580000)
  from space 512K, 56% used [0x000000076d680000,0x000000076d6c8000,0x000000076d700000)
  to   space 512K, 0% used [0x000000076d700000,0x000000076d700000,0x000000076d780000)
 ParOldGen       total 420352K, used 291432K [0x00000006c0000000, 0x00000006d9a80000, 0x000000076ab00000)
  object space 420352K, 69% used [0x00000006c0000000,0x00000006d1c9a100,0x00000006d9a80000)
 Metaspace       used 28960K, capacity 29483K, committed 29824K, reserved 1075200K
  class space    used 3272K, capacity 3393K, committed 3456K, reserved 1048576K
Event: 22043.605 GC heap after
Heap after GC invocations=13560 (full 4):
 PSYoungGen      total 44032K, used 256K [0x000000076ab00000, 0x000000076d780000, 0x00000007c0000000)
  eden space 43520K, 0% used [0x000000076ab00000,0x000000076ab00000,0x000000076d580000)
  from space 512K, 50% used [0x000000076d700000,0x000000076d740000,0x000000076d780000)
  to   space 512K, 0% used [0x000000076d680000,0x000000076d680000,0x000000076d700000)
 ParOldGen       total 420352K, used 291432K [0x00000006c0000000, 0x00000006d9a80000, 0x000000076ab00000)
  object space 420352K, 69% used [0x00000006c0000000,0x00000006d1c9a100,0x00000006d9a80000)
 Metaspace       used 28960K, capacity 29483K, committed 29824K, reserved 1075200K
  class space    used 3272K, capacity 3393K, committed 3456K, reserved 1048576K
}
Event: 22045.241 GC heap before
{Heap before GC invocations=13561 (full 4):
 PSYoungGen      total 44032K, used 43776K [0x000000076ab00000, 0x000000076d780000, 0x00000007c0000000)
  eden space 43520K, 100% used [0x000000076ab00000,0x000000076d580000,0x000000076d580000)
  from space 512K, 50% used [0x000000076d700000,0x000000076d740000,0x000000076d780000)
  to   space 512K, 0% used [0x000000076d680000,0x000000076d680000,0x000000076d700000)
 ParOldGen       total 420352K, used 291432K [0x00000006c0000000, 0x00000006d9a80000, 0x000000076ab00000)
  object space 420352K, 69% used [0x00000006c0000000,0x00000006d1c9a100,0x00000006d9a80000)
 Metaspace       used 28960K, capacity 29483K, committed 29824K, reserved 1075200K
  class space    used 3272K, capacity 3393K, committed 3456K, reserved 1048576K
Event: 22045.243 GC heap after
Heap after GC invocations=13561 (full 4):
 PSYoungGen      total 44032K, used 256K [0x000000076ab00000, 0x000000076d780000, 0x00000007c0000000)
  eden space 43520K, 0% used [0x000000076ab00000,0x000000076ab00000,0x000000076d580000)
  from space 512K, 50% used [0x000000076d680000,0x000000076d6c0000,0x000000076d700000)
  to   space 512K, 0% used [0x000000076d700000,0x000000076d700000,0x000000076d780000)
 ParOldGen       total 420352K, used 291432K [0x00000006c0000000, 0x00000006d9a80000, 0x000000076ab00000)
  object space 420352K, 69% used [0x00000006c0000000,0x00000006d1c9a100,0x00000006d9a80000)
 Metaspace       used 28960K, capacity 29483K, committed 29824K, reserved 1075200K
  class space    used 3272K, capacity 3393K, committed 3456K, reserved 1048576K
}

