# JRE version: Java(TM) SE Runtime Environment (8.0_45-b14) (build 1.8.0_45-b14)
# Java VM: Java HotSpot(TM) 64-Bit Server VM (25.45-b02 mixed mode bsd-amd64 compressed oops)
Heap:
 PSYoungGen      total 98816K, used 44538K [0x000000076ab00000, 0x0000000772400000, 0x00000007c0000000)
  eden space 78848K, 42% used [0x000000076ab00000,0x000000076cbacc90,0x000000076f800000)
  from space 19968K, 55% used [0x0000000771080000,0x0000000771b51ef8,0x0000000772400000)
  to   space 22528K, 0% used [0x000000076f800000,0x000000076f800000,0x0000000770e00000)
 ParOldGen       total 108032K, used 32612K [0x00000006c0000000, 0x00000006c6980000, 0x000000076ab00000)
  object space 108032K, 30% used [0x00000006c0000000,0x00000006c1fd93f8,0x00000006c6980000)
 Metaspace       used 26186K, capacity 26545K, committed 26672K, reserved 1073152K
  class space    used 2982K, capacity 3100K, committed 3120K, reserved 1048576K
GC Heap History (10 events):
Event: 259.462 GC heap before
{Heap before GC invocations=7 (full 1):
 PSYoungGen      total 97280K, used 97248K [0x000000076ab00000, 0x0000000773380000, 0x00000007c0000000)
  eden space 86528K, 100% used [0x000000076ab00000,0x000000076ff80000,0x000000076ff80000)
  from space 10752K, 99% used [0x0000000770600000,0x0000000771078130,0x0000000771080000)
  to   space 26624K, 0% used [0x0000000771980000,0x0000000771980000,0x0000000773380000)
 ParOldGen       total 108032K, used 32592K [0x00000006c0000000, 0x00000006c6980000, 0x000000076ab00000)
  object space 108032K, 30% used [0x00000006c0000000,0x00000006c1fd41b0,0x00000006c6980000)
 Metaspace       used 26118K, capacity 26441K, committed 26672K, reserved 1073152K
  class space    used 2973K, capacity 3090K, committed 3120K, reserved 1048576K
Event: 259.470 GC heap after
Heap after GC invocations=7 (full 1):
 PSYoungGen      total 108032K, used 11159K [0x000000076ab00000, 0x0000000773000000, 0x00000007c0000000)
  eden space 84992K, 0% used [0x000000076ab00000,0x000000076ab00000,0x000000076fe00000)
  from space 23040K, 48% used [0x0000000771980000,0x0000000772465ec8,0x0000000773000000)
  to   space 25600K, 0% used [0x000000076fe00000,0x000000076fe00000,0x0000000771700000)
 ParOldGen       total 108032K, used 32600K [0x00000006c0000000, 0x00000006c6980000, 0x000000076ab00000)
  object space 108032K, 30% used [0x00000006c0000000,0x00000006c1fd61b0,0x00000006c6980000)
 Metaspace       used 26118K, capacity 26441K, committed 26672K, reserved 1073152K
  class space    used 2973K, capacity 3090K, committed 3120K, reserved 1048576K
}
Event: 348.725 GC heap before
{Heap before GC invocations=8 (full 1):
 PSYoungGen      total 108032K, used 96151K [0x000000076ab00000, 0x0000000773000000, 0x00000007c0000000)
  eden space 84992K, 100% used [0x000000076ab00000,0x000000076fe00000,0x000000076fe00000)
  from space 23040K, 48% used [0x0000000771980000,0x0000000772465ec8,0x0000000773000000)
  to   space 25600K, 0% used [0x000000076fe00000,0x000000076fe00000,0x0000000771700000)
 ParOldGen       total 108032K, used 32600K [0x00000006c0000000, 0x00000006c6980000, 0x000000076ab00000)
  object space 108032K, 30% used [0x00000006c0000000,0x00000006c1fd61b0,0x00000006c6980000)
 Metaspace       used 26135K, capacity 26441K, committed 26672K, reserved 1073152K
  class space    used 2973K, capacity 3090K, committed 3120K, reserved 1048576K
Event: 348.732 GC heap after
Heap after GC invocations=8 (full 1):
 PSYoungGen      total 95232K, used 11426K [0x000000076ab00000, 0x0000000772c80000, 0x00000007c0000000)
  eden space 83456K, 0% used [0x000000076ab00000,0x000000076ab00000,0x000000076fc80000)
  from space 11776K, 97% used [0x000000076fe00000,0x0000000770928af8,0x0000000770980000)
  to   space 24576K, 0% used [0x0000000771480000,0x0000000771480000,0x0000000772c80000)
 ParOldGen       total 108032K, used 32608K [0x00000006c0000000, 0x00000006c6980000, 0x000000076ab00000)
  object space 108032K, 30% used [0x00000006c0000000,0x00000006c1fd81b0,0x00000006c6980000)
 Metaspace       used 26135K, capacity 26441K, committed 26672K, reserved 1073152K
  class space    used 2973K, capacity 3090K, committed 3120K, reserved 1048576K
}
Event: 440.292 GC heap before
{Heap before GC invocations=9 (full 1):
 PSYoungGen      total 95232K, used 94882K [0x000000076ab00000, 0x0000000772c80000, 0x00000007c0000000)
  eden space 83456K, 100% used [0x000000076ab00000,0x000000076fc80000,0x000000076fc80000)
  from space 11776K, 97% used [0x000000076fe00000,0x0000000770928af8,0x0000000770980000)
  to   space 24576K, 0% used [0x0000000771480000,0x0000000771480000,0x0000000772c80000)
 ParOldGen       total 108032K, used 32608K [0x00000006c0000000, 0x00000006c6980000, 0x000000076ab00000)
  object space 108032K, 30% used [0x00000006c0000000,0x00000006c1fd81b0,0x00000006c6980000)
 Metaspace       used 26135K, capacity 26441K, committed 26672K, reserved 1073152K
  class space    used 2973K, capacity 3090K, committed 3120K, reserved 1048576K
Event: 440.301 GC heap after
Heap after GC invocations=9 (full 1):
 PSYoungGen      total 103936K, used 11140K [0x000000076ab00000, 0x0000000772a00000, 0x00000007c0000000)
  eden space 81920K, 0% used [0x000000076ab00000,0x000000076ab00000,0x000000076fb00000)
  from space 22016K, 50% used [0x0000000771480000,0x0000000771f612b8,0x0000000772a00000)
  to   space 24064K, 0% used [0x000000076fb00000,0x000000076fb00000,0x0000000771280000)
 ParOldGen       total 108032K, used 32608K [0x00000006c0000000, 0x00000006c6980000, 0x000000076ab00000)
  object space 108032K, 30% used [0x00000006c0000000,0x00000006c1fd81b0,0x00000006c6980000)
 Metaspace       used 26135K, capacity 26441K, committed 26672K, reserved 1073152K
  class space    used 2973K, capacity 3090K, committed 3120K, reserved 1048576K
}
Event: 532.775 GC heap before
{Heap before GC invocations=10 (full 1):
 PSYoungGen      total 103936K, used 93060K [0x000000076ab00000, 0x0000000772a00000, 0x00000007c0000000)
  eden space 81920K, 100% used [0x000000076ab00000,0x000000076fb00000,0x000000076fb00000)
  from space 22016K, 50% used [0x0000000771480000,0x0000000771f612b8,0x0000000772a00000)
  to   space 24064K, 0% used [0x000000076fb00000,0x000000076fb00000,0x0000000771280000)
 ParOldGen       total 108032K, used 32608K [0x00000006c0000000, 0x00000006c6980000, 0x000000076ab00000)
  object space 108032K, 30% used [0x00000006c0000000,0x00000006c1fd8318,0x00000006c6980000)
 Metaspace       used 26140K, capacity 26505K, committed 26672K, reserved 1073152K
  class space    used 2974K, capacity 3090K, committed 3120K, reserved 1048576K
Event: 532.780 GC heap after
Heap after GC invocations=10 (full 1):
 PSYoungGen      total 91648K, used 11047K [0x000000076ab00000, 0x0000000772780000, 0x00000007c0000000)
  eden space 80384K, 0% used [0x000000076ab00000,0x000000076ab00000,0x000000076f980000)
  from space 11264K, 98% used [0x000000076fb00000,0x00000007705c9ed8,0x0000000770600000)
  to   space 23552K, 0% used [0x0000000771080000,0x0000000771080000,0x0000000772780000)
 ParOldGen       total 108032K, used 32608K [0x00000006c0000000, 0x00000006c6980000, 0x000000076ab00000)
  object space 108032K, 30% used [0x00000006c0000000,0x00000006c1fd8318,0x00000006c6980000)
 Metaspace       used 26140K, capacity 26505K, committed 26672K, reserved 1073152K
  class space    used 2974K, capacity 3090K, committed 3120K, reserved 1048576K
}
Event: 628.193 GC heap before
{Heap before GC invocations=11 (full 1):
 PSYoungGen      total 91648K, used 91431K [0x000000076ab00000, 0x0000000772780000, 0x00000007c0000000)
  eden space 80384K, 100% used [0x000000076ab00000,0x000000076f980000,0x000000076f980000)
  from space 11264K, 98% used [0x000000076fb00000,0x00000007705c9ed8,0x0000000770600000)
  to   space 23552K, 0% used [0x0000000771080000,0x0000000771080000,0x0000000772780000)
 ParOldGen       total 108032K, used 32612K [0x00000006c0000000, 0x00000006c6980000, 0x000000076ab00000)
  object space 108032K, 30% used [0x00000006c0000000,0x00000006c1fd93f8,0x00000006c6980000)
 Metaspace       used 26180K, capacity 26545K, committed 26672K, reserved 1073152K
  class space    used 2982K, capacity 3100K, committed 3120K, reserved 1048576K
Event: 628.199 GC heap after
Heap after GC invocations=11 (full 1):
 PSYoungGen      total 98816K, used 11079K [0x000000076ab00000, 0x0000000772400000, 0x00000007c0000000)
  eden space 78848K, 0% used [0x000000076ab00000,0x000000076ab00000,0x000000076f800000)
  from space 19968K, 55% used [0x0000000771080000,0x0000000771b51ef8,0x0000000772400000)
  to   space 22528K, 0% used [0x000000076f800000,0x000000076f800000,0x0000000770e00000)
 ParOldGen       total 108032K, used 32612K [0x00000006c0000000, 0x00000006c6980000, 0x000000076ab00000)
  object space 108032K, 30% used [0x00000006c0000000,0x00000006c1fd93f8,0x00000006c6980000)
 Metaspace       used 26180K, capacity 26545K, committed 26672K, reserved 1073152K
  class space    used 2982K, capacity 3100K, committed 3120K, reserved 1048576K
}

