# JRE version: Java(TM) SE Runtime Environment (8.0_161-b12) (build 1.8.0_161-b12)
# Java VM: Java HotSpot(TM) 64-Bit Server VM (25.161-b12 mixed mode bsd-amd64 compressed oops)
Heap:
 PSYoungGen      total 47616K, used 47392K [0x000000076ab00000, 0x000000076da80000, 0x00000007c0000000)
  eden space 47104K, 100% used [0x000000076ab00000,0x000000076d900000,0x000000076d900000)
  from space 512K, 56% used [0x000000076d980000,0x000000076d9c8000,0x000000076da00000)
  to   space 512K, 31% used [0x000000076da00000,0x000000076da28000,0x000000076da80000)
 ParOldGen       total 486912K, used 331352K [0x00000006c0000000, 0x00000006ddb80000, 0x000000076ab00000)
  object space 486912K, 68% used [0x00000006c0000000,0x00000006d43960b0,0x00000006ddb80000)
 Metaspace       used 28654K, capacity 29245K, committed 29616K, reserved 1075200K
  class space    used 3267K, capacity 3422K, committed 3504K, reserved 1048576K
GC Heap History (10 events):
Event: 28207.395 GC heap after
Heap after GC invocations=13088 (full 5):
 PSYoungGen      total 47616K, used 256K [0x000000076ab00000, 0x000000076da80000, 0x00000007c0000000)
  eden space 47104K, 0% used [0x000000076ab00000,0x000000076ab00000,0x000000076d900000)
  from space 512K, 50% used [0x000000076d980000,0x000000076d9c0000,0x000000076da00000)
  to   space 512K, 0% used [0x000000076da00000,0x000000076da00000,0x000000076da80000)
 ParOldGen       total 486912K, used 331352K [0x00000006c0000000, 0x00000006ddb80000, 0x000000076ab00000)
  object space 486912K, 68% used [0x00000006c0000000,0x00000006d43960b0,0x00000006ddb80000)
 Metaspace       used 28654K, capacity 29245K, committed 29616K, reserved 1075200K
  class space    used 3267K, capacity 3422K, committed 3504K, reserved 1048576K
}
Event: 28208.832 GC heap before
{Heap before GC invocations=13089 (full 5):
 PSYoungGen      total 47616K, used 47360K [0x000000076ab00000, 0x000000076da80000, 0x00000007c0000000)
  eden space 47104K, 100% used [0x000000076ab00000,0x000000076d900000,0x000000076d900000)
  from space 512K, 50% used [0x000000076d980000,0x000000076d9c0000,0x000000076da00000)
  to   space 512K, 0% used [0x000000076da00000,0x000000076da00000,0x000000076da80000)
 ParOldGen       total 486912K, used 331352K [0x00000006c0000000, 0x00000006ddb80000, 0x000000076ab00000)
  object space 486912K, 68% used [0x00000006c0000000,0x00000006d43960b0,0x00000006ddb80000)
 Metaspace       used 28654K, capacity 29245K, committed 29616K, reserved 1075200K
  class space    used 3267K, capacity 3422K, committed 3504K, reserved 1048576K
Event: 28208.834 GC heap after
Heap after GC invocations=13089 (full 5):
 PSYoungGen      total 47616K, used 320K [0x000000076ab00000, 0x000000076da80000, 0x00000007c0000000)
  eden space 47104K, 0% used [0x000000076ab00000,0x000000076ab00000,0x000000076d900000)
  from space 512K, 62% used [0x000000076da00000,0x000000076da50000,0x000000076da80000)
  to   space 512K, 0% used [0x000000076d980000,0x000000076d980000,0x000000076da00000)
 ParOldGen       total 486912K, used 331352K [0x00000006c0000000, 0x00000006ddb80000, 0x000000076ab00000)
  object space 486912K, 68% used [0x00000006c0000000,0x00000006d43960b0,0x00000006ddb80000)
 Metaspace       used 28654K, capacity 29245K, committed 29616K, reserved 1075200K
  class space    used 3267K, capacity 3422K, committed 3504K, reserved 1048576K
}
Event: 28210.269 GC heap before
{Heap before GC invocations=13090 (full 5):
 PSYoungGen      total 47616K, used 47424K [0x000000076ab00000, 0x000000076da80000, 0x00000007c0000000)
  eden space 47104K, 100% used [0x000000076ab00000,0x000000076d900000,0x000000076d900000)
  from space 512K, 62% used [0x000000076da00000,0x000000076da50000,0x000000076da80000)
  to   space 512K, 0% used [0x000000076d980000,0x000000076d980000,0x000000076da00000)
 ParOldGen       total 486912K, used 331352K [0x00000006c0000000, 0x00000006ddb80000, 0x000000076ab00000)
  object space 486912K, 68% used [0x00000006c0000000,0x00000006d43960b0,0x00000006ddb80000)
 Metaspace       used 28654K, capacity 29245K, committed 29616K, reserved 1075200K
  class space    used 3267K, capacity 3422K, committed 3504K, reserved 1048576K
Event: 28210.271 GC heap after
Heap after GC invocations=13090 (full 5):
 PSYoungGen      total 47616K, used 288K [0x000000076ab00000, 0x000000076da80000, 0x00000007c0000000)
  eden space 47104K, 0% used [0x000000076ab00000,0x000000076ab00000,0x000000076d900000)
  from space 512K, 56% used [0x000000076d980000,0x000000076d9c8000,0x000000076da00000)
  to   space 512K, 0% used [0x000000076da00000,0x000000076da00000,0x000000076da80000)
 ParOldGen       total 486912K, used 331352K [0x00000006c0000000, 0x00000006ddb80000, 0x000000076ab00000)
  object space 486912K, 68% used [0x00000006c0000000,0x00000006d43960b0,0x00000006ddb80000)
 Metaspace       used 28654K, capacity 29245K, committed 29616K, reserved 1075200K
  class space    used 3267K, capacity 3422K, committed 3504K, reserved 1048576K
}
Event: 28211.740 GC heap before
{Heap before GC invocations=13091 (full 5):
 PSYoungGen      total 47616K, used 47392K [0x000000076ab00000, 0x000000076da80000, 0x00000007c0000000)
  eden space 47104K, 100% used [0x000000076ab00000,0x000000076d900000,0x000000076d900000)
  from space 512K, 56% used [0x000000076d980000,0x000000076d9c8000,0x000000076da00000)
  to   space 512K, 0% used [0x000000076da00000,0x000000076da00000,0x000000076da80000)
 ParOldGen       total 486912K, used 331352K [0x00000006c0000000, 0x00000006ddb80000, 0x000000076ab00000)
  object space 486912K, 68% used [0x00000006c0000000,0x00000006d43960b0,0x00000006ddb80000)
 Metaspace       used 28654K, capacity 29245K, committed 29616K, reserved 1075200K
  class space    used 3267K, capacity 3422K, committed 3504K, reserved 1048576K
Event: 28211.742 GC heap after
Heap after GC invocations=13091 (full 5):
 PSYoungGen      total 47616K, used 320K [0x000000076ab00000, 0x000000076da80000, 0x00000007c0000000)
  eden space 47104K, 0% used [0x000000076ab00000,0x000000076ab00000,0x000000076d900000)
  from space 512K, 62% used [0x000000076da00000,0x000000076da50000,0x000000076da80000)
  to   space 512K, 0% used [0x000000076d980000,0x000000076d980000,0x000000076da00000)
 ParOldGen       total 486912K, used 331352K [0x00000006c0000000, 0x00000006ddb80000, 0x000000076ab00000)
  object space 486912K, 68% used [0x00000006c0000000,0x00000006d43960b0,0x00000006ddb80000)
 Metaspace       used 28654K, capacity 29245K, committed 29616K, reserved 1075200K
  class space    used 3267K, capacity 3422K, committed 3504K, reserved 1048576K
}
Event: 28213.219 GC heap before
{Heap before GC invocations=13092 (full 5):
 PSYoungGen      total 47616K, used 47424K [0x000000076ab00000, 0x000000076da80000, 0x00000007c0000000)
  eden space 47104K, 100% used [0x000000076ab00000,0x000000076d900000,0x000000076d900000)
  from space 512K, 62% used [0x000000076da00000,0x000000076da50000,0x000000076da80000)
  to   space 512K, 0% used [0x000000076d980000,0x000000076d980000,0x000000076da00000)
 ParOldGen       total 486912K, used 331352K [0x00000006c0000000, 0x00000006ddb80000, 0x000000076ab00000)
  object space 486912K, 68% used [0x00000006c0000000,0x00000006d43960b0,0x00000006ddb80000)
 Metaspace       used 28654K, capacity 29245K, committed 29616K, reserved 1075200K
  class space    used 3267K, capacity 3422K, committed 3504K, reserved 1048576K
Event: 28213.221 GC heap after
Heap after GC invocations=13092 (full 5):
 PSYoungGen      total 47616K, used 288K [0x000000076ab00000, 0x000000076da80000, 0x00000007c0000000)
  eden space 47104K, 0% used [0x000000076ab00000,0x000000076ab00000,0x000000076d900000)
  from space 512K, 56% used [0x000000076d980000,0x000000076d9c8000,0x000000076da00000)
  to   space 512K, 0% used [0x000000076da00000,0x000000076da00000,0x000000076da80000)
 ParOldGen       total 486912K, used 331352K [0x00000006c0000000, 0x00000006ddb80000, 0x000000076ab00000)
  object space 486912K, 68% used [0x00000006c0000000,0x00000006d43960b0,0x00000006ddb80000)
 Metaspace       used 28654K, capacity 29245K, committed 29616K, reserved 1075200K
  class space    used 3267K, capacity 3422K, committed 3504K, reserved 1048576K
}
Event: 28214.843 GC heap before
{Heap before GC invocations=13093 (full 5):
 PSYoungGen      total 47616K, used 47392K [0x000000076ab00000, 0x000000076da80000, 0x00000007c0000000)
  eden space 47104K, 100% used [0x000000076ab00000,0x000000076d900000,0x000000076d900000)
  from space 512K, 56% used [0x000000076d980000,0x000000076d9c8000,0x000000076da00000)
  to   space 512K, 0% used [0x000000076da00000,0x000000076da00000,0x000000076da80000)
 ParOldGen       total 486912K, used 331352K [0x00000006c0000000, 0x00000006ddb80000, 0x000000076ab00000)
  object space 486912K, 68% used [0x00000006c0000000,0x00000006d43960b0,0x00000006ddb80000)
 Metaspace       used 28654K, capacity 29245K, committed 29616K, reserved 1075200K
  class space    used 3267K, capacity 3422K, committed 3504K, reserved 1048576K

