# JRE version: Java(TM) SE Runtime Environment (8.0_45-b14) (build 1.8.0_45-b14)
# Java VM: Java HotSpot(TM) 64-Bit Server VM (25.45-b02 mixed mode bsd-amd64 compressed oops)
Heap:
 PSYoungGen      total 36864K, used 31175K [0x000000076ab00000, 0x000000076d080000, 0x00000007c0000000)
  eden space 35328K, 86% used [0x000000076ab00000,0x000000076c8c9fe0,0x000000076cd80000)
  from space 1536K, 43% used [0x000000076cf00000,0x000000076cfa8000,0x000000076d080000)
  to   space 1536K, 0% used [0x000000076cd80000,0x000000076cd80000,0x000000076cf00000)
 ParOldGen       total 94208K, used 52893K [0x00000006c0000000, 0x00000006c5c00000, 0x000000076ab00000)
  object space 94208K, 56% used [0x00000006c0000000,0x00000006c33a7750,0x00000006c5c00000)
 Metaspace       used 26476K, capacity 26741K, committed 27008K, reserved 1073152K
  class space    used 2986K, capacity 3088K, committed 3200K, reserved 1048576K
GC Heap History (10 events):
Event: 5954.642 GC heap before
{Heap before GC invocations=91 (full 1):
 PSYoungGen      total 36864K, used 36000K [0x000000076ab00000, 0x000000076d080000, 0x00000007c0000000)
  eden space 35328K, 100% used [0x000000076ab00000,0x000000076cd80000,0x000000076cd80000)
  from space 1536K, 43% used [0x000000076cd80000,0x000000076ce28000,0x000000076cf00000)
  to   space 1536K, 0% used [0x000000076cf00000,0x000000076cf00000,0x000000076d080000)
 ParOldGen       total 94208K, used 52891K [0x00000006c0000000, 0x00000006c5c00000, 0x000000076ab00000)
  object space 94208K, 56% used [0x00000006c0000000,0x00000006c33a6d48,0x00000006c5c00000)
 Metaspace       used 26475K, capacity 26741K, committed 27008K, reserved 1073152K
  class space    used 2986K, capacity 3088K, committed 3200K, reserved 1048576K
Event: 5954.645 GC heap after
Heap after GC invocations=91 (full 1):
 PSYoungGen      total 36864K, used 704K [0x000000076ab00000, 0x000000076d080000, 0x00000007c0000000)
  eden space 35328K, 0% used [0x000000076ab00000,0x000000076ab00000,0x000000076cd80000)
  from space 1536K, 45% used [0x000000076cf00000,0x000000076cfb0000,0x000000076d080000)
  to   space 1536K, 0% used [0x000000076cd80000,0x000000076cd80000,0x000000076cf00000)
 ParOldGen       total 94208K, used 52891K [0x00000006c0000000, 0x00000006c5c00000, 0x000000076ab00000)
  object space 94208K, 56% used [0x00000006c0000000,0x00000006c33a6d48,0x00000006c5c00000)
 Metaspace       used 26475K, capacity 26741K, committed 27008K, reserved 1073152K
  class space    used 2986K, capacity 3088K, committed 3200K, reserved 1048576K
}
Event: 6002.397 GC heap before
{Heap before GC invocations=92 (full 1):
 PSYoungGen      total 36864K, used 36032K [0x000000076ab00000, 0x000000076d080000, 0x00000007c0000000)
  eden space 35328K, 100% used [0x000000076ab00000,0x000000076cd80000,0x000000076cd80000)
  from space 1536K, 45% used [0x000000076cf00000,0x000000076cfb0000,0x000000076d080000)
  to   space 1536K, 0% used [0x000000076cd80000,0x000000076cd80000,0x000000076cf00000)
 ParOldGen       total 94208K, used 52891K [0x00000006c0000000, 0x00000006c5c00000, 0x000000076ab00000)
  object space 94208K, 56% used [0x00000006c0000000,0x00000006c33a6d48,0x00000006c5c00000)
 Metaspace       used 26475K, capacity 26741K, committed 27008K, reserved 1073152K
  class space    used 2986K, capacity 3088K, committed 3200K, reserved 1048576K
Event: 6002.400 GC heap after
Heap after GC invocations=92 (full 1):
 PSYoungGen      total 36864K, used 704K [0x000000076ab00000, 0x000000076d080000, 0x00000007c0000000)
  eden space 35328K, 0% used [0x000000076ab00000,0x000000076ab00000,0x000000076cd80000)
  from space 1536K, 45% used [0x000000076cd80000,0x000000076ce30000,0x000000076cf00000)
  to   space 1536K, 0% used [0x000000076cf00000,0x000000076cf00000,0x000000076d080000)
 ParOldGen       total 94208K, used 52891K [0x00000006c0000000, 0x00000006c5c00000, 0x000000076ab00000)
  object space 94208K, 56% used [0x00000006c0000000,0x00000006c33a6d48,0x00000006c5c00000)
 Metaspace       used 26475K, capacity 26741K, committed 27008K, reserved 1073152K
  class space    used 2986K, capacity 3088K, committed 3200K, reserved 1048576K
}
Event: 6050.225 GC heap before
{Heap before GC invocations=93 (full 1):
 PSYoungGen      total 36864K, used 36032K [0x000000076ab00000, 0x000000076d080000, 0x00000007c0000000)
  eden space 35328K, 100% used [0x000000076ab00000,0x000000076cd80000,0x000000076cd80000)
  from space 1536K, 45% used [0x000000076cd80000,0x000000076ce30000,0x000000076cf00000)
  to   space 1536K, 0% used [0x000000076cf00000,0x000000076cf00000,0x000000076d080000)
 ParOldGen       total 94208K, used 52891K [0x00000006c0000000, 0x00000006c5c00000, 0x000000076ab00000)
  object space 94208K, 56% used [0x00000006c0000000,0x00000006c33a6d48,0x00000006c5c00000)
 Metaspace       used 26475K, capacity 26741K, committed 27008K, reserved 1073152K
  class space    used 2986K, capacity 3088K, committed 3200K, reserved 1048576K
Event: 6050.228 GC heap after
Heap after GC invocations=93 (full 1):
 PSYoungGen      total 36864K, used 672K [0x000000076ab00000, 0x000000076d080000, 0x00000007c0000000)
  eden space 35328K, 0% used [0x000000076ab00000,0x000000076ab00000,0x000000076cd80000)
  from space 1536K, 43% used [0x000000076cf00000,0x000000076cfa8000,0x000000076d080000)
  to   space 1536K, 0% used [0x000000076cd80000,0x000000076cd80000,0x000000076cf00000)
 ParOldGen       total 94208K, used 52891K [0x00000006c0000000, 0x00000006c5c00000, 0x000000076ab00000)
  object space 94208K, 56% used [0x00000006c0000000,0x00000006c33a6d48,0x00000006c5c00000)
 Metaspace       used 26475K, capacity 26741K, committed 27008K, reserved 1073152K
  class space    used 2986K, capacity 3088K, committed 3200K, reserved 1048576K
}
Event: 6098.201 GC heap before
{Heap before GC invocations=94 (full 1):
 PSYoungGen      total 36864K, used 36000K [0x000000076ab00000, 0x000000076d080000, 0x00000007c0000000)
  eden space 35328K, 100% used [0x000000076ab00000,0x000000076cd80000,0x000000076cd80000)
  from space 1536K, 43% used [0x000000076cf00000,0x000000076cfa8000,0x000000076d080000)
  to   space 1536K, 0% used [0x000000076cd80000,0x000000076cd80000,0x000000076cf00000)
 ParOldGen       total 94208K, used 52891K [0x00000006c0000000, 0x00000006c5c00000, 0x000000076ab00000)
  object space 94208K, 56% used [0x00000006c0000000,0x00000006c33a6e68,0x00000006c5c00000)
 Metaspace       used 26475K, capacity 26741K, committed 27008K, reserved 1073152K
  class space    used 2986K, capacity 3088K, committed 3200K, reserved 1048576K
Event: 6098.204 GC heap after
Heap after GC invocations=94 (full 1):
 PSYoungGen      total 36864K, used 768K [0x000000076ab00000, 0x000000076d080000, 0x00000007c0000000)
  eden space 35328K, 0% used [0x000000076ab00000,0x000000076ab00000,0x000000076cd80000)
  from space 1536K, 50% used [0x000000076cd80000,0x000000076ce40000,0x000000076cf00000)
  to   space 1536K, 0% used [0x000000076cf00000,0x000000076cf00000,0x000000076d080000)
 ParOldGen       total 94208K, used 52891K [0x00000006c0000000, 0x00000006c5c00000, 0x000000076ab00000)
  object space 94208K, 56% used [0x00000006c0000000,0x00000006c33a6e68,0x00000006c5c00000)
 Metaspace       used 26475K, capacity 26741K, committed 27008K, reserved 1073152K
  class space    used 2986K, capacity 3088K, committed 3200K, reserved 1048576K
}
Event: 6143.186 GC heap before
{Heap before GC invocations=95 (full 1):
 PSYoungGen      total 36864K, used 36096K [0x000000076ab00000, 0x000000076d080000, 0x00000007c0000000)
  eden space 35328K, 100% used [0x000000076ab00000,0x000000076cd80000,0x000000076cd80000)
  from space 1536K, 50% used [0x000000076cd80000,0x000000076ce40000,0x000000076cf00000)
  to   space 1536K, 0% used [0x000000076cf00000,0x000000076cf00000,0x000000076d080000)
 ParOldGen       total 94208K, used 52893K [0x00000006c0000000, 0x00000006c5c00000, 0x000000076ab00000)
  object space 94208K, 56% used [0x00000006c0000000,0x00000006c33a7750,0x00000006c5c00000)
 Metaspace       used 26475K, capacity 26741K, committed 27008K, reserved 1073152K
  class space    used 2986K, capacity 3088K, committed 3200K, reserved 1048576K
Event: 6143.189 GC heap after
Heap after GC invocations=95 (full 1):
 PSYoungGen      total 36864K, used 672K [0x000000076ab00000, 0x000000076d080000, 0x00000007c0000000)
  eden space 35328K, 0% used [0x000000076ab00000,0x000000076ab00000,0x000000076cd80000)
  from space 1536K, 43% used [0x000000076cf00000,0x000000076cfa8000,0x000000076d080000)
  to   space 1536K, 0% used [0x000000076cd80000,0x000000076cd80000,0x000000076cf00000)
 ParOldGen       total 94208K, used 52893K [0x00000006c0000000, 0x00000006c5c00000, 0x000000076ab00000)
  object space 94208K, 56% used [0x00000006c0000000,0x00000006c33a7750,0x00000006c5c00000)
 Metaspace       used 26475K, capacity 26741K, committed 27008K, reserved 1073152K
  class space    used 2986K, capacity 3088K, committed 3200K, reserved 1048576K
}

