# JRE version: Java(TM) SE Runtime Environment (8.0_45-b14) (build 1.8.0_45-b14)
# Java VM: Java HotSpot(TM) 64-Bit Server VM (25.45-b02 mixed mode bsd-amd64 compressed oops)
Heap:
 PSYoungGen      total 37888K, used 7586K [0x000000076ab00000, 0x000000076d180000, 0x00000007c0000000)
  eden space 36352K, 17% used [0x000000076ab00000,0x000000076b140be0,0x000000076ce80000)
  from space 1536K, 77% used [0x000000076ce80000,0x000000076cfa8000,0x000000076d000000)
  to   space 1536K, 0% used [0x000000076d000000,0x000000076d000000,0x000000076d180000)
 ParOldGen       total 102400K, used 59709K [0x00000006c0000000, 0x00000006c6400000, 0x000000076ab00000)
  object space 102400K, 58% used [0x00000006c0000000,0x00000006c3a4f430,0x00000006c6400000)
 Metaspace       used 26553K, capacity 26866K, committed 27312K, reserved 1073152K
  class space    used 3038K, capacity 3133K, committed 3248K, reserved 1048576K
GC Heap History (10 events):
Event: 6060.332 GC heap before
{Heap before GC invocations=98 (full 1):
 PSYoungGen      total 37888K, used 37440K [0x000000076ab00000, 0x000000076d200000, 0x00000007c0000000)
  eden space 36352K, 100% used [0x000000076ab00000,0x000000076ce80000,0x000000076ce80000)
  from space 1536K, 70% used [0x000000076d080000,0x000000076d190000,0x000000076d200000)
  to   space 1536K, 0% used [0x000000076cf00000,0x000000076cf00000,0x000000076d080000)
 ParOldGen       total 102400K, used 59621K [0x00000006c0000000, 0x00000006c6400000, 0x000000076ab00000)
  object space 102400K, 58% used [0x00000006c0000000,0x00000006c3a39430,0x00000006c6400000)
 Metaspace       used 26553K, capacity 26866K, committed 27312K, reserved 1073152K
  class space    used 3038K, capacity 3133K, committed 3248K, reserved 1048576K
Event: 6060.335 GC heap after
Heap after GC invocations=98 (full 1):
 PSYoungGen      total 37888K, used 1120K [0x000000076ab00000, 0x000000076d180000, 0x00000007c0000000)
  eden space 36352K, 0% used [0x000000076ab00000,0x000000076ab00000,0x000000076ce80000)
  from space 1536K, 72% used [0x000000076cf00000,0x000000076d018000,0x000000076d080000)
  to   space 1024K, 0% used [0x000000076d080000,0x000000076d080000,0x000000076d180000)
 ParOldGen       total 102400K, used 59621K [0x00000006c0000000, 0x00000006c6400000, 0x000000076ab00000)
  object space 102400K, 58% used [0x00000006c0000000,0x00000006c3a39430,0x00000006c6400000)
 Metaspace       used 26553K, capacity 26866K, committed 27312K, reserved 1073152K
  class space    used 3038K, capacity 3133K, committed 3248K, reserved 1048576K
}
Event: 6102.529 GC heap before
{Heap before GC invocations=99 (full 1):
 PSYoungGen      total 37888K, used 37472K [0x000000076ab00000, 0x000000076d180000, 0x00000007c0000000)
  eden space 36352K, 100% used [0x000000076ab00000,0x000000076ce80000,0x000000076ce80000)
  from space 1536K, 72% used [0x000000076cf00000,0x000000076d018000,0x000000076d080000)
  to   space 1024K, 0% used [0x000000076d080000,0x000000076d080000,0x000000076d180000)
 ParOldGen       total 102400K, used 59621K [0x00000006c0000000, 0x00000006c6400000, 0x000000076ab00000)
  object space 102400K, 58% used [0x00000006c0000000,0x00000006c3a39430,0x00000006c6400000)
 Metaspace       used 26553K, capacity 26866K, committed 27312K, reserved 1073152K
  class space    used 3038K, capacity 3133K, committed 3248K, reserved 1048576K
Event: 6102.532 GC heap after
Heap after GC invocations=99 (full 1):
 PSYoungGen      total 37376K, used 1024K [0x000000076ab00000, 0x000000076d180000, 0x00000007c0000000)
  eden space 36352K, 0% used [0x000000076ab00000,0x000000076ab00000,0x000000076ce80000)
  from space 1024K, 100% used [0x000000076d080000,0x000000076d180000,0x000000076d180000)
  to   space 1536K, 0% used [0x000000076ce80000,0x000000076ce80000,0x000000076d000000)
 ParOldGen       total 102400K, used 59693K [0x00000006c0000000, 0x00000006c6400000, 0x000000076ab00000)
  object space 102400K, 58% used [0x00000006c0000000,0x00000006c3a4b430,0x00000006c6400000)
 Metaspace       used 26553K, capacity 26866K, committed 27312K, reserved 1073152K
  class space    used 3038K, capacity 3133K, committed 3248K, reserved 1048576K
}
Event: 6144.596 GC heap before
{Heap before GC invocations=100 (full 1):
 PSYoungGen      total 37376K, used 37376K [0x000000076ab00000, 0x000000076d180000, 0x00000007c0000000)
  eden space 36352K, 100% used [0x000000076ab00000,0x000000076ce80000,0x000000076ce80000)
  from space 1024K, 100% used [0x000000076d080000,0x000000076d180000,0x000000076d180000)
  to   space 1536K, 0% used [0x000000076ce80000,0x000000076ce80000,0x000000076d000000)
 ParOldGen       total 102400K, used 59693K [0x00000006c0000000, 0x00000006c6400000, 0x000000076ab00000)
  object space 102400K, 58% used [0x00000006c0000000,0x00000006c3a4b430,0x00000006c6400000)
 Metaspace       used 26553K, capacity 26866K, committed 27312K, reserved 1073152K
  class space    used 3038K, capacity 3133K, committed 3248K, reserved 1048576K
Event: 6144.599 GC heap after
Heap after GC invocations=100 (full 1):
 PSYoungGen      total 37888K, used 1120K [0x000000076ab00000, 0x000000076d180000, 0x00000007c0000000)
  eden space 36352K, 0% used [0x000000076ab00000,0x000000076ab00000,0x000000076ce80000)
  from space 1536K, 72% used [0x000000076ce80000,0x000000076cf98000,0x000000076d000000)
  to   space 1536K, 0% used [0x000000076d000000,0x000000076d000000,0x000000076d180000)
 ParOldGen       total 102400K, used 59693K [0x00000006c0000000, 0x00000006c6400000, 0x000000076ab00000)
  object space 102400K, 58% used [0x00000006c0000000,0x00000006c3a4b430,0x00000006c6400000)
 Metaspace       used 26553K, capacity 26866K, committed 27312K, reserved 1073152K
  class space    used 3038K, capacity 3133K, committed 3248K, reserved 1048576K
}
Event: 6186.547 GC heap before
{Heap before GC invocations=101 (full 1):
 PSYoungGen      total 37888K, used 37472K [0x000000076ab00000, 0x000000076d180000, 0x00000007c0000000)
  eden space 36352K, 100% used [0x000000076ab00000,0x000000076ce80000,0x000000076ce80000)
  from space 1536K, 72% used [0x000000076ce80000,0x000000076cf98000,0x000000076d000000)
  to   space 1536K, 0% used [0x000000076d000000,0x000000076d000000,0x000000076d180000)
 ParOldGen       total 102400K, used 59693K [0x00000006c0000000, 0x00000006c6400000, 0x000000076ab00000)
  object space 102400K, 58% used [0x00000006c0000000,0x00000006c3a4b430,0x00000006c6400000)
 Metaspace       used 26553K, capacity 26866K, committed 27312K, reserved 1073152K
  class space    used 3038K, capacity 3133K, committed 3248K, reserved 1048576K
Event: 6186.550 GC heap after
Heap after GC invocations=101 (full 1):
 PSYoungGen      total 37888K, used 1152K [0x000000076ab00000, 0x000000076d180000, 0x00000007c0000000)
  eden space 36352K, 0% used [0x000000076ab00000,0x000000076ab00000,0x000000076ce80000)
  from space 1536K, 75% used [0x000000076d000000,0x000000076d120000,0x000000076d180000)
  to   space 1536K, 0% used [0x000000076ce80000,0x000000076ce80000,0x000000076d000000)
 ParOldGen       total 102400K, used 59693K [0x00000006c0000000, 0x00000006c6400000, 0x000000076ab00000)
  object space 102400K, 58% used [0x00000006c0000000,0x00000006c3a4b430,0x00000006c6400000)
 Metaspace       used 26553K, capacity 26866K, committed 27312K, reserved 1073152K
  class space    used 3038K, capacity 3133K, committed 3248K, reserved 1048576K
}
Event: 6228.598 GC heap before
{Heap before GC invocations=102 (full 1):
 PSYoungGen      total 37888K, used 37504K [0x000000076ab00000, 0x000000076d180000, 0x00000007c0000000)
  eden space 36352K, 100% used [0x000000076ab00000,0x000000076ce80000,0x000000076ce80000)
  from space 1536K, 75% used [0x000000076d000000,0x000000076d120000,0x000000076d180000)
  to   space 1536K, 0% used [0x000000076ce80000,0x000000076ce80000,0x000000076d000000)
 ParOldGen       total 102400K, used 59693K [0x00000006c0000000, 0x00000006c6400000, 0x000000076ab00000)
  object space 102400K, 58% used [0x00000006c0000000,0x00000006c3a4b430,0x00000006c6400000)
 Metaspace       used 26553K, capacity 26866K, committed 27312K, reserved 1073152K
  class space    used 3038K, capacity 3133K, committed 3248K, reserved 1048576K
Event: 6228.601 GC heap after
Heap after GC invocations=102 (full 1):
 PSYoungGen      total 37888K, used 1184K [0x000000076ab00000, 0x000000076d180000, 0x00000007c0000000)
  eden space 36352K, 0% used [0x000000076ab00000,0x000000076ab00000,0x000000076ce80000)
  from space 1536K, 77% used [0x000000076ce80000,0x000000076cfa8000,0x000000076d000000)
  to   space 1536K, 0% used [0x000000076d000000,0x000000076d000000,0x000000076d180000)
 ParOldGen       total 102400K, used 59709K [0x00000006c0000000, 0x00000006c6400000, 0x000000076ab00000)
  object space 102400K, 58% used [0x00000006c0000000,0x00000006c3a4f430,0x00000006c6400000)
 Metaspace       used 26553K, capacity 26866K, committed 27312K, reserved 1073152K
  class space    used 3038K, capacity 3133K, committed 3248K, reserved 1048576K
}

