# JRE version: Java(TM) SE Runtime Environment (8.0_161-b12) (build 1.8.0_161-b12)
# Java VM: Java HotSpot(TM) 64-Bit Server VM (25.161-b12 mixed mode bsd-amd64 compressed oops)
Heap:
 PSYoungGen      total 477184K, used 476485K [0x0000000715580000, 0x0000000735900000, 0x00000007c0000000)
  eden space 476672K, 99% used [0x0000000715580000,0x00000007326b97d8,0x0000000732700000)
  from space 512K, 18% used [0x0000000732b00000,0x0000000732b18000,0x0000000732b80000)
  to   space 25600K, 0% used [0x0000000734000000,0x0000000734000000,0x0000000735900000)
 ParOldGen       total 2939392K, used 2938173K [0x00000005c0000000, 0x0000000673680000, 0x0000000715580000)
  object space 2939392K, 99% used [0x00000005c0000000,0x000000067354f688,0x0000000673680000)
 Metaspace       used 28731K, capacity 29105K, committed 29312K, reserved 1075200K
  class space    used 3244K, capacity 3378K, committed 3456K, reserved 1048576K
GC Heap History (10 events):
Event: 3004.974 GC heap after
Heap after GC invocations=783 (full 22):
 PSYoungGen      total 494080K, used 96K [0x0000000715580000, 0x0000000737380000, 0x00000007c0000000)
  eden space 493568K, 0% used [0x0000000715580000,0x0000000715580000,0x0000000733780000)
  from space 512K, 18% used [0x0000000733c00000,0x0000000733c18000,0x0000000733c80000)
  to   space 30720K, 0% used [0x0000000735580000,0x0000000735580000,0x0000000737380000)
 ParOldGen       total 2865664K, used 2312630K [0x00000005c0000000, 0x000000066ee80000, 0x0000000715580000)
  object space 2865664K, 80% used [0x00000005c0000000,0x000000064d26d978,0x000000066ee80000)
 Metaspace       used 28731K, capacity 29105K, committed 29312K, reserved 1075200K
  class space    used 3244K, capacity 3378K, committed 3456K, reserved 1048576K
}
Event: 3005.405 GC heap before
{Heap before GC invocations=784 (full 22):
 PSYoungGen      total 494080K, used 493194K [0x0000000715580000, 0x0000000737380000, 0x00000007c0000000)
  eden space 493568K, 99% used [0x0000000715580000,0x000000073370a948,0x0000000733780000)
  from space 512K, 18% used [0x0000000733c00000,0x0000000733c18000,0x0000000733c80000)
  to   space 30720K, 0% used [0x0000000735580000,0x0000000735580000,0x0000000737380000)
 ParOldGen       total 2865664K, used 2441024K [0x00000005c0000000, 0x000000066ee80000, 0x0000000715580000)
  object space 2865664K, 85% used [0x00000005c0000000,0x0000000654fd0258,0x000000066ee80000)
 Metaspace       used 28731K, capacity 29105K, committed 29312K, reserved 1075200K
  class space    used 3244K, capacity 3378K, committed 3456K, reserved 1048576K
Event: 3005.408 GC heap after
Heap after GC invocations=784 (full 22):
 PSYoungGen      total 513024K, used 96K [0x0000000715580000, 0x0000000736d00000, 0x00000007c0000000)
  eden space 488960K, 0% used [0x0000000715580000,0x0000000715580000,0x0000000733300000)
  from space 24064K, 0% used [0x0000000735580000,0x0000000735598000,0x0000000736d00000)
  to   space 29696K, 0% used [0x0000000733300000,0x0000000733300000,0x0000000735000000)
 ParOldGen       total 2865664K, used 2441048K [0x00000005c0000000, 0x000000066ee80000, 0x0000000715580000)
  object space 2865664K, 85% used [0x00000005c0000000,0x0000000654fd6258,0x000000066ee80000)
 Metaspace       used 28731K, capacity 29105K, committed 29312K, reserved 1075200K
  class space    used 3244K, capacity 3378K, committed 3456K, reserved 1048576K
}
Event: 3005.854 GC heap before
{Heap before GC invocations=785 (full 22):
 PSYoungGen      total 513024K, used 487610K [0x0000000715580000, 0x0000000736d00000, 0x00000007c0000000)
  eden space 488960K, 99% used [0x0000000715580000,0x0000000733196978,0x0000000733300000)
  from space 24064K, 0% used [0x0000000735580000,0x0000000735598000,0x0000000736d00000)
  to   space 29696K, 0% used [0x0000000733300000,0x0000000733300000,0x0000000735000000)
 ParOldGen       total 2865664K, used 2574945K [0x00000005c0000000, 0x000000066ee80000, 0x0000000715580000)
  object space 2865664K, 89% used [0x00000005c0000000,0x000000065d2985a8,0x000000066ee80000)
 Metaspace       used 28731K, capacity 29105K, committed 29312K, reserved 1075200K
  class space    used 3244K, capacity 3378K, committed 3456K, reserved 1048576K
Event: 3005.857 GC heap after
Heap after GC invocations=785 (full 22):
 PSYoungGen      total 485376K, used 64K [0x0000000715580000, 0x0000000736600000, 0x00000007c0000000)
  eden space 484864K, 0% used [0x0000000715580000,0x0000000715580000,0x0000000732f00000)
  from space 512K, 12% used [0x0000000733300000,0x0000000733310000,0x0000000733380000)
  to   space 28160K, 0% used [0x0000000734a80000,0x0000000734a80000,0x0000000736600000)
 ParOldGen       total 2865664K, used 2574961K [0x00000005c0000000, 0x000000066ee80000, 0x0000000715580000)
  object space 2865664K, 89% used [0x00000005c0000000,0x000000065d29c5a8,0x000000066ee80000)
 Metaspace       used 28731K, capacity 29105K, committed 29312K, reserved 1075200K
  class space    used 3244K, capacity 3378K, committed 3456K, reserved 1048576K
}
Event: 3006.286 GC heap before
{Heap before GC invocations=786 (full 22):
 PSYoungGen      total 485376K, used 483816K [0x0000000715580000, 0x0000000736600000, 0x00000007c0000000)
  eden space 484864K, 99% used [0x0000000715580000,0x0000000732dea1e8,0x0000000732f00000)
  from space 512K, 12% used [0x0000000733300000,0x0000000733310000,0x0000000733380000)
  to   space 28160K, 0% used [0x0000000734a80000,0x0000000734a80000,0x0000000736600000)
 ParOldGen       total 2865664K, used 2692350K [0x00000005c0000000, 0x000000066ee80000, 0x0000000715580000)
  object space 2865664K, 93% used [0x00000005c0000000,0x000000066453f9a8,0x000000066ee80000)
 Metaspace       used 28731K, capacity 29105K, committed 29312K, reserved 1075200K
  class space    used 3244K, capacity 3378K, committed 3456K, reserved 1048576K
Event: 3006.290 GC heap after
Heap after GC invocations=786 (full 22):
 PSYoungGen      total 501760K, used 1898K [0x0000000715580000, 0x0000000735f00000, 0x00000007c0000000)
  eden space 480768K, 0% used [0x0000000715580000,0x0000000715580000,0x0000000732b00000)
  from space 20992K, 9% used [0x0000000734a80000,0x0000000734c5a8d0,0x0000000735f00000)
  to   space 26624K, 0% used [0x0000000732b00000,0x0000000732b00000,0x0000000734500000)
 ParOldGen       total 2865664K, used 2692366K [0x00000005c0000000, 0x000000066ee80000, 0x0000000715580000)
  object space 2865664K, 93% used [0x00000005c0000000,0x00000006645439a8,0x000000066ee80000)
 Metaspace       used 28731K, capacity 29105K, committed 29312K, reserved 1075200K
  class space    used 3244K, capacity 3378K, committed 3456K, reserved 1048576K
}
Event: 3006.705 GC heap before
{Heap before GC invocations=787 (full 22):
 PSYoungGen      total 501760K, used 481863K [0x0000000715580000, 0x0000000735f00000, 0x00000007c0000000)
  eden space 480768K, 99% used [0x0000000715580000,0x0000000732a37660,0x0000000732b00000)
  from space 20992K, 9% used [0x0000000734a80000,0x0000000734c5a8d0,0x0000000735f00000)
  to   space 26624K, 0% used [0x0000000732b00000,0x0000000732b00000,0x0000000734500000)
 ParOldGen       total 2865664K, used 2820760K [0x00000005c0000000, 0x000000066ee80000, 0x0000000715580000)
  object space 2865664K, 98% used [0x00000005c0000000,0x000000066c2a6288,0x000000066ee80000)
 Metaspace       used 28731K, capacity 29105K, committed 29312K, reserved 1075200K
  class space    used 3244K, capacity 3378K, committed 3456K, reserved 1048576K
Event: 3006.709 GC heap after
Heap after GC invocations=787 (full 22):
 PSYoungGen      total 477184K, used 96K [0x0000000715580000, 0x0000000735900000, 0x00000007c0000000)
  eden space 476672K, 0% used [0x0000000715580000,0x0000000715580000,0x0000000732700000)
  from space 512K, 18% used [0x0000000732b00000,0x0000000732b18000,0x0000000732b80000)
  to   space 25600K, 0% used [0x0000000734000000,0x0000000734000000,0x0000000735900000)
 ParOldGen       total 2865664K, used 2822618K [0x00000005c0000000, 0x000000066ee80000, 0x0000000715580000)
  object space 2865664K, 98% used [0x00000005c0000000,0x000000066c476b58,0x000000066ee80000)
 Metaspace       used 28731K, capacity 29105K, committed 29312K, reserved 1075200K
  class space    used 3244K, capacity 3378K, committed 3456K, reserved 1048576K
}
Event: 3007.128 GC heap before
{Heap before GC invocations=788 (full 23):
 PSYoungGen      total 477184K, used 476485K [0x0000000715580000, 0x0000000735900000, 0x00000007c0000000)
  eden space 476672K, 99% used [0x0000000715580000,0x00000007326b97d8,0x0000000732700000)
  from space 512K, 18% used [0x0000000732b00000,0x0000000732b18000,0x0000000732b80000)
  to   space 25600K, 0% used [0x0000000734000000,0x0000000734000000,0x0000000735900000)
 ParOldGen       total 2939392K, used 2938173K [0x00000005c0000000, 0x0000000673680000, 0x0000000715580000)
  object space 2939392K, 99% used [0x00000005c0000000,0x000000067354f688,0x0000000673680000)
 Metaspace       used 28731K, capacity 29105K, committed 29312K, reserved 1075200K
  class space    used 3244K, capacity 3378K, committed 3456K, reserved 1048576K

