# JRE version: Java(TM) SE Runtime Environment (8.0_152-b16) (build 1.8.0_152-b16)
# Java VM: Java HotSpot(TM) 64-Bit Server VM (25.152-b16 mixed mode bsd-amd64 compressed oops)
Heap:
 PSYoungGen      total 993280K, used 405703K [0x000000066ab00000, 0x0000000798a00000, 0x00000007c0000000)
  eden space 992256K, 40% used [0x000000066ab00000,0x00000006836d9ec8,0x00000006a7400000)
  from space 1024K, 34% used [0x0000000798800000,0x0000000798858000,0x0000000798900000)
  to   space 1024K, 0% used [0x0000000798900000,0x0000000798900000,0x0000000798a00000)
 ParOldGen       total 3149312K, used 2439602K [0x00000003c0000000, 0x0000000480380000, 0x000000066ab00000)
  object space 3149312K, 77% used [0x00000003c0000000,0x0000000454e6c8a0,0x0000000480380000)
 Metaspace       used 27913K, capacity 28311K, committed 28672K, reserved 1075200K
  class space    used 3095K, capacity 3201K, committed 3328K, reserved 1048576K
GC Heap History (10 events):
Event: 149132.394 GC heap before
{Heap before GC invocations=7322 (full 7):
 PSYoungGen      total 722944K, used 722720K [0x000000066ab00000, 0x0000000798b00000, 0x00000007c0000000)
  eden space 722432K, 100% used [0x000000066ab00000,0x0000000696c80000,0x0000000696c80000)
  from space 512K, 56% used [0x0000000798a80000,0x0000000798ac8000,0x0000000798b00000)
  to   space 1024K, 0% used [0x0000000798900000,0x0000000798900000,0x0000000798a00000)
 ParOldGen       total 3149312K, used 2418121K [0x00000003c0000000, 0x0000000480380000, 0x000000066ab00000)
  object space 3149312K, 76% used [0x00000003c0000000,0x0000000453972708,0x0000000480380000)
 Metaspace       used 27913K, capacity 28311K, committed 28672K, reserved 1075200K
  class space    used 3095K, capacity 3201K, committed 3328K, reserved 1048576K
Event: 149132.397 GC heap after
Heap after GC invocations=7322 (full 7):
 PSYoungGen      total 714752K, used 224K [0x000000066ab00000, 0x0000000798b00000, 0x00000007c0000000)
  eden space 713728K, 0% used [0x000000066ab00000,0x000000066ab00000,0x0000000696400000)
  from space 1024K, 21% used [0x0000000798900000,0x0000000798938000,0x0000000798a00000)
  to   space 1024K, 0% used [0x0000000798a00000,0x0000000798a00000,0x0000000798b00000)
 ParOldGen       total 3149312K, used 2421804K [0x00000003c0000000, 0x0000000480380000, 0x000000066ab00000)
  object space 3149312K, 76% used [0x00000003c0000000,0x0000000453d0b168,0x0000000480380000)
 Metaspace       used 27913K, capacity 28311K, committed 28672K, reserved 1075200K
  class space    used 3095K, capacity 3201K, committed 3328K, reserved 1048576K
}
Event: 149134.205 GC heap before
{Heap before GC invocations=7323 (full 7):
 PSYoungGen      total 714752K, used 713952K [0x000000066ab00000, 0x0000000798b00000, 0x00000007c0000000)
  eden space 713728K, 100% used [0x000000066ab00000,0x0000000696400000,0x0000000696400000)
  from space 1024K, 21% used [0x0000000798900000,0x0000000798938000,0x0000000798a00000)
  to   space 1024K, 0% used [0x0000000798a00000,0x0000000798a00000,0x0000000798b00000)
 ParOldGen       total 3149312K, used 2421806K [0x00000003c0000000, 0x0000000480380000, 0x000000066ab00000)
  object space 3149312K, 76% used [0x00000003c0000000,0x0000000453d0b948,0x0000000480380000)
 Metaspace       used 27913K, capacity 28311K, committed 28672K, reserved 1075200K
  class space    used 3095K, capacity 3201K, committed 3328K, reserved 1048576K
Event: 149134.208 GC heap after
Heap after GC invocations=7323 (full 7):
 PSYoungGen      total 705536K, used 352K [0x000000066ab00000, 0x0000000798a80000, 0x00000007c0000000)
  eden space 705024K, 0% used [0x000000066ab00000,0x000000066ab00000,0x0000000695b80000)
  from space 512K, 68% used [0x0000000798a00000,0x0000000798a58000,0x0000000798a80000)
  to   space 1024K, 0% used [0x0000000798880000,0x0000000798880000,0x0000000798980000)
 ParOldGen       total 3149312K, used 2427330K [0x00000003c0000000, 0x0000000480380000, 0x000000066ab00000)
  object space 3149312K, 77% used [0x00000003c0000000,0x00000004542708d8,0x0000000480380000)
 Metaspace       used 27913K, capacity 28311K, committed 28672K, reserved 1075200K
  class space    used 3095K, capacity 3201K, committed 3328K, reserved 1048576K
}
Event: 149136.134 GC heap before
{Heap before GC invocations=7324 (full 7):
 PSYoungGen      total 705536K, used 705376K [0x000000066ab00000, 0x0000000798a80000, 0x00000007c0000000)
  eden space 705024K, 100% used [0x000000066ab00000,0x0000000695b80000,0x0000000695b80000)
  from space 512K, 68% used [0x0000000798a00000,0x0000000798a58000,0x0000000798a80000)
  to   space 1024K, 0% used [0x0000000798880000,0x0000000798880000,0x0000000798980000)
 ParOldGen       total 3149312K, used 2427765K [0x00000003c0000000, 0x0000000480380000, 0x000000066ab00000)
  object space 3149312K, 77% used [0x00000003c0000000,0x00000004542dd728,0x0000000480380000)
 Metaspace       used 27913K, capacity 28311K, committed 28672K, reserved 1075200K
  class space    used 3095K, capacity 3201K, committed 3328K, reserved 1048576K
Event: 149136.137 GC heap after
Heap after GC invocations=7324 (full 7):
 PSYoungGen      total 697856K, used 416K [0x000000066ab00000, 0x0000000798a80000, 0x00000007c0000000)
  eden space 696832K, 0% used [0x000000066ab00000,0x000000066ab00000,0x0000000695380000)
  from space 1024K, 40% used [0x0000000798880000,0x00000007988e8000,0x0000000798980000)
  to   space 1024K, 0% used [0x0000000798980000,0x0000000798980000,0x0000000798a80000)
 ParOldGen       total 3149312K, used 2433313K [0x00000003c0000000, 0x0000000480380000, 0x000000066ab00000)
  object space 3149312K, 77% used [0x00000003c0000000,0x00000004548486b8,0x0000000480380000)
 Metaspace       used 27913K, capacity 28311K, committed 28672K, reserved 1075200K
  class space    used 3095K, capacity 3201K, committed 3328K, reserved 1048576K
}
Event: 149136.138 GC heap before
{Heap before GC invocations=7325 (full 7):
 PSYoungGen      total 697856K, used 2395K [0x000000066ab00000, 0x0000000798a80000, 0x00000007c0000000)
  eden space 696832K, 0% used [0x000000066ab00000,0x000000066aceef08,0x0000000695380000)
  from space 1024K, 40% used [0x0000000798880000,0x00000007988e8000,0x0000000798980000)
  to   space 1024K, 0% used [0x0000000798980000,0x0000000798980000,0x0000000798a80000)
 ParOldGen       total 3149312K, used 2433313K [0x00000003c0000000, 0x0000000480380000, 0x000000066ab00000)
  object space 3149312K, 77% used [0x00000003c0000000,0x00000004548486b8,0x0000000480380000)
 Metaspace       used 27913K, capacity 28311K, committed 28672K, reserved 1075200K
  class space    used 3095K, capacity 3201K, committed 3328K, reserved 1048576K
Event: 149136.140 GC heap after
Heap after GC invocations=7325 (full 7):
 PSYoungGen      total 833024K, used 192K [0x000000066ab00000, 0x0000000798a00000, 0x00000007c0000000)
  eden space 832512K, 0% used [0x000000066ab00000,0x000000066ab00000,0x000000069d800000)
  from space 512K, 37% used [0x0000000798980000,0x00000007989b0000,0x0000000798a00000)
  to   space 1024K, 0% used [0x0000000798800000,0x0000000798800000,0x0000000798900000)
 ParOldGen       total 3149312K, used 2433409K [0x00000003c0000000, 0x0000000480380000, 0x000000066ab00000)
  object space 3149312K, 77% used [0x00000003c0000000,0x00000004548606b8,0x0000000480380000)
 Metaspace       used 27913K, capacity 28311K, committed 28672K, reserved 1075200K
  class space    used 3095K, capacity 3201K, committed 3328K, reserved 1048576K
}
Event: 149138.258 GC heap before
{Heap before GC invocations=7326 (full 7):
 PSYoungGen      total 833024K, used 832704K [0x000000066ab00000, 0x0000000798a00000, 0x00000007c0000000)
  eden space 832512K, 100% used [0x000000066ab00000,0x000000069d800000,0x000000069d800000)
  from space 512K, 37% used [0x0000000798980000,0x00000007989b0000,0x0000000798a00000)
  to   space 1024K, 0% used [0x0000000798800000,0x0000000798800000,0x0000000798900000)
 ParOldGen       total 3149312K, used 2434062K [0x00000003c0000000, 0x0000000480380000, 0x000000066ab00000)
  object space 3149312K, 77% used [0x00000003c0000000,0x0000000454903910,0x0000000480380000)
 Metaspace       used 27913K, capacity 28311K, committed 28672K, reserved 1075200K
  class space    used 3095K, capacity 3201K, committed 3328K, reserved 1048576K
Event: 149138.261 GC heap after
Heap after GC invocations=7326 (full 7):
 PSYoungGen      total 993280K, used 352K [0x000000066ab00000, 0x0000000798a00000, 0x00000007c0000000)
  eden space 992256K, 0% used [0x000000066ab00000,0x000000066ab00000,0x00000006a7400000)
  from space 1024K, 34% used [0x0000000798800000,0x0000000798858000,0x0000000798900000)
  to   space 1024K, 0% used [0x0000000798900000,0x0000000798900000,0x0000000798a00000)
 ParOldGen       total 3149312K, used 2439602K [0x00000003c0000000, 0x0000000480380000, 0x000000066ab00000)
  object space 3149312K, 77% used [0x00000003c0000000,0x0000000454e6c8a0,0x0000000480380000)
 Metaspace       used 27913K, capacity 28311K, committed 28672K, reserved 1075200K
  class space    used 3095K, capacity 3201K, committed 3328K, reserved 1048576K
}

