# JRE version: Java(TM) SE Runtime Environment (8.0_152-b16) (build 1.8.0_152-b16)
# Java VM: Java HotSpot(TM) 64-Bit Server VM (25.152-b16 mixed mode bsd-amd64 compressed oops)
Heap:
 PSYoungGen      total 1133056K, used 1133042K [0x000000076ab00000, 0x00000007b9f00000, 0x00000007c0000000)
  eden space 1112576K, 100% used [0x000000076ab00000,0x00000007ae980000,0x00000007ae980000)
  from space 20480K, 99% used [0x00000007b8b00000,0x00000007b9efc880,0x00000007b9f00000)
  to   space 29184K, 0% used [0x00000007b6600000,0x00000007b6600000,0x00000007b8280000)
 ParOldGen       total 2204160K, used 1379342K [0x00000006c0000000, 0x0000000746880000, 0x000000076ab00000)
  object space 2204160K, 62% used [0x00000006c0000000,0x0000000714303840,0x0000000746880000)
 Metaspace       used 28323K, capacity 28819K, committed 28976K, reserved 1075200K
  class space    used 3182K, capacity 3299K, committed 3376K, reserved 1048576K
GC Heap History (10 events):
Event: 2131.557 GC heap before
{Heap before GC invocations=2434 (full 14):
 PSYoungGen      total 1259008K, used 1258909K [0x000000076ab00000, 0x00000007bd380000, 0x00000007c0000000)
  eden space 1242112K, 100% used [0x000000076ab00000,0x00000007b6800000,0x00000007b6800000)
  from space 16896K, 99% used [0x00000007ba000000,0x00000007bb067580,0x00000007bb080000)
  to   space 32768K, 0% used [0x00000007bb380000,0x00000007bb380000,0x00000007bd380000)
 ParOldGen       total 2204160K, used 1359162K [0x00000006c0000000, 0x0000000746880000, 0x000000076ab00000)
  object space 2204160K, 61% used [0x00000006c0000000,0x0000000712f4e890,0x0000000746880000)
 Metaspace       used 28323K, capacity 28819K, committed 28976K, reserved 1075200K
  class space    used 3182K, capacity 3299K, committed 3376K, reserved 1048576K
Event: 2131.562 GC heap after
Heap after GC invocations=2434 (full 14):
 PSYoungGen      total 1236992K, used 22300K [0x000000076ab00000, 0x00000007bc980000, 0x00000007c0000000)
  eden space 1214464K, 0% used [0x000000076ab00000,0x000000076ab00000,0x00000007b4d00000)
  from space 22528K, 98% used [0x00000007bb380000,0x00000007bc947200,0x00000007bc980000)
  to   space 31744K, 0% used [0x00000007b8b80000,0x00000007b8b80000,0x00000007baa80000)
 ParOldGen       total 2204160K, used 1359162K [0x00000006c0000000, 0x0000000746880000, 0x000000076ab00000)
  object space 2204160K, 61% used [0x00000006c0000000,0x0000000712f4e890,0x0000000746880000)
 Metaspace       used 28323K, capacity 28819K, committed 28976K, reserved 1075200K
  class space    used 3182K, capacity 3299K, committed 3376K, reserved 1048576K
}
Event: 2133.934 GC heap before
{Heap before GC invocations=2435 (full 14):
 PSYoungGen      total 1236992K, used 1236106K [0x000000076ab00000, 0x00000007bc980000, 0x00000007c0000000)
  eden space 1214464K, 99% used [0x000000076ab00000,0x00000007b4c5b800,0x00000007b4d00000)
  from space 22528K, 98% used [0x00000007bb380000,0x00000007bc947200,0x00000007bc980000)
  to   space 31744K, 0% used [0x00000007b8b80000,0x00000007b8b80000,0x00000007baa80000)
 ParOldGen       total 2204160K, used 1359162K [0x00000006c0000000, 0x0000000746880000, 0x000000076ab00000)
  object space 2204160K, 61% used [0x00000006c0000000,0x0000000712f4e890,0x0000000746880000)
 Metaspace       used 28323K, capacity 28819K, committed 28976K, reserved 1075200K
  class space    used 3182K, capacity 3299K, committed 3376K, reserved 1048576K
Event: 2133.940 GC heap after
Heap after GC invocations=2435 (full 14):
 PSYoungGen      total 1208320K, used 20466K [0x000000076ab00000, 0x00000007bb400000, 0x00000007c0000000)
  eden space 1187840K, 0% used [0x000000076ab00000,0x000000076ab00000,0x00000007b3300000)
  from space 20480K, 99% used [0x00000007b8b80000,0x00000007b9f7c880,0x00000007b9f80000)
  to   space 20992K, 0% used [0x00000007b9f80000,0x00000007b9f80000,0x00000007bb400000)
 ParOldGen       total 2204160K, used 1359162K [0x00000006c0000000, 0x0000000746880000, 0x000000076ab00000)
  object space 2204160K, 61% used [0x00000006c0000000,0x0000000712f4e890,0x0000000746880000)
 Metaspace       used 28323K, capacity 28819K, committed 28976K, reserved 1075200K
  class space    used 3182K, capacity 3299K, committed 3376K, reserved 1048576K
}
Event: 2136.246 GC heap before
{Heap before GC invocations=2436 (full 14):
 PSYoungGen      total 1208320K, used 1208093K [0x000000076ab00000, 0x00000007bb400000, 0x00000007c0000000)
  eden space 1187840K, 99% used [0x000000076ab00000,0x00000007b32cae30,0x00000007b3300000)
  from space 20480K, 99% used [0x00000007b8b80000,0x00000007b9f7c880,0x00000007b9f80000)
  to   space 20992K, 0% used [0x00000007b9f80000,0x00000007b9f80000,0x00000007bb400000)
 ParOldGen       total 2204160K, used 1359162K [0x00000006c0000000, 0x0000000746880000, 0x000000076ab00000)
  object space 2204160K, 61% used [0x00000006c0000000,0x0000000712f4e890,0x0000000746880000)
 Metaspace       used 28323K, capacity 28819K, committed 28976K, reserved 1075200K
  class space    used 3182K, capacity 3299K, committed 3376K, reserved 1048576K
Event: 2136.251 GC heap after
Heap after GC invocations=2436 (full 14):
 PSYoungGen      total 1182208K, used 20466K [0x000000076ab00000, 0x00000007bb380000, 0x00000007c0000000)
  eden space 1161728K, 0% used [0x000000076ab00000,0x000000076ab00000,0x00000007b1980000)
  from space 20480K, 99% used [0x00000007b9f80000,0x00000007bb37c880,0x00000007bb380000)
  to   space 30208K, 0% used [0x00000007b7880000,0x00000007b7880000,0x00000007b9600000)
 ParOldGen       total 2204160K, used 1360996K [0x00000006c0000000, 0x0000000746880000, 0x000000076ab00000)
  object space 2204160K, 61% used [0x00000006c0000000,0x0000000713119210,0x0000000746880000)
 Metaspace       used 28323K, capacity 28819K, committed 28976K, reserved 1075200K
  class space    used 3182K, capacity 3299K, committed 3376K, reserved 1048576K
}
Event: 2138.526 GC heap before
{Heap before GC invocations=2437 (full 14):
 PSYoungGen      total 1182208K, used 1182078K [0x000000076ab00000, 0x00000007bb380000, 0x00000007c0000000)
  eden space 1161728K, 99% used [0x000000076ab00000,0x00000007b1963198,0x00000007b1980000)
  from space 20480K, 99% used [0x00000007b9f80000,0x00000007bb37c880,0x00000007bb380000)
  to   space 30208K, 0% used [0x00000007b7880000,0x00000007b7880000,0x00000007b9600000)
 ParOldGen       total 2204160K, used 1360996K [0x00000006c0000000, 0x0000000746880000, 0x000000076ab00000)
  object space 2204160K, 61% used [0x00000006c0000000,0x0000000713119210,0x0000000746880000)
 Metaspace       used 28323K, capacity 28819K, committed 28976K, reserved 1075200K
  class space    used 3182K, capacity 3299K, committed 3376K, reserved 1048576K
Event: 2138.531 GC heap after
Heap after GC invocations=2437 (full 14):
 PSYoungGen      total 1155584K, used 18631K [0x000000076ab00000, 0x00000007ba000000, 0x00000007c0000000)
  eden space 1136640K, 0% used [0x000000076ab00000,0x000000076ab00000,0x00000007b0100000)
  from space 18944K, 98% used [0x00000007b7880000,0x00000007b8ab1f00,0x00000007b8b00000)
  to   space 21504K, 0% used [0x00000007b8b00000,0x00000007b8b00000,0x00000007ba000000)
 ParOldGen       total 2204160K, used 1360996K [0x00000006c0000000, 0x0000000746880000, 0x000000076ab00000)
  object space 2204160K, 61% used [0x00000006c0000000,0x0000000713119210,0x0000000746880000)
 Metaspace       used 28323K, capacity 28819K, committed 28976K, reserved 1075200K
  class space    used 3182K, capacity 3299K, committed 3376K, reserved 1048576K
}
Event: 2140.681 GC heap before
{Heap before GC invocations=2438 (full 14):
 PSYoungGen      total 1155584K, used 1155271K [0x000000076ab00000, 0x00000007ba000000, 0x00000007c0000000)
  eden space 1136640K, 100% used [0x000000076ab00000,0x00000007b0100000,0x00000007b0100000)
  from space 18944K, 98% used [0x00000007b7880000,0x00000007b8ab1f00,0x00000007b8b00000)
  to   space 21504K, 0% used [0x00000007b8b00000,0x00000007b8b00000,0x00000007ba000000)
 ParOldGen       total 2204160K, used 1360996K [0x00000006c0000000, 0x0000000746880000, 0x000000076ab00000)
  object space 2204160K, 61% used [0x00000006c0000000,0x0000000713119260,0x0000000746880000)
 Metaspace       used 28323K, capacity 28819K, committed 28976K, reserved 1075200K
  class space    used 3182K, capacity 3299K, committed 3376K, reserved 1048576K
Event: 2140.686 GC heap after
Heap after GC invocations=2438 (full 14):
 PSYoungGen      total 1133056K, used 20466K [0x000000076ab00000, 0x00000007b9f00000, 0x00000007c0000000)
  eden space 1112576K, 0% used [0x000000076ab00000,0x000000076ab00000,0x00000007ae980000)
  from space 20480K, 99% used [0x00000007b8b00000,0x00000007b9efc880,0x00000007b9f00000)
  to   space 29184K, 0% used [0x00000007b6600000,0x00000007b6600000,0x00000007b8280000)
 ParOldGen       total 2204160K, used 1360996K [0x00000006c0000000, 0x0000000746880000, 0x000000076ab00000)
  object space 2204160K, 61% used [0x00000006c0000000,0x0000000713119260,0x0000000746880000)
 Metaspace       used 28323K, capacity 28819K, committed 28976K, reserved 1075200K
  class space    used 3182K, capacity 3299K, committed 3376K, reserved 1048576K
}

