# JRE version: Java(TM) SE Runtime Environment (8.0_45-b14) (build 1.8.0_45-b14)
# Java VM: Java HotSpot(TM) 64-Bit Server VM (25.45-b02 mixed mode bsd-amd64 compressed oops)
Heap:
 PSYoungGen      total 39936K, used 39680K [0x000000076ab00000, 0x000000077a580000, 0x00000007c0000000)
  eden space 39424K, 100% used [0x000000076ab00000,0x000000076d180000,0x000000076d180000)
  from space 512K, 50% used [0x000000077a480000,0x000000077a4c0000,0x000000077a500000)
  to   space 512K, 25% used [0x000000077a500000,0x000000077a520000,0x000000077a580000)
 ParOldGen       total 264704K, used 146206K [0x00000006c0000000, 0x00000006d0280000, 0x000000076ab00000)
  object space 264704K, 55% used [0x00000006c0000000,0x00000006c8ec7a88,0x00000006d0280000)
 Metaspace       used 27424K, capacity 27765K, committed 28160K, reserved 1075200K
  class space    used 3118K, capacity 3223K, committed 3328K, reserved 1048576K
GC Heap History (10 events):
Event: 2496.875 GC heap after
Heap after GC invocations=3363 (full 2):
 PSYoungGen      total 39936K, used 288K [0x000000076ab00000, 0x000000077a580000, 0x00000007c0000000)
  eden space 39424K, 0% used [0x000000076ab00000,0x000000076ab00000,0x000000076d180000)
  from space 512K, 56% used [0x000000077a480000,0x000000077a4c8000,0x000000077a500000)
  to   space 512K, 0% used [0x000000077a500000,0x000000077a500000,0x000000077a580000)
 ParOldGen       total 264704K, used 146200K [0x00000006c0000000, 0x00000006d0280000, 0x000000076ab00000)
  object space 264704K, 55% used [0x00000006c0000000,0x00000006c8ec6228,0x00000006d0280000)
 Metaspace       used 27424K, capacity 27765K, committed 28160K, reserved 1075200K
  class space    used 3118K, capacity 3223K, committed 3328K, reserved 1048576K
}
Event: 2497.411 GC heap before
{Heap before GC invocations=3364 (full 2):
 PSYoungGen      total 39936K, used 39712K [0x000000076ab00000, 0x000000077a580000, 0x00000007c0000000)
  eden space 39424K, 100% used [0x000000076ab00000,0x000000076d180000,0x000000076d180000)
  from space 512K, 56% used [0x000000077a480000,0x000000077a4c8000,0x000000077a500000)
  to   space 512K, 0% used [0x000000077a500000,0x000000077a500000,0x000000077a580000)
 ParOldGen       total 264704K, used 146204K [0x00000006c0000000, 0x00000006d0280000, 0x000000076ab00000)
  object space 264704K, 55% used [0x00000006c0000000,0x00000006c8ec7348,0x00000006d0280000)
 Metaspace       used 27424K, capacity 27765K, committed 28160K, reserved 1075200K
  class space    used 3118K, capacity 3223K, committed 3328K, reserved 1048576K
Event: 2497.413 GC heap after
Heap after GC invocations=3364 (full 2):
 PSYoungGen      total 39936K, used 288K [0x000000076ab00000, 0x000000077a580000, 0x00000007c0000000)
  eden space 39424K, 0% used [0x000000076ab00000,0x000000076ab00000,0x000000076d180000)
  from space 512K, 56% used [0x000000077a500000,0x000000077a548000,0x000000077a580000)
  to   space 512K, 0% used [0x000000077a480000,0x000000077a480000,0x000000077a500000)
 ParOldGen       total 264704K, used 146204K [0x00000006c0000000, 0x00000006d0280000, 0x000000076ab00000)
  object space 264704K, 55% used [0x00000006c0000000,0x00000006c8ec7348,0x00000006d0280000)
 Metaspace       used 27424K, capacity 27765K, committed 28160K, reserved 1075200K
  class space    used 3118K, capacity 3223K, committed 3328K, reserved 1048576K
}
Event: 2497.946 GC heap before
{Heap before GC invocations=3365 (full 2):
 PSYoungGen      total 39936K, used 39712K [0x000000076ab00000, 0x000000077a580000, 0x00000007c0000000)
  eden space 39424K, 100% used [0x000000076ab00000,0x000000076d180000,0x000000076d180000)
  from space 512K, 56% used [0x000000077a500000,0x000000077a548000,0x000000077a580000)
  to   space 512K, 0% used [0x000000077a480000,0x000000077a480000,0x000000077a500000)
 ParOldGen       total 264704K, used 146206K [0x00000006c0000000, 0x00000006d0280000, 0x000000076ab00000)
  object space 264704K, 55% used [0x00000006c0000000,0x00000006c8ec7a88,0x00000006d0280000)
 Metaspace       used 27424K, capacity 27765K, committed 28160K, reserved 1075200K
  class space    used 3118K, capacity 3223K, committed 3328K, reserved 1048576K
Event: 2497.948 GC heap after
Heap after GC invocations=3365 (full 2):
 PSYoungGen      total 39936K, used 224K [0x000000076ab00000, 0x000000077a580000, 0x00000007c0000000)
  eden space 39424K, 0% used [0x000000076ab00000,0x000000076ab00000,0x000000076d180000)
  from space 512K, 43% used [0x000000077a480000,0x000000077a4b8000,0x000000077a500000)
  to   space 512K, 0% used [0x000000077a500000,0x000000077a500000,0x000000077a580000)
 ParOldGen       total 264704K, used 146206K [0x00000006c0000000, 0x00000006d0280000, 0x000000076ab00000)
  object space 264704K, 55% used [0x00000006c0000000,0x00000006c8ec7a88,0x00000006d0280000)
 Metaspace       used 27424K, capacity 27765K, committed 28160K, reserved 1075200K
  class space    used 3118K, capacity 3223K, committed 3328K, reserved 1048576K
}
Event: 2498.491 GC heap before
{Heap before GC invocations=3366 (full 2):
 PSYoungGen      total 39936K, used 39648K [0x000000076ab00000, 0x000000077a580000, 0x00000007c0000000)
  eden space 39424K, 100% used [0x000000076ab00000,0x000000076d180000,0x000000076d180000)
  from space 512K, 43% used [0x000000077a480000,0x000000077a4b8000,0x000000077a500000)
  to   space 512K, 0% used [0x000000077a500000,0x000000077a500000,0x000000077a580000)
 ParOldGen       total 264704K, used 146206K [0x00000006c0000000, 0x00000006d0280000, 0x000000076ab00000)
  object space 264704K, 55% used [0x00000006c0000000,0x00000006c8ec7a88,0x00000006d0280000)
 Metaspace       used 27424K, capacity 27765K, committed 28160K, reserved 1075200K
  class space    used 3118K, capacity 3223K, committed 3328K, reserved 1048576K
Event: 2498.493 GC heap after
Heap after GC invocations=3366 (full 2):
 PSYoungGen      total 39936K, used 288K [0x000000076ab00000, 0x000000077a580000, 0x00000007c0000000)
  eden space 39424K, 0% used [0x000000076ab00000,0x000000076ab00000,0x000000076d180000)
  from space 512K, 56% used [0x000000077a500000,0x000000077a548000,0x000000077a580000)
  to   space 512K, 0% used [0x000000077a480000,0x000000077a480000,0x000000077a500000)
 ParOldGen       total 264704K, used 146206K [0x00000006c0000000, 0x00000006d0280000, 0x000000076ab00000)
  object space 264704K, 55% used [0x00000006c0000000,0x00000006c8ec7a88,0x00000006d0280000)
 Metaspace       used 27424K, capacity 27765K, committed 28160K, reserved 1075200K
  class space    used 3118K, capacity 3223K, committed 3328K, reserved 1048576K
}
Event: 2499.032 GC heap before
{Heap before GC invocations=3367 (full 2):
 PSYoungGen      total 39936K, used 39712K [0x000000076ab00000, 0x000000077a580000, 0x00000007c0000000)
  eden space 39424K, 100% used [0x000000076ab00000,0x000000076d180000,0x000000076d180000)
  from space 512K, 56% used [0x000000077a500000,0x000000077a548000,0x000000077a580000)
  to   space 512K, 0% used [0x000000077a480000,0x000000077a480000,0x000000077a500000)
 ParOldGen       total 264704K, used 146206K [0x00000006c0000000, 0x00000006d0280000, 0x000000076ab00000)
  object space 264704K, 55% used [0x00000006c0000000,0x00000006c8ec7a88,0x00000006d0280000)
 Metaspace       used 27424K, capacity 27765K, committed 28160K, reserved 1075200K
  class space    used 3118K, capacity 3223K, committed 3328K, reserved 1048576K
Event: 2499.034 GC heap after
Heap after GC invocations=3367 (full 2):
 PSYoungGen      total 39936K, used 256K [0x000000076ab00000, 0x000000077a580000, 0x00000007c0000000)
  eden space 39424K, 0% used [0x000000076ab00000,0x000000076ab00000,0x000000076d180000)
  from space 512K, 50% used [0x000000077a480000,0x000000077a4c0000,0x000000077a500000)
  to   space 512K, 0% used [0x000000077a500000,0x000000077a500000,0x000000077a580000)
 ParOldGen       total 264704K, used 146206K [0x00000006c0000000, 0x00000006d0280000, 0x000000076ab00000)
  object space 264704K, 55% used [0x00000006c0000000,0x00000006c8ec7a88,0x00000006d0280000)
 Metaspace       used 27424K, capacity 27765K, committed 28160K, reserved 1075200K
  class space    used 3118K, capacity 3223K, committed 3328K, reserved 1048576K
}
Event: 2499.590 GC heap before
{Heap before GC invocations=3368 (full 2):
 PSYoungGen      total 39936K, used 39680K [0x000000076ab00000, 0x000000077a580000, 0x00000007c0000000)
  eden space 39424K, 100% used [0x000000076ab00000,0x000000076d180000,0x000000076d180000)
  from space 512K, 50% used [0x000000077a480000,0x000000077a4c0000,0x000000077a500000)
  to   space 512K, 0% used [0x000000077a500000,0x000000077a500000,0x000000077a580000)
 ParOldGen       total 264704K, used 146206K [0x00000006c0000000, 0x00000006d0280000, 0x000000076ab00000)
  object space 264704K, 55% used [0x00000006c0000000,0x00000006c8ec7a88,0x00000006d0280000)
 Metaspace       used 27424K, capacity 27765K, committed 28160K, reserved 1075200K
  class space    used 3118K, capacity 3223K, committed 3328K, reserved 1048576K

