# JRE version: Java(TM) SE Runtime Environment (8.0_161-b12) (build 1.8.0_161-b12)
# Java VM: Java HotSpot(TM) 64-Bit Server VM (25.161-b12 mixed mode bsd-amd64 compressed oops)
Heap:
 PSYoungGen      total 101376K, used 100992K [0x000000076ab00000, 0x0000000772180000, 0x00000007c0000000)
  eden space 100864K, 100% used [0x000000076ab00000,0x0000000770d80000,0x0000000770d80000)
  from space 512K, 25% used [0x0000000771000000,0x0000000771020000,0x0000000771080000)
  to   space 10240K, 1% used [0x0000000771780000,0x00000007717b0010,0x0000000772180000)
 ParOldGen       total 109568K, used 64243K [0x00000006c0000000, 0x00000006c6b00000, 0x000000076ab00000)
  object space 109568K, 58% used [0x00000006c0000000,0x00000006c3ebcf68,0x00000006c6b00000)
 Metaspace       used 26856K, capacity 27144K, committed 27568K, reserved 1073152K
  class space    used 3127K, capacity 3230K, committed 3248K, reserved 1048576K
GC Heap History (10 events):
Event: 151.037 GC heap after
Heap after GC invocations=48 (full 1):
 PSYoungGen      total 111616K, used 288K [0x000000076ab00000, 0x0000000773180000, 0x00000007c0000000)
  eden space 111104K, 0% used [0x000000076ab00000,0x000000076ab00000,0x0000000771780000)
  from space 512K, 56% used [0x0000000771a80000,0x0000000771ac8000,0x0000000771b00000)
  to   space 13312K, 0% used [0x0000000772480000,0x0000000772480000,0x0000000773180000)
 ParOldGen       total 109568K, used 64187K [0x00000006c0000000, 0x00000006c6b00000, 0x000000076ab00000)
  object space 109568K, 58% used [0x00000006c0000000,0x00000006c3eaef68,0x00000006c6b00000)
 Metaspace       used 26856K, capacity 27144K, committed 27568K, reserved 1073152K
  class space    used 3127K, capacity 3230K, committed 3248K, reserved 1048576K
}
Event: 153.098 GC heap before
{Heap before GC invocations=49 (full 1):
 PSYoungGen      total 111616K, used 111392K [0x000000076ab00000, 0x0000000773180000, 0x00000007c0000000)
  eden space 111104K, 100% used [0x000000076ab00000,0x0000000771780000,0x0000000771780000)
  from space 512K, 56% used [0x0000000771a80000,0x0000000771ac8000,0x0000000771b00000)
  to   space 13312K, 0% used [0x0000000772480000,0x0000000772480000,0x0000000773180000)
 ParOldGen       total 109568K, used 64187K [0x00000006c0000000, 0x00000006c6b00000, 0x000000076ab00000)
  object space 109568K, 58% used [0x00000006c0000000,0x00000006c3eaef68,0x00000006c6b00000)
 Metaspace       used 26856K, capacity 27144K, committed 27568K, reserved 1073152K
  class space    used 3127K, capacity 3230K, committed 3248K, reserved 1048576K
Event: 153.100 GC heap after
Heap after GC invocations=49 (full 1):
 PSYoungGen      total 117248K, used 288K [0x000000076ab00000, 0x0000000772d00000, 0x00000007c0000000)
  eden space 108544K, 0% used [0x000000076ab00000,0x000000076ab00000,0x0000000771500000)
  from space 8704K, 3% used [0x0000000772480000,0x00000007724c8000,0x0000000772d00000)
  to   space 12288K, 0% used [0x0000000771500000,0x0000000771500000,0x0000000772100000)
 ParOldGen       total 109568K, used 64187K [0x00000006c0000000, 0x00000006c6b00000, 0x000000076ab00000)
  object space 109568K, 58% used [0x00000006c0000000,0x00000006c3eaef68,0x00000006c6b00000)
 Metaspace       used 26856K, capacity 27144K, committed 27568K, reserved 1073152K
  class space    used 3127K, capacity 3230K, committed 3248K, reserved 1048576K
}
Event: 155.121 GC heap before
{Heap before GC invocations=50 (full 1):
 PSYoungGen      total 117248K, used 108832K [0x000000076ab00000, 0x0000000772d00000, 0x00000007c0000000)
  eden space 108544K, 100% used [0x000000076ab00000,0x0000000771500000,0x0000000771500000)
  from space 8704K, 3% used [0x0000000772480000,0x00000007724c8000,0x0000000772d00000)
  to   space 12288K, 0% used [0x0000000771500000,0x0000000771500000,0x0000000772100000)
 ParOldGen       total 109568K, used 64187K [0x00000006c0000000, 0x00000006c6b00000, 0x000000076ab00000)
  object space 109568K, 58% used [0x00000006c0000000,0x00000006c3eaef68,0x00000006c6b00000)
 Metaspace       used 26856K, capacity 27144K, committed 27568K, reserved 1073152K
  class space    used 3127K, capacity 3230K, committed 3248K, reserved 1048576K
Event: 155.122 GC heap after
Heap after GC invocations=50 (full 1):
 PSYoungGen      total 106496K, used 256K [0x000000076ab00000, 0x0000000772980000, 0x00000007c0000000)
  eden space 105984K, 0% used [0x000000076ab00000,0x000000076ab00000,0x0000000771280000)
  from space 512K, 50% used [0x0000000771500000,0x0000000771540000,0x0000000771580000)
  to   space 11776K, 0% used [0x0000000771e00000,0x0000000771e00000,0x0000000772980000)
 ParOldGen       total 109568K, used 64211K [0x00000006c0000000, 0x00000006c6b00000, 0x000000076ab00000)
  object space 109568K, 58% used [0x00000006c0000000,0x00000006c3eb4f68,0x00000006c6b00000)
 Metaspace       used 26856K, capacity 27144K, committed 27568K, reserved 1073152K
  class space    used 3127K, capacity 3230K, committed 3248K, reserved 1048576K
}
Event: 157.042 GC heap before
{Heap before GC invocations=51 (full 1):
 PSYoungGen      total 106496K, used 106240K [0x000000076ab00000, 0x0000000772980000, 0x00000007c0000000)
  eden space 105984K, 100% used [0x000000076ab00000,0x0000000771280000,0x0000000771280000)
  from space 512K, 50% used [0x0000000771500000,0x0000000771540000,0x0000000771580000)
  to   space 11776K, 0% used [0x0000000771e00000,0x0000000771e00000,0x0000000772980000)
 ParOldGen       total 109568K, used 64211K [0x00000006c0000000, 0x00000006c6b00000, 0x000000076ab00000)
  object space 109568K, 58% used [0x00000006c0000000,0x00000006c3eb4f68,0x00000006c6b00000)
 Metaspace       used 26856K, capacity 27144K, committed 27568K, reserved 1073152K
  class space    used 3127K, capacity 3230K, committed 3248K, reserved 1048576K
Event: 157.043 GC heap after
Heap after GC invocations=51 (full 1):
 PSYoungGen      total 110592K, used 256K [0x000000076ab00000, 0x0000000772500000, 0x00000007c0000000)
  eden space 103424K, 0% used [0x000000076ab00000,0x000000076ab00000,0x0000000771000000)
  from space 7168K, 3% used [0x0000000771e00000,0x0000000771e40000,0x0000000772500000)
  to   space 10752K, 0% used [0x0000000771000000,0x0000000771000000,0x0000000771a80000)
 ParOldGen       total 109568K, used 64211K [0x00000006c0000000, 0x00000006c6b00000, 0x000000076ab00000)
  object space 109568K, 58% used [0x00000006c0000000,0x00000006c3eb4f68,0x00000006c6b00000)
 Metaspace       used 26856K, capacity 27144K, committed 27568K, reserved 1073152K
  class space    used 3127K, capacity 3230K, committed 3248K, reserved 1048576K
}
Event: 158.969 GC heap before
{Heap before GC invocations=52 (full 1):
 PSYoungGen      total 110592K, used 103680K [0x000000076ab00000, 0x0000000772500000, 0x00000007c0000000)
  eden space 103424K, 100% used [0x000000076ab00000,0x0000000771000000,0x0000000771000000)
  from space 7168K, 3% used [0x0000000771e00000,0x0000000771e40000,0x0000000772500000)
  to   space 10752K, 0% used [0x0000000771000000,0x0000000771000000,0x0000000771a80000)
 ParOldGen       total 109568K, used 64211K [0x00000006c0000000, 0x00000006c6b00000, 0x000000076ab00000)
  object space 109568K, 58% used [0x00000006c0000000,0x00000006c3eb4f68,0x00000006c6b00000)
 Metaspace       used 26856K, capacity 27144K, committed 27568K, reserved 1073152K
  class space    used 3127K, capacity 3230K, committed 3248K, reserved 1048576K
Event: 158.971 GC heap after
Heap after GC invocations=52 (full 1):
 PSYoungGen      total 101376K, used 128K [0x000000076ab00000, 0x0000000772180000, 0x00000007c0000000)
  eden space 100864K, 0% used [0x000000076ab00000,0x000000076ab00000,0x0000000770d80000)
  from space 512K, 25% used [0x0000000771000000,0x0000000771020000,0x0000000771080000)
  to   space 10240K, 0% used [0x0000000771780000,0x0000000771780000,0x0000000772180000)
 ParOldGen       total 109568K, used 64227K [0x00000006c0000000, 0x00000006c6b00000, 0x000000076ab00000)
  object space 109568K, 58% used [0x00000006c0000000,0x00000006c3eb8f68,0x00000006c6b00000)
 Metaspace       used 26856K, capacity 27144K, committed 27568K, reserved 1073152K
  class space    used 3127K, capacity 3230K, committed 3248K, reserved 1048576K
}
Event: 164.706 GC heap before
{Heap before GC invocations=53 (full 1):
 PSYoungGen      total 101376K, used 100992K [0x000000076ab00000, 0x0000000772180000, 0x00000007c0000000)
  eden space 100864K, 100% used [0x000000076ab00000,0x0000000770d80000,0x0000000770d80000)
  from space 512K, 25% used [0x0000000771000000,0x0000000771020000,0x0000000771080000)
  to   space 10240K, 0% used [0x0000000771780000,0x0000000771780000,0x0000000772180000)
 ParOldGen       total 109568K, used 64227K [0x00000006c0000000, 0x00000006c6b00000, 0x000000076ab00000)
  object space 109568K, 58% used [0x00000006c0000000,0x00000006c3eb8f68,0x00000006c6b00000)
 Metaspace       used 26856K, capacity 27144K, committed 27568K, reserved 1073152K
  class space    used 3127K, capacity 3230K, committed 3248K, reserved 1048576K

