# JRE version: Java(TM) SE Runtime Environment (8.0_45-b14) (build 1.8.0_45-b14)
# Java VM: Java HotSpot(TM) 64-Bit Server VM (25.45-b02 mixed mode bsd-amd64 compressed oops)
Heap:
 PSYoungGen      total 38912K, used 37664K [0x000000076ab00000, 0x000000076d380000, 0x00000007c0000000)
  eden space 37376K, 100% used [0x000000076ab00000,0x000000076cf80000,0x000000076cf80000)
  from space 1536K, 18% used [0x000000076d200000,0x000000076d248000,0x000000076d380000)
  to   space 2048K, 9% used [0x000000076cf80000,0x000000076cfb0000,0x000000076d180000)
 ParOldGen       total 229376K, used 213748K [0x00000006c0000000, 0x00000006ce000000, 0x000000076ab00000)
  object space 229376K, 93% used [0x00000006c0000000,0x00000006cd0bd0d8,0x00000006ce000000)
 Metaspace       used 27368K, capacity 27700K, committed 28160K, reserved 1075200K
  class space    used 3139K, capacity 3219K, committed 3328K, reserved 1048576K
GC Heap History (10 events):
Event: 1010.993 GC heap after
Heap after GC invocations=114 (full 2):
 PSYoungGen      total 40448K, used 256K [0x000000076ab00000, 0x000000076d580000, 0x00000007c0000000)
  eden space 37376K, 0% used [0x000000076ab00000,0x000000076ab00000,0x000000076cf80000)
  from space 3072K, 8% used [0x000000076d280000,0x000000076d2c0000,0x000000076d580000)
  to   space 3072K, 0% used [0x000000076cf80000,0x000000076cf80000,0x000000076d280000)
 ParOldGen       total 229376K, used 213732K [0x00000006c0000000, 0x00000006ce000000, 0x000000076ab00000)
  object space 229376K, 93% used [0x00000006c0000000,0x00000006cd0b90d8,0x00000006ce000000)
 Metaspace       used 27363K, capacity 27700K, committed 28160K, reserved 1075200K
  class space    used 3139K, capacity 3219K, committed 3328K, reserved 1048576K
}
Event: 1016.761 GC heap before
{Heap before GC invocations=115 (full 2):
 PSYoungGen      total 40448K, used 37632K [0x000000076ab00000, 0x000000076d580000, 0x00000007c0000000)
  eden space 37376K, 100% used [0x000000076ab00000,0x000000076cf80000,0x000000076cf80000)
  from space 3072K, 8% used [0x000000076d280000,0x000000076d2c0000,0x000000076d580000)
  to   space 3072K, 0% used [0x000000076cf80000,0x000000076cf80000,0x000000076d280000)
 ParOldGen       total 229376K, used 213732K [0x00000006c0000000, 0x00000006ce000000, 0x000000076ab00000)
  object space 229376K, 93% used [0x00000006c0000000,0x00000006cd0b90d8,0x00000006ce000000)
 Metaspace       used 27363K, capacity 27700K, committed 28160K, reserved 1075200K
  class space    used 3139K, capacity 3219K, committed 3328K, reserved 1048576K
Event: 1016.762 GC heap after
Heap after GC invocations=115 (full 2):
 PSYoungGen      total 37888K, used 256K [0x000000076ab00000, 0x000000076d480000, 0x00000007c0000000)
  eden space 37376K, 0% used [0x000000076ab00000,0x000000076ab00000,0x000000076cf80000)
  from space 512K, 50% used [0x000000076cf80000,0x000000076cfc0000,0x000000076d000000)
  to   space 2560K, 0% used [0x000000076d200000,0x000000076d200000,0x000000076d480000)
 ParOldGen       total 229376K, used 213732K [0x00000006c0000000, 0x00000006ce000000, 0x000000076ab00000)
  object space 229376K, 93% used [0x00000006c0000000,0x00000006cd0b90d8,0x00000006ce000000)
 Metaspace       used 27363K, capacity 27700K, committed 28160K, reserved 1075200K
  class space    used 3139K, capacity 3219K, committed 3328K, reserved 1048576K
}
Event: 1022.449 GC heap before
{Heap before GC invocations=116 (full 2):
 PSYoungGen      total 37888K, used 37632K [0x000000076ab00000, 0x000000076d480000, 0x00000007c0000000)
  eden space 37376K, 100% used [0x000000076ab00000,0x000000076cf80000,0x000000076cf80000)
  from space 512K, 50% used [0x000000076cf80000,0x000000076cfc0000,0x000000076d000000)
  to   space 2560K, 0% used [0x000000076d200000,0x000000076d200000,0x000000076d480000)
 ParOldGen       total 229376K, used 213732K [0x00000006c0000000, 0x00000006ce000000, 0x000000076ab00000)
  object space 229376K, 93% used [0x00000006c0000000,0x00000006cd0b90d8,0x00000006ce000000)
 Metaspace       used 27363K, capacity 27700K, committed 28160K, reserved 1075200K
  class space    used 3139K, capacity 3219K, committed 3328K, reserved 1048576K
Event: 1022.450 GC heap after
Heap after GC invocations=116 (full 2):
 PSYoungGen      total 39936K, used 288K [0x000000076ab00000, 0x000000076d480000, 0x00000007c0000000)
  eden space 37376K, 0% used [0x000000076ab00000,0x000000076ab00000,0x000000076cf80000)
  from space 2560K, 11% used [0x000000076d200000,0x000000076d248000,0x000000076d480000)
  to   space 2560K, 0% used [0x000000076cf80000,0x000000076cf80000,0x000000076d200000)
 ParOldGen       total 229376K, used 213748K [0x00000006c0000000, 0x00000006ce000000, 0x000000076ab00000)
  object space 229376K, 93% used [0x00000006c0000000,0x00000006cd0bd0d8,0x00000006ce000000)
 Metaspace       used 27363K, capacity 27700K, committed 28160K, reserved 1075200K
  class space    used 3139K, capacity 3219K, committed 3328K, reserved 1048576K
}
Event: 1028.270 GC heap before
{Heap before GC invocations=117 (full 2):
 PSYoungGen      total 39936K, used 37664K [0x000000076ab00000, 0x000000076d480000, 0x00000007c0000000)
  eden space 37376K, 100% used [0x000000076ab00000,0x000000076cf80000,0x000000076cf80000)
  from space 2560K, 11% used [0x000000076d200000,0x000000076d248000,0x000000076d480000)
  to   space 2560K, 0% used [0x000000076cf80000,0x000000076cf80000,0x000000076d200000)
 ParOldGen       total 229376K, used 213748K [0x00000006c0000000, 0x00000006ce000000, 0x000000076ab00000)
  object space 229376K, 93% used [0x00000006c0000000,0x00000006cd0bd0d8,0x00000006ce000000)
 Metaspace       used 27363K, capacity 27700K, committed 28160K, reserved 1075200K
  class space    used 3139K, capacity 3219K, committed 3328K, reserved 1048576K
Event: 1028.272 GC heap after
Heap after GC invocations=117 (full 2):
 PSYoungGen      total 39936K, used 288K [0x000000076ab00000, 0x000000076d480000, 0x00000007c0000000)
  eden space 37376K, 0% used [0x000000076ab00000,0x000000076ab00000,0x000000076cf80000)
  from space 2560K, 11% used [0x000000076cf80000,0x000000076cfc8000,0x000000076d200000)
  to   space 2560K, 0% used [0x000000076d200000,0x000000076d200000,0x000000076d480000)
 ParOldGen       total 229376K, used 213748K [0x00000006c0000000, 0x00000006ce000000, 0x000000076ab00000)
  object space 229376K, 93% used [0x00000006c0000000,0x00000006cd0bd0d8,0x00000006ce000000)
 Metaspace       used 27363K, capacity 27700K, committed 28160K, reserved 1075200K
  class space    used 3139K, capacity 3219K, committed 3328K, reserved 1048576K
}
Event: 1033.787 GC heap before
{Heap before GC invocations=118 (full 2):
 PSYoungGen      total 39936K, used 37664K [0x000000076ab00000, 0x000000076d480000, 0x00000007c0000000)
  eden space 37376K, 100% used [0x000000076ab00000,0x000000076cf80000,0x000000076cf80000)
  from space 2560K, 11% used [0x000000076cf80000,0x000000076cfc8000,0x000000076d200000)
  to   space 2560K, 0% used [0x000000076d200000,0x000000076d200000,0x000000076d480000)
 ParOldGen       total 229376K, used 213748K [0x00000006c0000000, 0x00000006ce000000, 0x000000076ab00000)
  object space 229376K, 93% used [0x00000006c0000000,0x00000006cd0bd0d8,0x00000006ce000000)
 Metaspace       used 27365K, capacity 27700K, committed 28160K, reserved 1075200K
  class space    used 3139K, capacity 3219K, committed 3328K, reserved 1048576K
Event: 1033.789 GC heap after
Heap after GC invocations=118 (full 2):
 PSYoungGen      total 38912K, used 288K [0x000000076ab00000, 0x000000076d380000, 0x00000007c0000000)
  eden space 37376K, 0% used [0x000000076ab00000,0x000000076ab00000,0x000000076cf80000)
  from space 1536K, 18% used [0x000000076d200000,0x000000076d248000,0x000000076d380000)
  to   space 2048K, 0% used [0x000000076cf80000,0x000000076cf80000,0x000000076d180000)
 ParOldGen       total 229376K, used 213748K [0x00000006c0000000, 0x00000006ce000000, 0x000000076ab00000)
  object space 229376K, 93% used [0x00000006c0000000,0x00000006cd0bd0d8,0x00000006ce000000)
 Metaspace       used 27365K, capacity 27700K, committed 28160K, reserved 1075200K
  class space    used 3139K, capacity 3219K, committed 3328K, reserved 1048576K
}
Event: 1040.709 GC heap before
{Heap before GC invocations=119 (full 2):
 PSYoungGen      total 38912K, used 37664K [0x000000076ab00000, 0x000000076d380000, 0x00000007c0000000)
  eden space 37376K, 100% used [0x000000076ab00000,0x000000076cf80000,0x000000076cf80000)
  from space 1536K, 18% used [0x000000076d200000,0x000000076d248000,0x000000076d380000)
  to   space 2048K, 0% used [0x000000076cf80000,0x000000076cf80000,0x000000076d180000)
 ParOldGen       total 229376K, used 213748K [0x00000006c0000000, 0x00000006ce000000, 0x000000076ab00000)
  object space 229376K, 93% used [0x00000006c0000000,0x00000006cd0bd0d8,0x00000006ce000000)
 Metaspace       used 27368K, capacity 27700K, committed 28160K, reserved 1075200K
  class space    used 3139K, capacity 3219K, committed 3328K, reserved 1048576K

