# JRE version: Java(TM) SE Runtime Environment (8.0_45-b14) (build 1.8.0_45-b14)
# Java VM: Java HotSpot(TM) 64-Bit Server VM (25.45-b02 mixed mode bsd-amd64 compressed oops)
Heap:
 PSYoungGen      total 45568K, used 44320K [0x000000076ab00000, 0x000000076d900000, 0x00000007c0000000)
  eden space 44032K, 100% used [0x000000076ab00000,0x000000076d600000,0x000000076d600000)
  from space 1536K, 18% used [0x000000076d780000,0x000000076d7c8000,0x000000076d900000)
  to   space 1536K, 33% used [0x000000076d600000,0x000000076d680010,0x000000076d780000)
 ParOldGen       total 323584K, used 165240K [0x00000006c0000000, 0x00000006d3c00000, 0x000000076ab00000)
  object space 323584K, 51% used [0x00000006c0000000,0x00000006ca15e330,0x00000006d3c00000)
 Metaspace       used 28006K, capacity 28355K, committed 28672K, reserved 1075200K
  class space    used 3169K, capacity 3264K, committed 3328K, reserved 1048576K
GC Heap History (10 events):
Event: 5964.653 GC heap after
Heap after GC invocations=2629 (full 3):
 PSYoungGen      total 45056K, used 637K [0x000000076ab00000, 0x000000076d900000, 0x00000007c0000000)
  eden space 44032K, 0% used [0x000000076ab00000,0x000000076ab00000,0x000000076d600000)
  from space 1024K, 62% used [0x000000076d800000,0x000000076d89f540,0x000000076d900000)
  to   space 1536K, 0% used [0x000000076d600000,0x000000076d600000,0x000000076d780000)
 ParOldGen       total 323584K, used 164750K [0x00000006c0000000, 0x00000006d3c00000, 0x000000076ab00000)
  object space 323584K, 50% used [0x00000006c0000000,0x00000006ca0e3b50,0x00000006d3c00000)
 Metaspace       used 28000K, capacity 28355K, committed 28672K, reserved 1075200K
  class space    used 3169K, capacity 3264K, committed 3328K, reserved 1048576K
}
Event: 5970.667 GC heap before
{Heap before GC invocations=2630 (full 3):
 PSYoungGen      total 45056K, used 44669K [0x000000076ab00000, 0x000000076d900000, 0x00000007c0000000)
  eden space 44032K, 100% used [0x000000076ab00000,0x000000076d600000,0x000000076d600000)
  from space 1024K, 62% used [0x000000076d800000,0x000000076d89f540,0x000000076d900000)
  to   space 1536K, 0% used [0x000000076d600000,0x000000076d600000,0x000000076d780000)
 ParOldGen       total 323584K, used 164750K [0x00000006c0000000, 0x00000006d3c00000, 0x000000076ab00000)
  object space 323584K, 50% used [0x00000006c0000000,0x00000006ca0e3b50,0x00000006d3c00000)
 Metaspace       used 28000K, capacity 28355K, committed 28672K, reserved 1075200K
  class space    used 3169K, capacity 3264K, committed 3328K, reserved 1048576K
Event: 5970.668 GC heap after
Heap after GC invocations=2630 (full 3):
 PSYoungGen      total 45568K, used 617K [0x000000076ab00000, 0x000000076d900000, 0x00000007c0000000)
  eden space 44032K, 0% used [0x000000076ab00000,0x000000076ab00000,0x000000076d600000)
  from space 1536K, 40% used [0x000000076d600000,0x000000076d69a7e0,0x000000076d780000)
  to   space 1536K, 0% used [0x000000076d780000,0x000000076d780000,0x000000076d900000)
 ParOldGen       total 323584K, used 164758K [0x00000006c0000000, 0x00000006d3c00000, 0x000000076ab00000)
  object space 323584K, 50% used [0x00000006c0000000,0x00000006ca0e5b50,0x00000006d3c00000)
 Metaspace       used 28000K, capacity 28355K, committed 28672K, reserved 1075200K
  class space    used 3169K, capacity 3264K, committed 3328K, reserved 1048576K
}
Event: 5976.721 GC heap before
{Heap before GC invocations=2631 (full 3):
 PSYoungGen      total 45568K, used 44649K [0x000000076ab00000, 0x000000076d900000, 0x00000007c0000000)
  eden space 44032K, 100% used [0x000000076ab00000,0x000000076d600000,0x000000076d600000)
  from space 1536K, 40% used [0x000000076d600000,0x000000076d69a7e0,0x000000076d780000)
  to   space 1536K, 0% used [0x000000076d780000,0x000000076d780000,0x000000076d900000)
 ParOldGen       total 323584K, used 164758K [0x00000006c0000000, 0x00000006d3c00000, 0x000000076ab00000)
  object space 323584K, 50% used [0x00000006c0000000,0x00000006ca0e5b50,0x00000006d3c00000)
 Metaspace       used 28000K, capacity 28355K, committed 28672K, reserved 1075200K
  class space    used 3169K, capacity 3264K, committed 3328K, reserved 1048576K
Event: 5976.723 GC heap after
Heap after GC invocations=2631 (full 3):
 PSYoungGen      total 45568K, used 637K [0x000000076ab00000, 0x000000076d900000, 0x00000007c0000000)
  eden space 44032K, 0% used [0x000000076ab00000,0x000000076ab00000,0x000000076d600000)
  from space 1536K, 41% used [0x000000076d780000,0x000000076d81f540,0x000000076d900000)
  to   space 1536K, 0% used [0x000000076d600000,0x000000076d600000,0x000000076d780000)
 ParOldGen       total 323584K, used 164766K [0x00000006c0000000, 0x00000006d3c00000, 0x000000076ab00000)
  object space 323584K, 50% used [0x00000006c0000000,0x00000006ca0e7b50,0x00000006d3c00000)
 Metaspace       used 28000K, capacity 28355K, committed 28672K, reserved 1075200K
  class space    used 3169K, capacity 3264K, committed 3328K, reserved 1048576K
}
Event: 5982.668 GC heap before
{Heap before GC invocations=2632 (full 3):
 PSYoungGen      total 45568K, used 44669K [0x000000076ab00000, 0x000000076d900000, 0x00000007c0000000)
  eden space 44032K, 100% used [0x000000076ab00000,0x000000076d600000,0x000000076d600000)
  from space 1536K, 41% used [0x000000076d780000,0x000000076d81f540,0x000000076d900000)
  to   space 1536K, 0% used [0x000000076d600000,0x000000076d600000,0x000000076d780000)
 ParOldGen       total 323584K, used 164766K [0x00000006c0000000, 0x00000006d3c00000, 0x000000076ab00000)
  object space 323584K, 50% used [0x00000006c0000000,0x00000006ca0e7b50,0x00000006d3c00000)
 Metaspace       used 28000K, capacity 28355K, committed 28672K, reserved 1075200K
  class space    used 3169K, capacity 3264K, committed 3328K, reserved 1048576K
Event: 5982.670 GC heap after
Heap after GC invocations=2632 (full 3):
 PSYoungGen      total 45568K, used 256K [0x000000076ab00000, 0x000000076d900000, 0x00000007c0000000)
  eden space 44032K, 0% used [0x000000076ab00000,0x000000076ab00000,0x000000076d600000)
  from space 1536K, 16% used [0x000000076d600000,0x000000076d640000,0x000000076d780000)
  to   space 1536K, 0% used [0x000000076d780000,0x000000076d780000,0x000000076d900000)
 ParOldGen       total 323584K, used 165184K [0x00000006c0000000, 0x00000006d3c00000, 0x000000076ab00000)
  object space 323584K, 51% used [0x00000006c0000000,0x00000006ca150330,0x00000006d3c00000)
 Metaspace       used 28000K, capacity 28355K, committed 28672K, reserved 1075200K
  class space    used 3169K, capacity 3264K, committed 3328K, reserved 1048576K
}
Event: 5988.663 GC heap before
{Heap before GC invocations=2633 (full 3):
 PSYoungGen      total 45568K, used 44288K [0x000000076ab00000, 0x000000076d900000, 0x00000007c0000000)
  eden space 44032K, 100% used [0x000000076ab00000,0x000000076d600000,0x000000076d600000)
  from space 1536K, 16% used [0x000000076d600000,0x000000076d640000,0x000000076d780000)
  to   space 1536K, 0% used [0x000000076d780000,0x000000076d780000,0x000000076d900000)
 ParOldGen       total 323584K, used 165184K [0x00000006c0000000, 0x00000006d3c00000, 0x000000076ab00000)
  object space 323584K, 51% used [0x00000006c0000000,0x00000006ca150330,0x00000006d3c00000)
 Metaspace       used 28000K, capacity 28355K, committed 28672K, reserved 1075200K
  class space    used 3169K, capacity 3264K, committed 3328K, reserved 1048576K
Event: 5988.664 GC heap after
Heap after GC invocations=2633 (full 3):
 PSYoungGen      total 45568K, used 288K [0x000000076ab00000, 0x000000076d900000, 0x00000007c0000000)
  eden space 44032K, 0% used [0x000000076ab00000,0x000000076ab00000,0x000000076d600000)
  from space 1536K, 18% used [0x000000076d780000,0x000000076d7c8000,0x000000076d900000)
  to   space 1536K, 0% used [0x000000076d600000,0x000000076d600000,0x000000076d780000)
 ParOldGen       total 323584K, used 165216K [0x00000006c0000000, 0x00000006d3c00000, 0x000000076ab00000)
  object space 323584K, 51% used [0x00000006c0000000,0x00000006ca158330,0x00000006d3c00000)
 Metaspace       used 28000K, capacity 28355K, committed 28672K, reserved 1075200K
  class space    used 3169K, capacity 3264K, committed 3328K, reserved 1048576K
}
Event: 5995.770 GC heap before
{Heap before GC invocations=2634 (full 3):
 PSYoungGen      total 45568K, used 44320K [0x000000076ab00000, 0x000000076d900000, 0x00000007c0000000)
  eden space 44032K, 100% used [0x000000076ab00000,0x000000076d600000,0x000000076d600000)
  from space 1536K, 18% used [0x000000076d780000,0x000000076d7c8000,0x000000076d900000)
  to   space 1536K, 0% used [0x000000076d600000,0x000000076d600000,0x000000076d780000)
 ParOldGen       total 323584K, used 165216K [0x00000006c0000000, 0x00000006d3c00000, 0x000000076ab00000)
  object space 323584K, 51% used [0x00000006c0000000,0x00000006ca158330,0x00000006d3c00000)
 Metaspace       used 28006K, capacity 28355K, committed 28672K, reserved 1075200K
  class space    used 3169K, capacity 3264K, committed 3328K, reserved 1048576K

