# JRE version: Java(TM) SE Runtime Environment (8.0_161-b12) (build 1.8.0_161-b12)
# Java VM: Java HotSpot(TM) 64-Bit Server VM (25.161-b12 mixed mode bsd-amd64 compressed oops)
Heap:
 PSYoungGen      total 182784K, used 173074K [0x000000076ab00000, 0x0000000779480000, 0x00000007c0000000)
  eden space 153600K, 100% used [0x000000076ab00000,0x0000000774100000,0x0000000774100000)
  from space 29184K, 66% used [0x0000000774100000,0x0000000775404bb0,0x0000000775d80000)
  to   space 29696K, 98% used [0x0000000777780000,0x00000007794140e0,0x0000000779480000)
 ParOldGen       total 112128K, used 39345K [0x00000006c0000000, 0x00000006c6d80000, 0x000000076ab00000)
  object space 112128K, 35% used [0x00000006c0000000,0x00000006c266c568,0x00000006c6d80000)
 Metaspace       used 26734K, capacity 27080K, committed 27312K, reserved 1073152K
  class space    used 3122K, capacity 3230K, committed 3248K, reserved 1048576K
GC Heap History (10 events):
Event: 3.544 GC heap after
Heap after GC invocations=6 (full 1):
 PSYoungGen      total 103936K, used 8203K [0x000000076ab00000, 0x0000000774000000, 0x00000007c0000000)
  eden space 93184K, 0% used [0x000000076ab00000,0x000000076ab00000,0x0000000770600000)
  from space 10752K, 76% used [0x0000000770600000,0x0000000770e02eb8,0x0000000771080000)
  to   space 11264K, 0% used [0x0000000773500000,0x0000000773500000,0x0000000774000000)
 ParOldGen       total 112128K, used 11197K [0x00000006c0000000, 0x00000006c6d80000, 0x000000076ab00000)
  object space 112128K, 9% used [0x00000006c0000000,0x00000006c0aef4b0,0x00000006c6d80000)
 Metaspace       used 21386K, capacity 21692K, committed 21936K, reserved 1069056K
  class space    used 2307K, capacity 2398K, committed 2480K, reserved 1048576K
}
Event: 4.180 GC heap before
{Heap before GC invocations=7 (full 1):
 PSYoungGen      total 103936K, used 101387K [0x000000076ab00000, 0x0000000774000000, 0x00000007c0000000)
  eden space 93184K, 100% used [0x000000076ab00000,0x0000000770600000,0x0000000770600000)
  from space 10752K, 76% used [0x0000000770600000,0x0000000770e02eb8,0x0000000771080000)
  to   space 11264K, 0% used [0x0000000773500000,0x0000000773500000,0x0000000774000000)
 ParOldGen       total 112128K, used 11197K [0x00000006c0000000, 0x00000006c6d80000, 0x000000076ab00000)
  object space 112128K, 9% used [0x00000006c0000000,0x00000006c0aef4b0,0x00000006c6d80000)
 Metaspace       used 23954K, capacity 24224K, committed 24624K, reserved 1071104K
  class space    used 2732K, capacity 2830K, committed 2864K, reserved 1048576K
Event: 4.192 GC heap after
Heap after GC invocations=7 (full 1):
 PSYoungGen      total 125952K, used 11259K [0x000000076ab00000, 0x0000000776380000, 0x00000007c0000000)
  eden space 114688K, 0% used [0x000000076ab00000,0x000000076ab00000,0x0000000771b00000)
  from space 11264K, 99% used [0x0000000773500000,0x0000000773ffedd8,0x0000000774000000)
  to   space 26624K, 0% used [0x0000000771b00000,0x0000000771b00000,0x0000000773500000)
 ParOldGen       total 112128K, used 36215K [0x00000006c0000000, 0x00000006c6d80000, 0x000000076ab00000)
  object space 112128K, 32% used [0x00000006c0000000,0x00000006c235dde0,0x00000006c6d80000)
 Metaspace       used 23954K, capacity 24224K, committed 24624K, reserved 1071104K
  class space    used 2732K, capacity 2830K, committed 2864K, reserved 1048576K
}
Event: 9.638 GC heap before
{Heap before GC invocations=8 (full 1):
 PSYoungGen      total 125952K, used 125947K [0x000000076ab00000, 0x0000000776380000, 0x00000007c0000000)
  eden space 114688K, 100% used [0x000000076ab00000,0x0000000771b00000,0x0000000771b00000)
  from space 11264K, 99% used [0x0000000773500000,0x0000000773ffedd8,0x0000000774000000)
  to   space 26624K, 0% used [0x0000000771b00000,0x0000000771b00000,0x0000000773500000)
 ParOldGen       total 112128K, used 36217K [0x00000006c0000000, 0x00000006c6d80000, 0x000000076ab00000)
  object space 112128K, 32% used [0x00000006c0000000,0x00000006c235e488,0x00000006c6d80000)
 Metaspace       used 26429K, capacity 26750K, committed 27056K, reserved 1073152K
  class space    used 3119K, capacity 3229K, committed 3248K, reserved 1048576K
Event: 9.648 GC heap after
Heap after GC invocations=8 (full 1):
 PSYoungGen      total 141312K, used 20680K [0x000000076ab00000, 0x0000000778000000, 0x00000007c0000000)
  eden space 114688K, 0% used [0x000000076ab00000,0x000000076ab00000,0x0000000771b00000)
  from space 26624K, 77% used [0x0000000771b00000,0x0000000772f32010,0x0000000773500000)
  to   space 28672K, 0% used [0x0000000776400000,0x0000000776400000,0x0000000778000000)
 ParOldGen       total 112128K, used 36225K [0x00000006c0000000, 0x00000006c6d80000, 0x000000076ab00000)
  object space 112128K, 32% used [0x00000006c0000000,0x00000006c2360488,0x00000006c6d80000)
 Metaspace       used 26429K, capacity 26750K, committed 27056K, reserved 1073152K
  class space    used 3119K, capacity 3229K, committed 3248K, reserved 1048576K
}
Event: 22.380 GC heap before
{Heap before GC invocations=9 (full 1):
 PSYoungGen      total 141312K, used 135368K [0x000000076ab00000, 0x0000000778000000, 0x00000007c0000000)
  eden space 114688K, 100% used [0x000000076ab00000,0x0000000771b00000,0x0000000771b00000)
  from space 26624K, 77% used [0x0000000771b00000,0x0000000772f32010,0x0000000773500000)
  to   space 28672K, 0% used [0x0000000776400000,0x0000000776400000,0x0000000778000000)
 ParOldGen       total 112128K, used 36228K [0x00000006c0000000, 0x00000006c6d80000, 0x000000076ab00000)
  object space 112128K, 32% used [0x00000006c0000000,0x00000006c2361290,0x00000006c6d80000)
 Metaspace       used 26703K, capacity 27016K, committed 27312K, reserved 1073152K
  class space    used 3121K, capacity 3230K, committed 3248K, reserved 1048576K
Event: 22.392 GC heap after
Heap after GC invocations=9 (full 1):
 PSYoungGen      total 176128K, used 19504K [0x000000076ab00000, 0x0000000777a00000, 0x00000007c0000000)
  eden space 153600K, 0% used [0x000000076ab00000,0x000000076ab00000,0x0000000774100000)
  from space 22528K, 86% used [0x0000000776400000,0x000000077770c270,0x0000000777a00000)
  to   space 29184K, 0% used [0x0000000774100000,0x0000000774100000,0x0000000775d80000)
 ParOldGen       total 112128K, used 36236K [0x00000006c0000000, 0x00000006c6d80000, 0x000000076ab00000)
  object space 112128K, 32% used [0x00000006c0000000,0x00000006c2363290,0x00000006c6d80000)
 Metaspace       used 26703K, capacity 27016K, committed 27312K, reserved 1073152K
  class space    used 3121K, capacity 3230K, committed 3248K, reserved 1048576K
}
Event: 38.556 GC heap before
{Heap before GC invocations=10 (full 1):
 PSYoungGen      total 176128K, used 173104K [0x000000076ab00000, 0x0000000777a00000, 0x00000007c0000000)
  eden space 153600K, 100% used [0x000000076ab00000,0x0000000774100000,0x0000000774100000)
  from space 22528K, 86% used [0x0000000776400000,0x000000077770c270,0x0000000777a00000)
  to   space 29184K, 0% used [0x0000000774100000,0x0000000774100000,0x0000000775d80000)
 ParOldGen       total 112128K, used 36236K [0x00000006c0000000, 0x00000006c6d80000, 0x000000076ab00000)
  object space 112128K, 32% used [0x00000006c0000000,0x00000006c2363290,0x00000006c6d80000)
 Metaspace       used 26720K, capacity 27080K, committed 27312K, reserved 1073152K
  class space    used 3121K, capacity 3230K, committed 3248K, reserved 1048576K
Event: 38.563 GC heap after
Heap after GC invocations=10 (full 1):
 PSYoungGen      total 182784K, used 19474K [0x000000076ab00000, 0x0000000779480000, 0x00000007c0000000)
  eden space 153600K, 0% used [0x000000076ab00000,0x000000076ab00000,0x0000000774100000)
  from space 29184K, 66% used [0x0000000774100000,0x0000000775404bb0,0x0000000775d80000)
  to   space 29696K, 0% used [0x0000000777780000,0x0000000777780000,0x0000000779480000)
 ParOldGen       total 112128K, used 36244K [0x00000006c0000000, 0x00000006c6d80000, 0x000000076ab00000)
  object space 112128K, 32% used [0x00000006c0000000,0x00000006c2365290,0x00000006c6d80000)
 Metaspace       used 26720K, capacity 27080K, committed 27312K, reserved 1073152K
  class space    used 3121K, capacity 3230K, committed 3248K, reserved 1048576K
}
Event: 53.780 GC heap before
{Heap before GC invocations=11 (full 1):
 PSYoungGen      total 182784K, used 173074K [0x000000076ab00000, 0x0000000779480000, 0x00000007c0000000)
  eden space 153600K, 100% used [0x000000076ab00000,0x0000000774100000,0x0000000774100000)
  from space 29184K, 66% used [0x0000000774100000,0x0000000775404bb0,0x0000000775d80000)
  to   space 29696K, 0% used [0x0000000777780000,0x0000000777780000,0x0000000779480000)
 ParOldGen       total 112128K, used 36251K [0x00000006c0000000, 0x00000006c6d80000, 0x000000076ab00000)
  object space 112128K, 32% used [0x00000006c0000000,0x00000006c2366c98,0x00000006c6d80000)
 Metaspace       used 26734K, capacity 27080K, committed 27312K, reserved 1073152K
  class space    used 3122K, capacity 3230K, committed 3248K, reserved 1048576K

