# JRE version: Java(TM) SE Runtime Environment (8.0_161-b12) (build 1.8.0_161-b12)
# Java VM: Java HotSpot(TM) 64-Bit Server VM (25.161-b12 mixed mode bsd-amd64 compressed oops)
Heap:
 PSYoungGen      total 1126912K, used 1696K [0x0000000715580000, 0x0000000794b80000, 0x00000007c0000000)
  eden space 1124864K, 0% used [0x0000000715580000,0x0000000715580000,0x000000075a000000)
  from space 2048K, 82% used [0x0000000794980000,0x0000000794b28060,0x0000000794b80000)
  to   space 3584K, 0% used [0x0000000794480000,0x0000000794480000,0x0000000794800000)
 ParOldGen       total 2351104K, used 2350467K [0x00000005c0000000, 0x000000064f800000, 0x0000000715580000)
  object space 2351104K, 99% used [0x00000005c0000000,0x000000064f760fa8,0x000000064f800000)
 Metaspace       used 29222K, capacity 29703K, committed 29824K, reserved 1075200K
  class space    used 3272K, capacity 3371K, committed 3456K, reserved 1048576K
GC Heap History (10 events):
Event: 55228.683 GC heap after
Heap after GC invocations=1585 (full 7):
 PSYoungGen      total 1222656K, used 384K [0x0000000715580000, 0x0000000794f00000, 0x00000007c0000000)
  eden space 1222144K, 0% used [0x0000000715580000,0x0000000715580000,0x000000075ff00000)
  from space 512K, 75% used [0x0000000794e80000,0x0000000794ee0000,0x0000000794f00000)
  to   space 3584K, 0% used [0x0000000794800000,0x0000000794800000,0x0000000794b80000)
 ParOldGen       total 2349056K, used 2317424K [0x00000005c0000000, 0x000000064f600000, 0x0000000715580000)
  object space 2349056K, 98% used [0x00000005c0000000,0x000000064d71c0a8,0x000000064f600000)
 Metaspace       used 29222K, capacity 29703K, committed 29824K, reserved 1075200K
  class space    used 3272K, capacity 3371K, committed 3456K, reserved 1048576K
}
Event: 55231.537 GC heap before
{Heap before GC invocations=1586 (full 7):
 PSYoungGen      total 1222656K, used 1222528K [0x0000000715580000, 0x0000000794f00000, 0x00000007c0000000)
  eden space 1222144K, 100% used [0x0000000715580000,0x000000075ff00000,0x000000075ff00000)
  from space 512K, 75% used [0x0000000794e80000,0x0000000794ee0000,0x0000000794f00000)
  to   space 3584K, 0% used [0x0000000794800000,0x0000000794800000,0x0000000794b80000)
 ParOldGen       total 2349056K, used 2317424K [0x00000005c0000000, 0x000000064f600000, 0x0000000715580000)
  object space 2349056K, 98% used [0x00000005c0000000,0x000000064d71c0a8,0x000000064f600000)
 Metaspace       used 29222K, capacity 29703K, committed 29824K, reserved 1075200K
  class space    used 3272K, capacity 3371K, committed 3456K, reserved 1048576K
Event: 55231.540 GC heap after
Heap after GC invocations=1586 (full 7):
 PSYoungGen      total 1200128K, used 256K [0x0000000715580000, 0x0000000794f00000, 0x00000007c0000000)
  eden space 1196544K, 0% used [0x0000000715580000,0x0000000715580000,0x000000075e600000)
  from space 3584K, 7% used [0x0000000794800000,0x0000000794840000,0x0000000794b80000)
  to   space 3584K, 0% used [0x0000000794b80000,0x0000000794b80000,0x0000000794f00000)
 ParOldGen       total 2349056K, used 2317424K [0x00000005c0000000, 0x000000064f600000, 0x0000000715580000)
  object space 2349056K, 98% used [0x00000005c0000000,0x000000064d71c0a8,0x000000064f600000)
 Metaspace       used 29222K, capacity 29703K, committed 29824K, reserved 1075200K
  class space    used 3272K, capacity 3371K, committed 3456K, reserved 1048576K
}
Event: 55234.293 GC heap before
{Heap before GC invocations=1587 (full 7):
 PSYoungGen      total 1200128K, used 1196800K [0x0000000715580000, 0x0000000794f00000, 0x00000007c0000000)
  eden space 1196544K, 100% used [0x0000000715580000,0x000000075e600000,0x000000075e600000)
  from space 3584K, 7% used [0x0000000794800000,0x0000000794840000,0x0000000794b80000)
  to   space 3584K, 0% used [0x0000000794b80000,0x0000000794b80000,0x0000000794f00000)
 ParOldGen       total 2349056K, used 2317424K [0x00000005c0000000, 0x000000064f600000, 0x0000000715580000)
  object space 2349056K, 98% used [0x00000005c0000000,0x000000064d71c0a8,0x000000064f600000)
 Metaspace       used 29222K, capacity 29703K, committed 29824K, reserved 1075200K
  class space    used 3272K, capacity 3371K, committed 3456K, reserved 1048576K
Event: 55234.296 GC heap after
Heap after GC invocations=1587 (full 7):
 PSYoungGen      total 1174528K, used 2090K [0x0000000715580000, 0x0000000794e00000, 0x00000007c0000000)
  eden space 1171968K, 0% used [0x0000000715580000,0x0000000715580000,0x000000075ce00000)
  from space 2560K, 81% used [0x0000000794b80000,0x0000000794d8a8d0,0x0000000794e00000)
  to   space 3584K, 0% used [0x0000000794700000,0x0000000794700000,0x0000000794a80000)
 ParOldGen       total 2349056K, used 2317432K [0x00000005c0000000, 0x000000064f600000, 0x0000000715580000)
  object space 2349056K, 98% used [0x00000005c0000000,0x000000064d71e0a8,0x000000064f600000)
 Metaspace       used 29222K, capacity 29703K, committed 29824K, reserved 1075200K
  class space    used 3272K, capacity 3371K, committed 3456K, reserved 1048576K
}
Event: 55236.989 GC heap before
{Heap before GC invocations=1588 (full 7):
 PSYoungGen      total 1174528K, used 1174058K [0x0000000715580000, 0x0000000794e00000, 0x00000007c0000000)
  eden space 1171968K, 100% used [0x0000000715580000,0x000000075ce00000,0x000000075ce00000)
  from space 2560K, 81% used [0x0000000794b80000,0x0000000794d8a8d0,0x0000000794e00000)
  to   space 3584K, 0% used [0x0000000794700000,0x0000000794700000,0x0000000794a80000)
 ParOldGen       total 2349056K, used 2317432K [0x00000005c0000000, 0x000000064f600000, 0x0000000715580000)
  object space 2349056K, 98% used [0x00000005c0000000,0x000000064d71e148,0x000000064f600000)
 Metaspace       used 29222K, capacity 29703K, committed 29824K, reserved 1075200K
  class space    used 3272K, capacity 3371K, committed 3456K, reserved 1048576K
Event: 55236.992 GC heap after
Heap after GC invocations=1588 (full 7):
 PSYoungGen      total 1150464K, used 2154K [0x0000000715580000, 0x0000000794c00000, 0x00000007c0000000)
  eden space 1147904K, 0% used [0x0000000715580000,0x0000000715580000,0x000000075b680000)
  from space 2560K, 84% used [0x0000000794700000,0x000000079491a8d0,0x0000000794980000)
  to   space 2560K, 0% used [0x0000000794980000,0x0000000794980000,0x0000000794c00000)
 ParOldGen       total 2349056K, used 2317440K [0x00000005c0000000, 0x000000064f600000, 0x0000000715580000)
  object space 2349056K, 98% used [0x00000005c0000000,0x000000064d720148,0x000000064f600000)
 Metaspace       used 29222K, capacity 29703K, committed 29824K, reserved 1075200K
  class space    used 3272K, capacity 3371K, committed 3456K, reserved 1048576K
}
Event: 55557.065 GC heap before
{Heap before GC invocations=1589 (full 7):
 PSYoungGen      total 1150464K, used 1150058K [0x0000000715580000, 0x0000000794c00000, 0x00000007c0000000)
  eden space 1147904K, 100% used [0x0000000715580000,0x000000075b680000,0x000000075b680000)
  from space 2560K, 84% used [0x0000000794700000,0x000000079491a8d0,0x0000000794980000)
  to   space 2560K, 0% used [0x0000000794980000,0x0000000794980000,0x0000000794c00000)
 ParOldGen       total 2349056K, used 2317444K [0x00000005c0000000, 0x000000064f600000, 0x0000000715580000)
  object space 2349056K, 98% used [0x00000005c0000000,0x000000064d721108,0x000000064f600000)
 Metaspace       used 29222K, capacity 29703K, committed 29824K, reserved 1075200K
  class space    used 3272K, capacity 3371K, committed 3456K, reserved 1048576K
Event: 55557.083 GC heap after
Heap after GC invocations=1589 (full 7):
 PSYoungGen      total 1126912K, used 1696K [0x0000000715580000, 0x0000000794b80000, 0x00000007c0000000)
  eden space 1124864K, 0% used [0x0000000715580000,0x0000000715580000,0x000000075a000000)
  from space 2048K, 82% used [0x0000000794980000,0x0000000794b28060,0x0000000794b80000)
  to   space 3584K, 0% used [0x0000000794480000,0x0000000794480000,0x0000000794800000)
 ParOldGen       total 2351104K, used 2350467K [0x00000005c0000000, 0x000000064f800000, 0x0000000715580000)
  object space 2351104K, 99% used [0x00000005c0000000,0x000000064f760fa8,0x000000064f800000)
 Metaspace       used 29222K, capacity 29703K, committed 29824K, reserved 1075200K
  class space    used 3272K, capacity 3371K, committed 3456K, reserved 1048576K
}
Event: 55557.083 GC heap before
{Heap before GC invocations=1590 (full 8):
 PSYoungGen      total 1126912K, used 1696K [0x0000000715580000, 0x0000000794b80000, 0x00000007c0000000)
  eden space 1124864K, 0% used [0x0000000715580000,0x0000000715580000,0x000000075a000000)
  from space 2048K, 82% used [0x0000000794980000,0x0000000794b28060,0x0000000794b80000)
  to   space 3584K, 0% used [0x0000000794480000,0x0000000794480000,0x0000000794800000)
 ParOldGen       total 2351104K, used 2350467K [0x00000005c0000000, 0x000000064f800000, 0x0000000715580000)
  object space 2351104K, 99% used [0x00000005c0000000,0x000000064f760fa8,0x000000064f800000)
 Metaspace       used 29222K, capacity 29703K, committed 29824K, reserved 1075200K
  class space    used 3272K, capacity 3371K, committed 3456K, reserved 1048576K

