# JRE version: Java(TM) SE Runtime Environment (8.0_152-b16) (build 1.8.0_152-b16)
# Java VM: Java HotSpot(TM) 64-Bit Server VM (25.152-b16 mixed mode bsd-amd64 compressed oops)
Heap:
 PSYoungGen      total 2786304K, used 795950K [0x000000066ab00000, 0x0000000769780000, 0x00000007c0000000)
  eden space 2645504K, 24% used [0x000000066ab00000,0x0000000692afb078,0x000000070c280000)
  from space 140800K, 99% used [0x0000000756f80000,0x000000075f8d0a40,0x000000075f900000)
  to   space 162304K, 0% used [0x000000075f900000,0x000000075f900000,0x0000000769780000)
 ParOldGen       total 1410048K, used 711074K [0x00000003c0000000, 0x0000000416100000, 0x000000066ab00000)
  object space 1410048K, 50% used [0x00000003c0000000,0x00000003eb668868,0x0000000416100000)
 Metaspace       used 27902K, capacity 28267K, committed 28544K, reserved 1075200K
  class space    used 3099K, capacity 3195K, committed 3200K, reserved 1048576K
GC Heap History (10 events):
Event: 1459.661 GC heap before
{Heap before GC invocations=31 (full 1):
 PSYoungGen      total 2876928K, used 2876567K [0x000000066ab00000, 0x0000000777e00000, 0x00000007c0000000)
  eden space 2752512K, 100% used [0x000000066ab00000,0x0000000712b00000,0x0000000712b00000)
  from space 124416K, 99% used [0x000000076d200000,0x0000000774b25d98,0x0000000774b80000)
  to   space 51712K, 0% used [0x0000000774b80000,0x0000000774b80000,0x0000000777e00000)
 ParOldGen       total 798208K, used 598721K [0x00000003c0000000, 0x00000003f0b80000, 0x000000066ab00000)
  object space 798208K, 75% used [0x00000003c0000000,0x00000003e48b0560,0x00000003f0b80000)
 Metaspace       used 27777K, capacity 28139K, committed 28288K, reserved 1075200K
  class space    used 3082K, capacity 3195K, committed 3200K, reserved 1048576K
Event: 1459.707 GC heap after
Heap after GC invocations=31 (full 1):
 PSYoungGen      total 2680320K, used 51702K [0x000000066ab00000, 0x0000000777e00000, 0x00000007c0000000)
  eden space 2628608K, 0% used [0x000000066ab00000,0x000000066ab00000,0x000000070b200000)
  from space 51712K, 99% used [0x0000000774b80000,0x0000000777dfd858,0x0000000777e00000)
  to   space 186880K, 0% used [0x0000000761100000,0x0000000761100000,0x000000076c780000)
 ParOldGen       total 798208K, used 707748K [0x00000003c0000000, 0x00000003f0b80000, 0x000000066ab00000)
  object space 798208K, 88% used [0x00000003c0000000,0x00000003eb329250,0x00000003f0b80000)
 Metaspace       used 27777K, capacity 28139K, committed 28288K, reserved 1075200K
  class space    used 3082K, capacity 3195K, committed 3200K, reserved 1048576K
}
Event: 1459.707 GC heap before
{Heap before GC invocations=32 (full 2):
 PSYoungGen      total 2680320K, used 51702K [0x000000066ab00000, 0x0000000777e00000, 0x00000007c0000000)
  eden space 2628608K, 0% used [0x000000066ab00000,0x000000066ab00000,0x000000070b200000)
  from space 51712K, 99% used [0x0000000774b80000,0x0000000777dfd858,0x0000000777e00000)
  to   space 186880K, 0% used [0x0000000761100000,0x0000000761100000,0x000000076c780000)
 ParOldGen       total 798208K, used 707748K [0x00000003c0000000, 0x00000003f0b80000, 0x000000066ab00000)
  object space 798208K, 88% used [0x00000003c0000000,0x00000003eb329250,0x00000003f0b80000)
 Metaspace       used 27777K, capacity 28139K, committed 28288K, reserved 1075200K
  class space    used 3082K, capacity 3195K, committed 3200K, reserved 1048576K
Event: 1459.926 GC heap after
Heap after GC invocations=32 (full 2):
 PSYoungGen      total 2680320K, used 0K [0x000000066ab00000, 0x0000000777e00000, 0x00000007c0000000)
  eden space 2628608K, 0% used [0x000000066ab00000,0x000000066ab00000,0x000000070b200000)
  from space 51712K, 0% used [0x0000000774b80000,0x0000000774b80000,0x0000000777e00000)
  to   space 186880K, 0% used [0x0000000761100000,0x0000000761100000,0x000000076c780000)
 ParOldGen       total 1410048K, used 711073K [0x00000003c0000000, 0x0000000416100000, 0x000000066ab00000)
  object space 1410048K, 50% used [0x00000003c0000000,0x00000003eb668700,0x0000000416100000)
 Metaspace       used 27777K, capacity 28139K, committed 28288K, reserved 1075200K
  class space    used 3082K, capacity 3195K, committed 3200K, reserved 1048576K
}
Event: 1674.548 GC heap before
{Heap before GC invocations=33 (full 2):
 PSYoungGen      total 2680320K, used 2628087K [0x000000066ab00000, 0x0000000777e00000, 0x00000007c0000000)
  eden space 2628608K, 99% used [0x000000066ab00000,0x000000070b17dc68,0x000000070b200000)
  from space 51712K, 0% used [0x0000000774b80000,0x0000000774b80000,0x0000000777e00000)
  to   space 186880K, 0% used [0x0000000761100000,0x0000000761100000,0x000000076c780000)
 ParOldGen       total 1410048K, used 711073K [0x00000003c0000000, 0x0000000416100000, 0x000000066ab00000)
  object space 1410048K, 50% used [0x00000003c0000000,0x00000003eb668700,0x0000000416100000)
 Metaspace       used 27785K, capacity 28139K, committed 28288K, reserved 1075200K
  class space    used 3082K, capacity 3195K, committed 3200K, reserved 1048576K
Event: 1674.559 GC heap after
Heap after GC invocations=33 (full 2):
 PSYoungGen      total 2772992K, used 136895K [0x000000066ab00000, 0x0000000774c00000, 0x00000007c0000000)
  eden space 2635776K, 0% used [0x000000066ab00000,0x000000066ab00000,0x000000070b900000)
  from space 137216K, 99% used [0x0000000761100000,0x00000007696affe0,0x0000000769700000)
  to   space 185344K, 0% used [0x0000000769700000,0x0000000769700000,0x0000000774c00000)
 ParOldGen       total 1410048K, used 711073K [0x00000003c0000000, 0x0000000416100000, 0x000000066ab00000)
  object space 1410048K, 50% used [0x00000003c0000000,0x00000003eb668700,0x0000000416100000)
 Metaspace       used 27785K, capacity 28139K, committed 28288K, reserved 1075200K
  class space    used 3082K, capacity 3195K, committed 3200K, reserved 1048576K
}
Event: 1893.713 GC heap before
{Heap before GC invocations=34 (full 2):
 PSYoungGen      total 2772992K, used 2772671K [0x000000066ab00000, 0x0000000774c00000, 0x00000007c0000000)
  eden space 2635776K, 100% used [0x000000066ab00000,0x000000070b900000,0x000000070b900000)
  from space 137216K, 99% used [0x0000000761100000,0x00000007696affe0,0x0000000769700000)
  to   space 185344K, 0% used [0x0000000769700000,0x0000000769700000,0x0000000774c00000)
 ParOldGen       total 1410048K, used 711073K [0x00000003c0000000, 0x0000000416100000, 0x000000066ab00000)
  object space 1410048K, 50% used [0x00000003c0000000,0x00000003eb668700,0x0000000416100000)
 Metaspace       used 27785K, capacity 28139K, committed 28288K, reserved 1075200K
  class space    used 3082K, capacity 3195K, committed 3200K, reserved 1048576K
Event: 1893.722 GC heap after
Heap after GC invocations=34 (full 2):
 PSYoungGen      total 2784256K, used 142451K [0x000000066ab00000, 0x0000000772280000, 0x00000007c0000000)
  eden space 2641408K, 0% used [0x000000066ab00000,0x000000066ab00000,0x000000070be80000)
  from space 142848K, 99% used [0x0000000769700000,0x000000077221cf70,0x0000000772280000)
  to   space 222720K, 0% used [0x0000000756f80000,0x0000000756f80000,0x0000000764900000)
 ParOldGen       total 1410048K, used 711073K [0x00000003c0000000, 0x0000000416100000, 0x000000066ab00000)
  object space 1410048K, 50% used [0x00000003c0000000,0x00000003eb668700,0x0000000416100000)
 Metaspace       used 27785K, capacity 28139K, committed 28288K, reserved 1075200K
  class space    used 3082K, capacity 3195K, committed 3200K, reserved 1048576K
}
Event: 2117.506 GC heap before
{Heap before GC invocations=35 (full 2):
 PSYoungGen      total 2784256K, used 2783859K [0x000000066ab00000, 0x0000000772280000, 0x00000007c0000000)
  eden space 2641408K, 100% used [0x000000066ab00000,0x000000070be80000,0x000000070be80000)
  from space 142848K, 99% used [0x0000000769700000,0x000000077221cf70,0x0000000772280000)
  to   space 222720K, 0% used [0x0000000756f80000,0x0000000756f80000,0x0000000764900000)
 ParOldGen       total 1410048K, used 711074K [0x00000003c0000000, 0x0000000416100000, 0x000000066ab00000)
  object space 1410048K, 50% used [0x00000003c0000000,0x00000003eb668868,0x0000000416100000)
 Metaspace       used 27785K, capacity 28139K, committed 28288K, reserved 1075200K
  class space    used 3082K, capacity 3195K, committed 3200K, reserved 1048576K
Event: 2117.520 GC heap after
Heap after GC invocations=35 (full 2):
 PSYoungGen      total 2786304K, used 140610K [0x000000066ab00000, 0x0000000769780000, 0x00000007c0000000)
  eden space 2645504K, 0% used [0x000000066ab00000,0x000000066ab00000,0x000000070c280000)
  from space 140800K, 99% used [0x0000000756f80000,0x000000075f8d0a40,0x000000075f900000)
  to   space 162304K, 0% used [0x000000075f900000,0x000000075f900000,0x0000000769780000)
 ParOldGen       total 1410048K, used 711074K [0x00000003c0000000, 0x0000000416100000, 0x000000066ab00000)
  object space 1410048K, 50% used [0x00000003c0000000,0x00000003eb668868,0x0000000416100000)
 Metaspace       used 27785K, capacity 28139K, committed 28288K, reserved 1075200K
  class space    used 3082K, capacity 3195K, committed 3200K, reserved 1048576K
}

