# JRE version: Java(TM) SE Runtime Environment (8.0_161-b12) (build 1.8.0_161-b12)
# Java VM: Java HotSpot(TM) 64-Bit Server VM (25.161-b12 mixed mode bsd-amd64 compressed oops)
Heap:
 PSYoungGen      total 37376K, used 37120K [0x000000076ab00000, 0x0000000770880000, 0x00000007c0000000)
  eden space 36864K, 100% used [0x000000076ab00000,0x000000076cf00000,0x000000076cf00000)
  from space 512K, 50% used [0x0000000770780000,0x00000007707c0000,0x0000000770800000)
  to   space 512K, 37% used [0x0000000770800000,0x0000000770830000,0x0000000770880000)
 ParOldGen       total 201728K, used 138740K [0x00000006c0000000, 0x00000006cc500000, 0x000000076ab00000)
  object space 201728K, 68% used [0x00000006c0000000,0x00000006c877d340,0x00000006cc500000)
 Metaspace       used 27824K, capacity 28265K, committed 28464K, reserved 1075200K
  class space    used 3199K, capacity 3320K, committed 3376K, reserved 1048576K
GC Heap History (10 events):
Event: 3852.418 GC heap after
Heap after GC invocations=2399 (full 2):
 PSYoungGen      total 37376K, used 256K [0x000000076ab00000, 0x0000000770880000, 0x00000007c0000000)
  eden space 36864K, 0% used [0x000000076ab00000,0x000000076ab00000,0x000000076cf00000)
  from space 512K, 50% used [0x0000000770780000,0x00000007707c0000,0x0000000770800000)
  to   space 512K, 0% used [0x0000000770800000,0x0000000770800000,0x0000000770880000)
 ParOldGen       total 201728K, used 138740K [0x00000006c0000000, 0x00000006cc500000, 0x000000076ab00000)
  object space 201728K, 68% used [0x00000006c0000000,0x00000006c877d340,0x00000006cc500000)
 Metaspace       used 27824K, capacity 28265K, committed 28464K, reserved 1075200K
  class space    used 3199K, capacity 3320K, committed 3376K, reserved 1048576K
}
Event: 3853.826 GC heap before
{Heap before GC invocations=2400 (full 2):
 PSYoungGen      total 37376K, used 37120K [0x000000076ab00000, 0x0000000770880000, 0x00000007c0000000)
  eden space 36864K, 100% used [0x000000076ab00000,0x000000076cf00000,0x000000076cf00000)
  from space 512K, 50% used [0x0000000770780000,0x00000007707c0000,0x0000000770800000)
  to   space 512K, 0% used [0x0000000770800000,0x0000000770800000,0x0000000770880000)
 ParOldGen       total 201728K, used 138740K [0x00000006c0000000, 0x00000006cc500000, 0x000000076ab00000)
  object space 201728K, 68% used [0x00000006c0000000,0x00000006c877d340,0x00000006cc500000)
 Metaspace       used 27824K, capacity 28265K, committed 28464K, reserved 1075200K
  class space    used 3199K, capacity 3320K, committed 3376K, reserved 1048576K
Event: 3853.827 GC heap after
Heap after GC invocations=2400 (full 2):
 PSYoungGen      total 37376K, used 256K [0x000000076ab00000, 0x0000000770880000, 0x00000007c0000000)
  eden space 36864K, 0% used [0x000000076ab00000,0x000000076ab00000,0x000000076cf00000)
  from space 512K, 50% used [0x0000000770800000,0x0000000770840000,0x0000000770880000)
  to   space 512K, 0% used [0x0000000770780000,0x0000000770780000,0x0000000770800000)
 ParOldGen       total 201728K, used 138740K [0x00000006c0000000, 0x00000006cc500000, 0x000000076ab00000)
  object space 201728K, 68% used [0x00000006c0000000,0x00000006c877d340,0x00000006cc500000)
 Metaspace       used 27824K, capacity 28265K, committed 28464K, reserved 1075200K
  class space    used 3199K, capacity 3320K, committed 3376K, reserved 1048576K
}
Event: 3855.243 GC heap before
{Heap before GC invocations=2401 (full 2):
 PSYoungGen      total 37376K, used 37120K [0x000000076ab00000, 0x0000000770880000, 0x00000007c0000000)
  eden space 36864K, 100% used [0x000000076ab00000,0x000000076cf00000,0x000000076cf00000)
  from space 512K, 50% used [0x0000000770800000,0x0000000770840000,0x0000000770880000)
  to   space 512K, 0% used [0x0000000770780000,0x0000000770780000,0x0000000770800000)
 ParOldGen       total 201728K, used 138740K [0x00000006c0000000, 0x00000006cc500000, 0x000000076ab00000)
  object space 201728K, 68% used [0x00000006c0000000,0x00000006c877d340,0x00000006cc500000)
 Metaspace       used 27824K, capacity 28265K, committed 28464K, reserved 1075200K
  class space    used 3199K, capacity 3320K, committed 3376K, reserved 1048576K
Event: 3855.244 GC heap after
Heap after GC invocations=2401 (full 2):
 PSYoungGen      total 37376K, used 288K [0x000000076ab00000, 0x0000000770880000, 0x00000007c0000000)
  eden space 36864K, 0% used [0x000000076ab00000,0x000000076ab00000,0x000000076cf00000)
  from space 512K, 56% used [0x0000000770780000,0x00000007707c8000,0x0000000770800000)
  to   space 512K, 0% used [0x0000000770800000,0x0000000770800000,0x0000000770880000)
 ParOldGen       total 201728K, used 138740K [0x00000006c0000000, 0x00000006cc500000, 0x000000076ab00000)
  object space 201728K, 68% used [0x00000006c0000000,0x00000006c877d340,0x00000006cc500000)
 Metaspace       used 27824K, capacity 28265K, committed 28464K, reserved 1075200K
  class space    used 3199K, capacity 3320K, committed 3376K, reserved 1048576K
}
Event: 3856.641 GC heap before
{Heap before GC invocations=2402 (full 2):
 PSYoungGen      total 37376K, used 37152K [0x000000076ab00000, 0x0000000770880000, 0x00000007c0000000)
  eden space 36864K, 100% used [0x000000076ab00000,0x000000076cf00000,0x000000076cf00000)
  from space 512K, 56% used [0x0000000770780000,0x00000007707c8000,0x0000000770800000)
  to   space 512K, 0% used [0x0000000770800000,0x0000000770800000,0x0000000770880000)
 ParOldGen       total 201728K, used 138740K [0x00000006c0000000, 0x00000006cc500000, 0x000000076ab00000)
  object space 201728K, 68% used [0x00000006c0000000,0x00000006c877d340,0x00000006cc500000)
 Metaspace       used 27824K, capacity 28265K, committed 28464K, reserved 1075200K
  class space    used 3199K, capacity 3320K, committed 3376K, reserved 1048576K
Event: 3856.642 GC heap after
Heap after GC invocations=2402 (full 2):
 PSYoungGen      total 37376K, used 288K [0x000000076ab00000, 0x0000000770880000, 0x00000007c0000000)
  eden space 36864K, 0% used [0x000000076ab00000,0x000000076ab00000,0x000000076cf00000)
  from space 512K, 56% used [0x0000000770800000,0x0000000770848000,0x0000000770880000)
  to   space 512K, 0% used [0x0000000770780000,0x0000000770780000,0x0000000770800000)
 ParOldGen       total 201728K, used 138740K [0x00000006c0000000, 0x00000006cc500000, 0x000000076ab00000)
  object space 201728K, 68% used [0x00000006c0000000,0x00000006c877d340,0x00000006cc500000)
 Metaspace       used 27824K, capacity 28265K, committed 28464K, reserved 1075200K
  class space    used 3199K, capacity 3320K, committed 3376K, reserved 1048576K
}
Event: 3858.060 GC heap before
{Heap before GC invocations=2403 (full 2):
 PSYoungGen      total 37376K, used 37152K [0x000000076ab00000, 0x0000000770880000, 0x00000007c0000000)
  eden space 36864K, 100% used [0x000000076ab00000,0x000000076cf00000,0x000000076cf00000)
  from space 512K, 56% used [0x0000000770800000,0x0000000770848000,0x0000000770880000)
  to   space 512K, 0% used [0x0000000770780000,0x0000000770780000,0x0000000770800000)
 ParOldGen       total 201728K, used 138740K [0x00000006c0000000, 0x00000006cc500000, 0x000000076ab00000)
  object space 201728K, 68% used [0x00000006c0000000,0x00000006c877d340,0x00000006cc500000)
 Metaspace       used 27824K, capacity 28265K, committed 28464K, reserved 1075200K
  class space    used 3199K, capacity 3320K, committed 3376K, reserved 1048576K
Event: 3858.061 GC heap after
Heap after GC invocations=2403 (full 2):
 PSYoungGen      total 37376K, used 256K [0x000000076ab00000, 0x0000000770880000, 0x00000007c0000000)
  eden space 36864K, 0% used [0x000000076ab00000,0x000000076ab00000,0x000000076cf00000)
  from space 512K, 50% used [0x0000000770780000,0x00000007707c0000,0x0000000770800000)
  to   space 512K, 0% used [0x0000000770800000,0x0000000770800000,0x0000000770880000)
 ParOldGen       total 201728K, used 138740K [0x00000006c0000000, 0x00000006cc500000, 0x000000076ab00000)
  object space 201728K, 68% used [0x00000006c0000000,0x00000006c877d340,0x00000006cc500000)
 Metaspace       used 27824K, capacity 28265K, committed 28464K, reserved 1075200K
  class space    used 3199K, capacity 3320K, committed 3376K, reserved 1048576K
}
Event: 3859.383 GC heap before
{Heap before GC invocations=2404 (full 2):
 PSYoungGen      total 37376K, used 37120K [0x000000076ab00000, 0x0000000770880000, 0x00000007c0000000)
  eden space 36864K, 100% used [0x000000076ab00000,0x000000076cf00000,0x000000076cf00000)
  from space 512K, 50% used [0x0000000770780000,0x00000007707c0000,0x0000000770800000)
  to   space 512K, 0% used [0x0000000770800000,0x0000000770800000,0x0000000770880000)
 ParOldGen       total 201728K, used 138740K [0x00000006c0000000, 0x00000006cc500000, 0x000000076ab00000)
  object space 201728K, 68% used [0x00000006c0000000,0x00000006c877d340,0x00000006cc500000)
 Metaspace       used 27824K, capacity 28265K, committed 28464K, reserved 1075200K
  class space    used 3199K, capacity 3320K, committed 3376K, reserved 1048576K

