# JRE version: Java(TM) SE Runtime Environment (8.0_161-b12) (build 1.8.0_161-b12)
# Java VM: Java HotSpot(TM) 64-Bit Server VM (25.161-b12 mixed mode bsd-amd64 compressed oops)
Heap:
 PSYoungGen      total 425984K, used 425812K [0x0000000715580000, 0x0000000753780000, 0x00000007c0000000)
  eden space 421888K, 100% used [0x0000000715580000,0x000000072f180000,0x000000072f180000)
  from space 4096K, 95% used [0x0000000753380000,0x00000007537551a0,0x0000000753780000)
  to   space 17920K, 0% used [0x0000000751480000,0x0000000751480000,0x0000000752600000)
 ParOldGen       total 2960896K, used 2959959K [0x00000005c0000000, 0x0000000674b80000, 0x0000000715580000)
  object space 2960896K, 99% used [0x00000005c0000000,0x0000000674a95cc0,0x0000000674b80000)
 Metaspace       used 28937K, capacity 29321K, committed 29568K, reserved 1075200K
  class space    used 3248K, capacity 3340K, committed 3456K, reserved 1048576K
GC Heap History (10 events):
Event: 8227.899 GC heap after
Heap after GC invocations=1235 (full 15):
 PSYoungGen      total 442880K, used 7592K [0x0000000715580000, 0x0000000755d80000, 0x00000007c0000000)
  eden space 435200K, 0% used [0x0000000715580000,0x0000000715580000,0x000000072fe80000)
  from space 7680K, 98% used [0x0000000755600000,0x0000000755d6a340,0x0000000755d80000)
  to   space 17920K, 0% used [0x0000000753a80000,0x0000000753a80000,0x0000000754c00000)
 ParOldGen       total 2933248K, used 2722414K [0x00000005c0000000, 0x0000000673080000, 0x0000000715580000)
  object space 2933248K, 92% used [0x00000005c0000000,0x000000066629b9b0,0x0000000673080000)
 Metaspace       used 28937K, capacity 29321K, committed 29568K, reserved 1075200K
  class space    used 3248K, capacity 3340K, committed 3456K, reserved 1048576K
}
Event: 8228.950 GC heap before
{Heap before GC invocations=1236 (full 15):
 PSYoungGen      total 442880K, used 442002K [0x0000000715580000, 0x0000000755d80000, 0x00000007c0000000)
  eden space 435200K, 99% used [0x0000000715580000,0x000000072fdba588,0x000000072fe80000)
  from space 7680K, 98% used [0x0000000755600000,0x0000000755d6a340,0x0000000755d80000)
  to   space 17920K, 0% used [0x0000000753a80000,0x0000000753a80000,0x0000000754c00000)
 ParOldGen       total 2933248K, used 2722414K [0x00000005c0000000, 0x0000000673080000, 0x0000000715580000)
  object space 2933248K, 92% used [0x00000005c0000000,0x000000066629b9b0,0x0000000673080000)
 Metaspace       used 28937K, capacity 29321K, committed 29568K, reserved 1075200K
  class space    used 3248K, capacity 3340K, committed 3456K, reserved 1048576K
Event: 8228.953 GC heap after
Heap after GC invocations=1236 (full 15):
 PSYoungGen      total 435712K, used 3860K [0x0000000715580000, 0x0000000755680000, 0x00000007c0000000)
  eden space 431616K, 0% used [0x0000000715580000,0x0000000715580000,0x000000072fb00000)
  from space 4096K, 94% used [0x0000000753a80000,0x0000000753e451a0,0x0000000753e80000)
  to   space 18432K, 0% used [0x0000000754480000,0x0000000754480000,0x0000000755680000)
 ParOldGen       total 2933248K, used 2724256K [0x00000005c0000000, 0x0000000673080000, 0x0000000715580000)
  object space 2933248K, 92% used [0x00000005c0000000,0x0000000666468280,0x0000000673080000)
 Metaspace       used 28937K, capacity 29321K, committed 29568K, reserved 1075200K
  class space    used 3248K, capacity 3340K, committed 3456K, reserved 1048576K
}
Event: 8229.970 GC heap before
{Heap before GC invocations=1237 (full 15):
 PSYoungGen      total 435712K, used 434211K [0x0000000715580000, 0x0000000755680000, 0x00000007c0000000)
  eden space 431616K, 99% used [0x0000000715580000,0x000000072f9c3ca0,0x000000072fb00000)
  from space 4096K, 94% used [0x0000000753a80000,0x0000000753e451a0,0x0000000753e80000)
  to   space 18432K, 0% used [0x0000000754480000,0x0000000754480000,0x0000000755680000)
 ParOldGen       total 2933248K, used 2724256K [0x00000005c0000000, 0x0000000673080000, 0x0000000715580000)
  object space 2933248K, 92% used [0x00000005c0000000,0x0000000666468280,0x0000000673080000)
 Metaspace       used 28937K, capacity 29321K, committed 29568K, reserved 1075200K
  class space    used 3248K, capacity 3340K, committed 3456K, reserved 1048576K
Event: 8229.974 GC heap after
Heap after GC invocations=1237 (full 15):
 PSYoungGen      total 433664K, used 5630K [0x0000000715580000, 0x0000000754a00000, 0x00000007c0000000)
  eden space 428032K, 0% used [0x0000000715580000,0x0000000715580000,0x000000072f780000)
  from space 5632K, 99% used [0x0000000754480000,0x00000007549ffa70,0x0000000754a00000)
  to   space 17920K, 0% used [0x0000000752700000,0x0000000752700000,0x0000000753880000)
 ParOldGen       total 2933248K, used 2724272K [0x00000005c0000000, 0x0000000673080000, 0x0000000715580000)
  object space 2933248K, 92% used [0x00000005c0000000,0x000000066646c280,0x0000000673080000)
 Metaspace       used 28937K, capacity 29321K, committed 29568K, reserved 1075200K
  class space    used 3248K, capacity 3340K, committed 3456K, reserved 1048576K
}
Event: 8230.879 GC heap before
{Heap before GC invocations=1238 (full 15):
 PSYoungGen      total 433664K, used 432073K [0x0000000715580000, 0x0000000754a00000, 0x00000007c0000000)
  eden space 428032K, 99% used [0x0000000715580000,0x000000072f5f2aa0,0x000000072f780000)
  from space 5632K, 99% used [0x0000000754480000,0x00000007549ffa70,0x0000000754a00000)
  to   space 17920K, 0% used [0x0000000752700000,0x0000000752700000,0x0000000753880000)
 ParOldGen       total 2933248K, used 2726106K [0x00000005c0000000, 0x0000000673080000, 0x0000000715580000)
  object space 2933248K, 92% used [0x00000005c0000000,0x0000000666636b50,0x0000000673080000)
 Metaspace       used 28937K, capacity 29321K, committed 29568K, reserved 1075200K
  class space    used 3248K, capacity 3340K, committed 3456K, reserved 1048576K
Event: 8230.882 GC heap after
Heap after GC invocations=1238 (full 15):
 PSYoungGen      total 436736K, used 11293K [0x0000000715580000, 0x0000000754500000, 0x00000007c0000000)
  eden space 424960K, 0% used [0x0000000715580000,0x0000000715580000,0x000000072f480000)
  from space 11776K, 95% used [0x0000000752700000,0x00000007532074e0,0x0000000753280000)
  to   space 17920K, 0% used [0x0000000753380000,0x0000000753380000,0x0000000754500000)
 ParOldGen       total 2933248K, used 2727973K [0x00000005c0000000, 0x0000000673080000, 0x0000000715580000)
  object space 2933248K, 93% used [0x00000005c0000000,0x0000000666809420,0x0000000673080000)
 Metaspace       used 28937K, capacity 29321K, committed 29568K, reserved 1075200K
  class space    used 3248K, capacity 3340K, committed 3456K, reserved 1048576K
}
Event: 8231.900 GC heap before
{Heap before GC invocations=1239 (full 15):
 PSYoungGen      total 436736K, used 436047K [0x0000000715580000, 0x0000000754500000, 0x00000007c0000000)
  eden space 424960K, 99% used [0x0000000715580000,0x000000072f44c770,0x000000072f480000)
  from space 11776K, 95% used [0x0000000752700000,0x00000007532074e0,0x0000000753280000)
  to   space 17920K, 0% used [0x0000000753380000,0x0000000753380000,0x0000000754500000)
 ParOldGen       total 2933248K, used 2845362K [0x00000005c0000000, 0x0000000673080000, 0x0000000715580000)
  object space 2933248K, 97% used [0x00000005c0000000,0x000000066daac820,0x0000000673080000)
 Metaspace       used 28937K, capacity 29321K, committed 29568K, reserved 1075200K
  class space    used 3248K, capacity 3340K, committed 3456K, reserved 1048576K
Event: 8231.908 GC heap after
Heap after GC invocations=1239 (full 15):
 PSYoungGen      total 425984K, used 3924K [0x0000000715580000, 0x0000000753780000, 0x00000007c0000000)
  eden space 421888K, 0% used [0x0000000715580000,0x0000000715580000,0x000000072f180000)
  from space 4096K, 95% used [0x0000000753380000,0x00000007537551a0,0x0000000753780000)
  to   space 17920K, 0% used [0x0000000751480000,0x0000000751480000,0x0000000752600000)
 ParOldGen       total 2933248K, used 2847204K [0x00000005c0000000, 0x0000000673080000, 0x0000000715580000)
  object space 2933248K, 97% used [0x00000005c0000000,0x000000066dc790f0,0x0000000673080000)
 Metaspace       used 28937K, capacity 29321K, committed 29568K, reserved 1075200K
  class space    used 3248K, capacity 3340K, committed 3456K, reserved 1048576K
}
Event: 8232.905 GC heap before
{Heap before GC invocations=1240 (full 16):
 PSYoungGen      total 425984K, used 425812K [0x0000000715580000, 0x0000000753780000, 0x00000007c0000000)
  eden space 421888K, 100% used [0x0000000715580000,0x000000072f180000,0x000000072f180000)
  from space 4096K, 95% used [0x0000000753380000,0x00000007537551a0,0x0000000753780000)
  to   space 17920K, 0% used [0x0000000751480000,0x0000000751480000,0x0000000752600000)
 ParOldGen       total 2960896K, used 2959959K [0x00000005c0000000, 0x0000000674b80000, 0x0000000715580000)
  object space 2960896K, 99% used [0x00000005c0000000,0x0000000674a95cc0,0x0000000674b80000)
 Metaspace       used 28937K, capacity 29321K, committed 29568K, reserved 1075200K
  class space    used 3248K, capacity 3340K, committed 3456K, reserved 1048576K

