# JRE version: Java(TM) SE Runtime Environment (8.0_45-b14) (build 1.8.0_45-b14)
# Java VM: Java HotSpot(TM) 64-Bit Server VM (25.45-b02 mixed mode bsd-amd64 compressed oops)
Heap:
 PSYoungGen      total 111616K, used 22492K [0x000000076ab00000, 0x0000000773880000, 0x00000007c0000000)
  eden space 83968K, 3% used [0x000000076ab00000,0x000000076add7af0,0x000000076fd00000)
  from space 27648K, 70% used [0x0000000771a00000,0x0000000772d1f8b0,0x0000000773500000)
  to   space 29696K, 0% used [0x000000076fd00000,0x000000076fd00000,0x0000000771a00000)
 ParOldGen       total 114176K, used 74296K [0x00000006c0000000, 0x00000006c6f80000, 0x000000076ab00000)
  object space 114176K, 65% used [0x00000006c0000000,0x00000006c488e008,0x00000006c6f80000)
 Metaspace       used 27451K, capacity 27765K, committed 28160K, reserved 1075200K
  class space    used 3140K, capacity 3229K, committed 3328K, reserved 1048576K
GC Heap History (10 events):
Event: 989.921 GC heap before
{Heap before GC invocations=49 (full 1):
 PSYoungGen      total 82432K, used 14989K [0x000000076ab00000, 0x0000000771300000, 0x00000007c0000000)
  eden space 64512K, 0% used [0x000000076ab00000,0x000000076ab2be08,0x000000076ea00000)
  from space 17920K, 82% used [0x000000076eb00000,0x000000076f9776f8,0x000000076fc80000)
  to   space 20992K, 0% used [0x000000076fe80000,0x000000076fe80000,0x0000000771300000)
 ParOldGen       total 114176K, used 74272K [0x00000006c0000000, 0x00000006c6f80000, 0x000000076ab00000)
  object space 114176K, 65% used [0x00000006c0000000,0x00000006c4888008,0x00000006c6f80000)
 Metaspace       used 27406K, capacity 27765K, committed 28160K, reserved 1075200K
  class space    used 3135K, capacity 3229K, committed 3328K, reserved 1048576K
Event: 989.923 GC heap after
Heap after GC invocations=49 (full 1):
 PSYoungGen      total 83968K, used 12971K [0x000000076ab00000, 0x0000000772380000, 0x00000007c0000000)
  eden space 62976K, 0% used [0x000000076ab00000,0x000000076ab00000,0x000000076e880000)
  from space 20992K, 61% used [0x000000076fe80000,0x0000000770b2adb0,0x0000000771300000)
  to   space 22528K, 0% used [0x000000076e880000,0x000000076e880000,0x000000076fe80000)
 ParOldGen       total 114176K, used 74280K [0x00000006c0000000, 0x00000006c6f80000, 0x000000076ab00000)
  object space 114176K, 65% used [0x00000006c0000000,0x00000006c488a008,0x00000006c6f80000)
 Metaspace       used 27406K, capacity 27765K, committed 28160K, reserved 1075200K
  class space    used 3135K, capacity 3229K, committed 3328K, reserved 1048576K
}
Event: 1040.079 GC heap before
{Heap before GC invocations=50 (full 1):
 PSYoungGen      total 83968K, used 75947K [0x000000076ab00000, 0x0000000772380000, 0x00000007c0000000)
  eden space 62976K, 100% used [0x000000076ab00000,0x000000076e880000,0x000000076e880000)
  from space 20992K, 61% used [0x000000076fe80000,0x0000000770b2adb0,0x0000000771300000)
  to   space 22528K, 0% used [0x000000076e880000,0x000000076e880000,0x000000076fe80000)
 ParOldGen       total 114176K, used 74280K [0x00000006c0000000, 0x00000006c6f80000, 0x000000076ab00000)
  object space 114176K, 65% used [0x00000006c0000000,0x00000006c488a008,0x00000006c6f80000)
 Metaspace       used 27435K, capacity 27765K, committed 28160K, reserved 1075200K
  class space    used 3140K, capacity 3229K, committed 3328K, reserved 1048576K
Event: 1040.084 GC heap after
Heap after GC invocations=50 (full 1):
 PSYoungGen      total 85504K, used 16116K [0x000000076ab00000, 0x0000000772480000, 0x00000007c0000000)
  eden space 62976K, 0% used [0x000000076ab00000,0x000000076ab00000,0x000000076e880000)
  from space 22528K, 71% used [0x000000076e880000,0x000000076f83d088,0x000000076fe80000)
  to   space 24576K, 0% used [0x0000000770c80000,0x0000000770c80000,0x0000000772480000)
 ParOldGen       total 114176K, used 74288K [0x00000006c0000000, 0x00000006c6f80000, 0x000000076ab00000)
  object space 114176K, 65% used [0x00000006c0000000,0x00000006c488c008,0x00000006c6f80000)
 Metaspace       used 27435K, capacity 27765K, committed 28160K, reserved 1075200K
  class space    used 3140K, capacity 3229K, committed 3328K, reserved 1048576K
}
Event: 1122.225 GC heap before
{Heap before GC invocations=51 (full 1):
 PSYoungGen      total 85504K, used 79092K [0x000000076ab00000, 0x0000000772480000, 0x00000007c0000000)
  eden space 62976K, 100% used [0x000000076ab00000,0x000000076e880000,0x000000076e880000)
  from space 22528K, 71% used [0x000000076e880000,0x000000076f83d088,0x000000076fe80000)
  to   space 24576K, 0% used [0x0000000770c80000,0x0000000770c80000,0x0000000772480000)
 ParOldGen       total 114176K, used 74288K [0x00000006c0000000, 0x00000006c6f80000, 0x000000076ab00000)
  object space 114176K, 65% used [0x00000006c0000000,0x00000006c488c008,0x00000006c6f80000)
 Metaspace       used 27439K, capacity 27765K, committed 28160K, reserved 1075200K
  class space    used 3140K, capacity 3229K, committed 3328K, reserved 1048576K
Event: 1122.239 GC heap after
Heap after GC invocations=51 (full 1):
 PSYoungGen      total 97280K, used 18065K [0x000000076ab00000, 0x0000000772980000, 0x00000007c0000000)
  eden space 72704K, 0% used [0x000000076ab00000,0x000000076ab00000,0x000000076f200000)
  from space 24576K, 73% used [0x0000000770c80000,0x0000000771e24730,0x0000000772480000)
  to   space 27136K, 0% used [0x000000076f200000,0x000000076f200000,0x0000000770c80000)
 ParOldGen       total 114176K, used 74296K [0x00000006c0000000, 0x00000006c6f80000, 0x000000076ab00000)
  object space 114176K, 65% used [0x00000006c0000000,0x00000006c488e008,0x00000006c6f80000)
 Metaspace       used 27439K, capacity 27765K, committed 28160K, reserved 1075200K
  class space    used 3140K, capacity 3229K, committed 3328K, reserved 1048576K
}
Event: 1223.401 GC heap before
{Heap before GC invocations=52 (full 1):
 PSYoungGen      total 97280K, used 90769K [0x000000076ab00000, 0x0000000772980000, 0x00000007c0000000)
  eden space 72704K, 100% used [0x000000076ab00000,0x000000076f200000,0x000000076f200000)
  from space 24576K, 73% used [0x0000000770c80000,0x0000000771e24730,0x0000000772480000)
  to   space 27136K, 0% used [0x000000076f200000,0x000000076f200000,0x0000000770c80000)
 ParOldGen       total 114176K, used 74296K [0x00000006c0000000, 0x00000006c6f80000, 0x000000076ab00000)
  object space 114176K, 65% used [0x00000006c0000000,0x00000006c488e008,0x00000006c6f80000)
 Metaspace       used 27446K, capacity 27765K, committed 28160K, reserved 1075200K
  class space    used 3140K, capacity 3229K, committed 3328K, reserved 1048576K
Event: 1223.432 GC heap after
Heap after GC invocations=52 (full 1):
 PSYoungGen      total 99840K, used 12952K [0x000000076ab00000, 0x0000000773500000, 0x00000007c0000000)
  eden space 72704K, 0% used [0x000000076ab00000,0x000000076ab00000,0x000000076f200000)
  from space 27136K, 47% used [0x000000076f200000,0x000000076fea63e8,0x0000000770c80000)
  to   space 27648K, 0% used [0x0000000771a00000,0x0000000771a00000,0x0000000773500000)
 ParOldGen       total 114176K, used 74296K [0x00000006c0000000, 0x00000006c6f80000, 0x000000076ab00000)
  object space 114176K, 65% used [0x00000006c0000000,0x00000006c488e008,0x00000006c6f80000)
 Metaspace       used 27446K, capacity 27765K, committed 28160K, reserved 1075200K
  class space    used 3140K, capacity 3229K, committed 3328K, reserved 1048576K
}
Event: 1337.824 GC heap before
{Heap before GC invocations=53 (full 1):
 PSYoungGen      total 99840K, used 85656K [0x000000076ab00000, 0x0000000773500000, 0x00000007c0000000)
  eden space 72704K, 100% used [0x000000076ab00000,0x000000076f200000,0x000000076f200000)
  from space 27136K, 47% used [0x000000076f200000,0x000000076fea63e8,0x0000000770c80000)
  to   space 27648K, 0% used [0x0000000771a00000,0x0000000771a00000,0x0000000773500000)
 ParOldGen       total 114176K, used 74296K [0x00000006c0000000, 0x00000006c6f80000, 0x000000076ab00000)
  object space 114176K, 65% used [0x00000006c0000000,0x00000006c488e008,0x00000006c6f80000)
 Metaspace       used 27451K, capacity 27765K, committed 28160K, reserved 1075200K
  class space    used 3140K, capacity 3229K, committed 3328K, reserved 1048576K
Event: 1337.834 GC heap after
Heap after GC invocations=53 (full 1):
 PSYoungGen      total 111616K, used 19582K [0x000000076ab00000, 0x0000000773880000, 0x00000007c0000000)
  eden space 83968K, 0% used [0x000000076ab00000,0x000000076ab00000,0x000000076fd00000)
  from space 27648K, 70% used [0x0000000771a00000,0x0000000772d1f8b0,0x0000000773500000)
  to   space 29696K, 0% used [0x000000076fd00000,0x000000076fd00000,0x0000000771a00000)
 ParOldGen       total 114176K, used 74296K [0x00000006c0000000, 0x00000006c6f80000, 0x000000076ab00000)
  object space 114176K, 65% used [0x00000006c0000000,0x00000006c488e008,0x00000006c6f80000)
 Metaspace       used 27451K, capacity 27765K, committed 28160K, reserved 1075200K
  class space    used 3140K, capacity 3229K, committed 3328K, reserved 1048576K
}

