# JRE version: Java(TM) SE Runtime Environment (8.0_161-b12) (build 1.8.0_161-b12)
# Java VM: Java HotSpot(TM) 64-Bit Server VM (25.161-b12 mixed mode bsd-amd64 compressed oops)
Heap:
 PSYoungGen      total 36864K, used 16129K [0x000000076ab00000, 0x0000000775e80000, 0x00000007c0000000)
  eden space 36352K, 43% used [0x000000076ab00000,0x000000076ba78730,0x000000076ce80000)
  from space 512K, 56% used [0x0000000775e00000,0x0000000775e48000,0x0000000775e80000)
  to   space 512K, 0% used [0x0000000775d80000,0x0000000775d80000,0x0000000775e00000)
 ParOldGen       total 209920K, used 124713K [0x00000006c0000000, 0x00000006ccd00000, 0x000000076ab00000)
  object space 209920K, 59% used [0x00000006c0000000,0x00000006c79ca620,0x00000006ccd00000)
 Metaspace       used 27852K, capacity 28227K, committed 28464K, reserved 1075200K
  class space    used 3204K, capacity 3291K, committed 3376K, reserved 1048576K
GC Heap History (10 events):
Event: 3388.624 GC heap before
{Heap before GC invocations=2434 (full 2):
 PSYoungGen      total 36864K, used 36608K [0x000000076ab00000, 0x0000000775e80000, 0x00000007c0000000)
  eden space 36352K, 100% used [0x000000076ab00000,0x000000076ce80000,0x000000076ce80000)
  from space 512K, 50% used [0x0000000775d80000,0x0000000775dc0000,0x0000000775e00000)
  to   space 512K, 0% used [0x0000000775e00000,0x0000000775e00000,0x0000000775e80000)
 ParOldGen       total 209920K, used 124705K [0x00000006c0000000, 0x00000006ccd00000, 0x000000076ab00000)
  object space 209920K, 59% used [0x00000006c0000000,0x00000006c79c8620,0x00000006ccd00000)
 Metaspace       used 27852K, capacity 28227K, committed 28464K, reserved 1075200K
  class space    used 3204K, capacity 3291K, committed 3376K, reserved 1048576K
Event: 3388.626 GC heap after
Heap after GC invocations=2434 (full 2):
 PSYoungGen      total 36864K, used 256K [0x000000076ab00000, 0x0000000775e80000, 0x00000007c0000000)
  eden space 36352K, 0% used [0x000000076ab00000,0x000000076ab00000,0x000000076ce80000)
  from space 512K, 50% used [0x0000000775e00000,0x0000000775e40000,0x0000000775e80000)
  to   space 512K, 0% used [0x0000000775d80000,0x0000000775d80000,0x0000000775e00000)
 ParOldGen       total 209920K, used 124705K [0x00000006c0000000, 0x00000006ccd00000, 0x000000076ab00000)
  object space 209920K, 59% used [0x00000006c0000000,0x00000006c79c8620,0x00000006ccd00000)
 Metaspace       used 27852K, capacity 28227K, committed 28464K, reserved 1075200K
  class space    used 3204K, capacity 3291K, committed 3376K, reserved 1048576K
}
Event: 3389.822 GC heap before
{Heap before GC invocations=2435 (full 2):
 PSYoungGen      total 36864K, used 36608K [0x000000076ab00000, 0x0000000775e80000, 0x00000007c0000000)
  eden space 36352K, 100% used [0x000000076ab00000,0x000000076ce80000,0x000000076ce80000)
  from space 512K, 50% used [0x0000000775e00000,0x0000000775e40000,0x0000000775e80000)
  to   space 512K, 0% used [0x0000000775d80000,0x0000000775d80000,0x0000000775e00000)
 ParOldGen       total 209920K, used 124705K [0x00000006c0000000, 0x00000006ccd00000, 0x000000076ab00000)
  object space 209920K, 59% used [0x00000006c0000000,0x00000006c79c8620,0x00000006ccd00000)
 Metaspace       used 27852K, capacity 28227K, committed 28464K, reserved 1075200K
  class space    used 3204K, capacity 3291K, committed 3376K, reserved 1048576K
Event: 3389.823 GC heap after
Heap after GC invocations=2435 (full 2):
 PSYoungGen      total 36864K, used 288K [0x000000076ab00000, 0x0000000775e80000, 0x00000007c0000000)
  eden space 36352K, 0% used [0x000000076ab00000,0x000000076ab00000,0x000000076ce80000)
  from space 512K, 56% used [0x0000000775d80000,0x0000000775dc8000,0x0000000775e00000)
  to   space 512K, 0% used [0x0000000775e00000,0x0000000775e00000,0x0000000775e80000)
 ParOldGen       total 209920K, used 124713K [0x00000006c0000000, 0x00000006ccd00000, 0x000000076ab00000)
  object space 209920K, 59% used [0x00000006c0000000,0x00000006c79ca620,0x00000006ccd00000)
 Metaspace       used 27852K, capacity 28227K, committed 28464K, reserved 1075200K
  class space    used 3204K, capacity 3291K, committed 3376K, reserved 1048576K
}
Event: 3390.986 GC heap before
{Heap before GC invocations=2436 (full 2):
 PSYoungGen      total 36864K, used 36640K [0x000000076ab00000, 0x0000000775e80000, 0x00000007c0000000)
  eden space 36352K, 100% used [0x000000076ab00000,0x000000076ce80000,0x000000076ce80000)
  from space 512K, 56% used [0x0000000775d80000,0x0000000775dc8000,0x0000000775e00000)
  to   space 512K, 0% used [0x0000000775e00000,0x0000000775e00000,0x0000000775e80000)
 ParOldGen       total 209920K, used 124713K [0x00000006c0000000, 0x00000006ccd00000, 0x000000076ab00000)
  object space 209920K, 59% used [0x00000006c0000000,0x00000006c79ca620,0x00000006ccd00000)
 Metaspace       used 27852K, capacity 28227K, committed 28464K, reserved 1075200K
  class space    used 3204K, capacity 3291K, committed 3376K, reserved 1048576K
Event: 3390.988 GC heap after
Heap after GC invocations=2436 (full 2):
 PSYoungGen      total 36864K, used 288K [0x000000076ab00000, 0x0000000775e80000, 0x00000007c0000000)
  eden space 36352K, 0% used [0x000000076ab00000,0x000000076ab00000,0x000000076ce80000)
  from space 512K, 56% used [0x0000000775e00000,0x0000000775e48000,0x0000000775e80000)
  to   space 512K, 0% used [0x0000000775d80000,0x0000000775d80000,0x0000000775e00000)
 ParOldGen       total 209920K, used 124713K [0x00000006c0000000, 0x00000006ccd00000, 0x000000076ab00000)
  object space 209920K, 59% used [0x00000006c0000000,0x00000006c79ca620,0x00000006ccd00000)
 Metaspace       used 27852K, capacity 28227K, committed 28464K, reserved 1075200K
  class space    used 3204K, capacity 3291K, committed 3376K, reserved 1048576K
}
Event: 3392.173 GC heap before
{Heap before GC invocations=2437 (full 2):
 PSYoungGen      total 36864K, used 36640K [0x000000076ab00000, 0x0000000775e80000, 0x00000007c0000000)
  eden space 36352K, 100% used [0x000000076ab00000,0x000000076ce80000,0x000000076ce80000)
  from space 512K, 56% used [0x0000000775e00000,0x0000000775e48000,0x0000000775e80000)
  to   space 512K, 0% used [0x0000000775d80000,0x0000000775d80000,0x0000000775e00000)
 ParOldGen       total 209920K, used 124713K [0x00000006c0000000, 0x00000006ccd00000, 0x000000076ab00000)
  object space 209920K, 59% used [0x00000006c0000000,0x00000006c79ca620,0x00000006ccd00000)
 Metaspace       used 27852K, capacity 28227K, committed 28464K, reserved 1075200K
  class space    used 3204K, capacity 3291K, committed 3376K, reserved 1048576K
Event: 3392.175 GC heap after
Heap after GC invocations=2437 (full 2):
 PSYoungGen      total 36864K, used 256K [0x000000076ab00000, 0x0000000775e80000, 0x00000007c0000000)
  eden space 36352K, 0% used [0x000000076ab00000,0x000000076ab00000,0x000000076ce80000)
  from space 512K, 50% used [0x0000000775d80000,0x0000000775dc0000,0x0000000775e00000)
  to   space 512K, 0% used [0x0000000775e00000,0x0000000775e00000,0x0000000775e80000)
 ParOldGen       total 209920K, used 124713K [0x00000006c0000000, 0x00000006ccd00000, 0x000000076ab00000)
  object space 209920K, 59% used [0x00000006c0000000,0x00000006c79ca620,0x00000006ccd00000)
 Metaspace       used 27852K, capacity 28227K, committed 28464K, reserved 1075200K
  class space    used 3204K, capacity 3291K, committed 3376K, reserved 1048576K
}
Event: 3393.373 GC heap before
{Heap before GC invocations=2438 (full 2):
 PSYoungGen      total 36864K, used 36608K [0x000000076ab00000, 0x0000000775e80000, 0x00000007c0000000)
  eden space 36352K, 100% used [0x000000076ab00000,0x000000076ce80000,0x000000076ce80000)
  from space 512K, 50% used [0x0000000775d80000,0x0000000775dc0000,0x0000000775e00000)
  to   space 512K, 0% used [0x0000000775e00000,0x0000000775e00000,0x0000000775e80000)
 ParOldGen       total 209920K, used 124713K [0x00000006c0000000, 0x00000006ccd00000, 0x000000076ab00000)
  object space 209920K, 59% used [0x00000006c0000000,0x00000006c79ca620,0x00000006ccd00000)
 Metaspace       used 27852K, capacity 28227K, committed 28464K, reserved 1075200K
  class space    used 3204K, capacity 3291K, committed 3376K, reserved 1048576K
Event: 3393.375 GC heap after
Heap after GC invocations=2438 (full 2):
 PSYoungGen      total 36864K, used 288K [0x000000076ab00000, 0x0000000775e80000, 0x00000007c0000000)
  eden space 36352K, 0% used [0x000000076ab00000,0x000000076ab00000,0x000000076ce80000)
  from space 512K, 56% used [0x0000000775e00000,0x0000000775e48000,0x0000000775e80000)
  to   space 512K, 0% used [0x0000000775d80000,0x0000000775d80000,0x0000000775e00000)
 ParOldGen       total 209920K, used 124713K [0x00000006c0000000, 0x00000006ccd00000, 0x000000076ab00000)
  object space 209920K, 59% used [0x00000006c0000000,0x00000006c79ca620,0x00000006ccd00000)
 Metaspace       used 27852K, capacity 28227K, committed 28464K, reserved 1075200K
  class space    used 3204K, capacity 3291K, committed 3376K, reserved 1048576K
}

