# JRE version: Java(TM) SE Runtime Environment (8.0_45-b14) (build 1.8.0_45-b14)
# Java VM: Java HotSpot(TM) 64-Bit Server VM (25.45-b02 mixed mode bsd-amd64 compressed oops)
Heap:
 PSYoungGen      total 32768K, used 26376K [0x000000076ab00000, 0x000000076cc00000, 0x00000007c0000000)
  eden space 32256K, 80% used [0x000000076ab00000,0x000000076c47a1a8,0x000000076ca80000)
  from space 512K, 56% used [0x000000076cb00000,0x000000076cb48000,0x000000076cb80000)
  to   space 512K, 0% used [0x000000076cb80000,0x000000076cb80000,0x000000076cc00000)
 ParOldGen       total 222720K, used 153954K [0x00000006c0000000, 0x00000006cd980000, 0x000000076ab00000)
  object space 222720K, 69% used [0x00000006c0000000,0x00000006c96589c8,0x00000006cd980000)
 Metaspace       used 27701K, capacity 28115K, committed 28464K, reserved 1075200K
  class space    used 3164K, capacity 3270K, committed 3376K, reserved 1048576K
GC Heap History (10 events):
Event: 1445.177 GC heap before
{Heap before GC invocations=369 (full 2):
 PSYoungGen      total 32768K, used 32544K [0x000000076ab00000, 0x000000076cc00000, 0x00000007c0000000)
  eden space 32256K, 100% used [0x000000076ab00000,0x000000076ca80000,0x000000076ca80000)
  from space 512K, 56% used [0x000000076cb80000,0x000000076cbc8000,0x000000076cc00000)
  to   space 512K, 0% used [0x000000076cb00000,0x000000076cb00000,0x000000076cb80000)
 ParOldGen       total 222720K, used 153936K [0x00000006c0000000, 0x00000006cd980000, 0x000000076ab00000)
  object space 222720K, 69% used [0x00000006c0000000,0x00000006c96541e8,0x00000006cd980000)
 Metaspace       used 27701K, capacity 28115K, committed 28464K, reserved 1075200K
  class space    used 3164K, capacity 3270K, committed 3376K, reserved 1048576K
Event: 1445.178 GC heap after
Heap after GC invocations=369 (full 2):
 PSYoungGen      total 32768K, used 256K [0x000000076ab00000, 0x000000076cc00000, 0x00000007c0000000)
  eden space 32256K, 0% used [0x000000076ab00000,0x000000076ab00000,0x000000076ca80000)
  from space 512K, 50% used [0x000000076cb00000,0x000000076cb40000,0x000000076cb80000)
  to   space 512K, 0% used [0x000000076cb80000,0x000000076cb80000,0x000000076cc00000)
 ParOldGen       total 222720K, used 153952K [0x00000006c0000000, 0x00000006cd980000, 0x000000076ab00000)
  object space 222720K, 69% used [0x00000006c0000000,0x00000006c96581e8,0x00000006cd980000)
 Metaspace       used 27701K, capacity 28115K, committed 28464K, reserved 1075200K
  class space    used 3164K, capacity 3270K, committed 3376K, reserved 1048576K
}
Event: 1446.245 GC heap before
{Heap before GC invocations=370 (full 2):
 PSYoungGen      total 32768K, used 32512K [0x000000076ab00000, 0x000000076cc00000, 0x00000007c0000000)
  eden space 32256K, 100% used [0x000000076ab00000,0x000000076ca80000,0x000000076ca80000)
  from space 512K, 50% used [0x000000076cb00000,0x000000076cb40000,0x000000076cb80000)
  to   space 512K, 0% used [0x000000076cb80000,0x000000076cb80000,0x000000076cc00000)
 ParOldGen       total 222720K, used 153954K [0x00000006c0000000, 0x00000006cd980000, 0x000000076ab00000)
  object space 222720K, 69% used [0x00000006c0000000,0x00000006c96589c8,0x00000006cd980000)
 Metaspace       used 27701K, capacity 28115K, committed 28464K, reserved 1075200K
  class space    used 3164K, capacity 3270K, committed 3376K, reserved 1048576K
Event: 1446.246 GC heap after
Heap after GC invocations=370 (full 2):
 PSYoungGen      total 32768K, used 256K [0x000000076ab00000, 0x000000076cc00000, 0x00000007c0000000)
  eden space 32256K, 0% used [0x000000076ab00000,0x000000076ab00000,0x000000076ca80000)
  from space 512K, 50% used [0x000000076cb80000,0x000000076cbc0000,0x000000076cc00000)
  to   space 512K, 0% used [0x000000076cb00000,0x000000076cb00000,0x000000076cb80000)
 ParOldGen       total 222720K, used 153954K [0x00000006c0000000, 0x00000006cd980000, 0x000000076ab00000)
  object space 222720K, 69% used [0x00000006c0000000,0x00000006c96589c8,0x00000006cd980000)
 Metaspace       used 27701K, capacity 28115K, committed 28464K, reserved 1075200K
  class space    used 3164K, capacity 3270K, committed 3376K, reserved 1048576K
}
Event: 1447.276 GC heap before
{Heap before GC invocations=371 (full 2):
 PSYoungGen      total 32768K, used 32512K [0x000000076ab00000, 0x000000076cc00000, 0x00000007c0000000)
  eden space 32256K, 100% used [0x000000076ab00000,0x000000076ca80000,0x000000076ca80000)
  from space 512K, 50% used [0x000000076cb80000,0x000000076cbc0000,0x000000076cc00000)
  to   space 512K, 0% used [0x000000076cb00000,0x000000076cb00000,0x000000076cb80000)
 ParOldGen       total 222720K, used 153954K [0x00000006c0000000, 0x00000006cd980000, 0x000000076ab00000)
  object space 222720K, 69% used [0x00000006c0000000,0x00000006c96589c8,0x00000006cd980000)
 Metaspace       used 27701K, capacity 28115K, committed 28464K, reserved 1075200K
  class space    used 3164K, capacity 3270K, committed 3376K, reserved 1048576K
Event: 1447.277 GC heap after
Heap after GC invocations=371 (full 2):
 PSYoungGen      total 32768K, used 288K [0x000000076ab00000, 0x000000076cc00000, 0x00000007c0000000)
  eden space 32256K, 0% used [0x000000076ab00000,0x000000076ab00000,0x000000076ca80000)
  from space 512K, 56% used [0x000000076cb00000,0x000000076cb48000,0x000000076cb80000)
  to   space 512K, 0% used [0x000000076cb80000,0x000000076cb80000,0x000000076cc00000)
 ParOldGen       total 222720K, used 153954K [0x00000006c0000000, 0x00000006cd980000, 0x000000076ab00000)
  object space 222720K, 69% used [0x00000006c0000000,0x00000006c96589c8,0x00000006cd980000)
 Metaspace       used 27701K, capacity 28115K, committed 28464K, reserved 1075200K
  class space    used 3164K, capacity 3270K, committed 3376K, reserved 1048576K
}
Event: 1448.320 GC heap before
{Heap before GC invocations=372 (full 2):
 PSYoungGen      total 32768K, used 32544K [0x000000076ab00000, 0x000000076cc00000, 0x00000007c0000000)
  eden space 32256K, 100% used [0x000000076ab00000,0x000000076ca80000,0x000000076ca80000)
  from space 512K, 56% used [0x000000076cb00000,0x000000076cb48000,0x000000076cb80000)
  to   space 512K, 0% used [0x000000076cb80000,0x000000076cb80000,0x000000076cc00000)
 ParOldGen       total 222720K, used 153954K [0x00000006c0000000, 0x00000006cd980000, 0x000000076ab00000)
  object space 222720K, 69% used [0x00000006c0000000,0x00000006c96589c8,0x00000006cd980000)
 Metaspace       used 27701K, capacity 28115K, committed 28464K, reserved 1075200K
  class space    used 3164K, capacity 3270K, committed 3376K, reserved 1048576K
Event: 1448.322 GC heap after
Heap after GC invocations=372 (full 2):
 PSYoungGen      total 32768K, used 256K [0x000000076ab00000, 0x000000076cc00000, 0x00000007c0000000)
  eden space 32256K, 0% used [0x000000076ab00000,0x000000076ab00000,0x000000076ca80000)
  from space 512K, 50% used [0x000000076cb80000,0x000000076cbc0000,0x000000076cc00000)
  to   space 512K, 0% used [0x000000076cb00000,0x000000076cb00000,0x000000076cb80000)
 ParOldGen       total 222720K, used 153954K [0x00000006c0000000, 0x00000006cd980000, 0x000000076ab00000)
  object space 222720K, 69% used [0x00000006c0000000,0x00000006c96589c8,0x00000006cd980000)
 Metaspace       used 27701K, capacity 28115K, committed 28464K, reserved 1075200K
  class space    used 3164K, capacity 3270K, committed 3376K, reserved 1048576K
}
Event: 1449.389 GC heap before
{Heap before GC invocations=373 (full 2):
 PSYoungGen      total 32768K, used 32512K [0x000000076ab00000, 0x000000076cc00000, 0x00000007c0000000)
  eden space 32256K, 100% used [0x000000076ab00000,0x000000076ca80000,0x000000076ca80000)
  from space 512K, 50% used [0x000000076cb80000,0x000000076cbc0000,0x000000076cc00000)
  to   space 512K, 0% used [0x000000076cb00000,0x000000076cb00000,0x000000076cb80000)
 ParOldGen       total 222720K, used 153954K [0x00000006c0000000, 0x00000006cd980000, 0x000000076ab00000)
  object space 222720K, 69% used [0x00000006c0000000,0x00000006c96589c8,0x00000006cd980000)
 Metaspace       used 27701K, capacity 28115K, committed 28464K, reserved 1075200K
  class space    used 3164K, capacity 3270K, committed 3376K, reserved 1048576K
Event: 1449.390 GC heap after
Heap after GC invocations=373 (full 2):
 PSYoungGen      total 32768K, used 288K [0x000000076ab00000, 0x000000076cc00000, 0x00000007c0000000)
  eden space 32256K, 0% used [0x000000076ab00000,0x000000076ab00000,0x000000076ca80000)
  from space 512K, 56% used [0x000000076cb00000,0x000000076cb48000,0x000000076cb80000)
  to   space 512K, 0% used [0x000000076cb80000,0x000000076cb80000,0x000000076cc00000)
 ParOldGen       total 222720K, used 153954K [0x00000006c0000000, 0x00000006cd980000, 0x000000076ab00000)
  object space 222720K, 69% used [0x00000006c0000000,0x00000006c96589c8,0x00000006cd980000)
 Metaspace       used 27701K, capacity 28115K, committed 28464K, reserved 1075200K
  class space    used 3164K, capacity 3270K, committed 3376K, reserved 1048576K
}

